ERROR - 2024-01-16 13:58:12 --> Error connecting to the database: mysqli_sql_exception: Access denied for user 'root'@'localhost' (using password: NO) in C:\laragon\www\CoffeeLedger\system\Database\MySQLi\Connection.php:185
Stack trace:
#0 C:\laragon\www\CoffeeLedger\system\Database\MySQLi\Connection.php(185): mysqli->real_connect('localhost', 'root', '', 'coffeedb', 3306, '', 0)
#1 C:\laragon\www\CoffeeLedger\system\Database\BaseConnection.php(391): CodeIgniter\Database\MySQLi\Connection->connect(false)
#2 C:\laragon\www\CoffeeLedger\system\Database\BaseConnection.php(574): CodeIgniter\Database\BaseConnection->initialize()
#3 C:\laragon\www\CoffeeLedger\system\Database\BaseBuilder.php(1615): CodeIgniter\Database\BaseConnection->query('SELECT *\nFROM `...', Array, false)
#4 C:\laragon\www\CoffeeLedger\system\Model.php(199): CodeIgniter\Database\BaseBuilder->get()
#5 C:\laragon\www\CoffeeLedger\system\BaseModel.php(563): CodeIgniter\Model->doFind(false, NULL)
#6 C:\laragon\www\CoffeeLedger\app\Controllers\AdminController.php(21): CodeIgniter\BaseModel->find()
#7 C:\laragon\www\CoffeeLedger\system\CodeIgniter.php(919): App\Controllers\AdminController->edit('3')
#8 C:\laragon\www\CoffeeLedger\system\CodeIgniter.php(494): CodeIgniter\CodeIgniter->runController(Object(App\Controllers\AdminController))
#9 C:\laragon\www\CoffeeLedger\system\CodeIgniter.php(353): CodeIgniter\CodeIgniter->handleRequest(NULL, Object(Config\Cache), false)
#10 C:\laragon\www\CoffeeLedger\public\index.php(79): CodeIgniter\CodeIgniter->run()
#11 C:\laragon\www\CoffeeLedger\system\Commands\Server\rewrite.php(47): require_once('C:\\laragon\\www\\...')
#12 {main}

Next CodeIgniter\Database\Exceptions\DatabaseException: Access denied for user '****'@'localhost' (using password: NO) in C:\laragon\www\CoffeeLedger\system\Database\MySQLi\Connection.php:229
Stack trace:
#0 C:\laragon\www\CoffeeLedger\system\Database\BaseConnection.php(391): CodeIgniter\Database\MySQLi\Connection->connect(false)
#1 C:\laragon\www\CoffeeLedger\system\Database\BaseConnection.php(574): CodeIgniter\Database\BaseConnection->initialize()
#2 C:\laragon\www\CoffeeLedger\system\Database\BaseBuilder.php(1615): CodeIgniter\Database\BaseConnection->query('SELECT *\nFROM `...', Array, false)
#3 C:\laragon\www\CoffeeLedger\system\Model.php(199): CodeIgniter\Database\BaseBuilder->get()
#4 C:\laragon\www\CoffeeLedger\system\BaseModel.php(563): CodeIgniter\Model->doFind(false, NULL)
#5 C:\laragon\www\CoffeeLedger\app\Controllers\AdminController.php(21): CodeIgniter\BaseModel->find()
#6 C:\laragon\www\CoffeeLedger\system\CodeIgniter.php(919): App\Controllers\AdminController->edit('3')
#7 C:\laragon\www\CoffeeLedger\system\CodeIgniter.php(494): CodeIgniter\CodeIgniter->runController(Object(App\Controllers\AdminController))
#8 C:\laragon\www\CoffeeLedger\system\CodeIgniter.php(353): CodeIgniter\CodeIgniter->handleRequest(NULL, Object(Config\Cache), false)
#9 C:\laragon\www\CoffeeLedger\public\index.php(79): CodeIgniter\CodeIgniter->run()
#10 C:\laragon\www\CoffeeLedger\system\Commands\Server\rewrite.php(47): require_once('C:\\laragon\\www\\...')
#11 {main}
CRITICAL - 2024-01-16 13:58:12 --> Unable to connect to the database.
Main connection [MySQLi]: Access denied for user '****'@'localhost' (using password: NO)
in SYSTEMPATH\Database\BaseConnection.php on line 427.
 1 SYSTEMPATH\Database\BaseConnection.php(574): CodeIgniter\Database\BaseConnection->initialize()
 2 SYSTEMPATH\Database\BaseBuilder.php(1615): CodeIgniter\Database\BaseConnection->query('SELECT *
FROM `users`
WHERE `user_id` = :user_id:', [...], false)
 3 SYSTEMPATH\Model.php(199): CodeIgniter\Database\BaseBuilder->get()
 4 SYSTEMPATH\BaseModel.php(563): CodeIgniter\Model->doFind(false, null)
 5 APPPATH\Controllers\AdminController.php(21): CodeIgniter\BaseModel->find()
 6 SYSTEMPATH\CodeIgniter.php(919): App\Controllers\AdminController->edit('3')
 7 SYSTEMPATH\CodeIgniter.php(494): CodeIgniter\CodeIgniter->runController(Object(App\Controllers\AdminController))
 8 SYSTEMPATH\CodeIgniter.php(353): CodeIgniter\CodeIgniter->handleRequest(null, Object(Config\Cache), false)
 9 FCPATH\index.php(79): CodeIgniter\CodeIgniter->run()
10 SYSTEMPATH\Commands\Server\rewrite.php(47): require_once('C:\\laragon\\www\\CoffeeLedger\\public\\index.php')
CRITICAL - 2024-01-16 14:06:27 --> Array to string conversion
in APPPATH\Controllers\AdminController.php on line 25.
 1 APPPATH\Controllers\AdminController.php(25): CodeIgniter\Debug\Exceptions->errorHandler(2, 'Array to string conversion', 'C:\\laragon\\www\\CoffeeLedger\\app\\Controllers\\AdminController.php', 25)
 2 SYSTEMPATH\CodeIgniter.php(919): App\Controllers\AdminController->edit('hello')
 3 SYSTEMPATH\CodeIgniter.php(494): CodeIgniter\CodeIgniter->runController(Object(App\Controllers\AdminController))
 4 SYSTEMPATH\CodeIgniter.php(353): CodeIgniter\CodeIgniter->handleRequest(null, Object(Config\Cache), false)
 5 FCPATH\index.php(79): CodeIgniter\CodeIgniter->run()
 6 SYSTEMPATH\Commands\Server\rewrite.php(47): require_once('C:\\laragon\\www\\CoffeeLedger\\public\\index.php')
CRITICAL - 2024-01-16 14:06:28 --> Array to string conversion
in APPPATH\Controllers\AdminController.php on line 25.
 1 APPPATH\Controllers\AdminController.php(25): CodeIgniter\Debug\Exceptions->errorHandler(2, 'Array to string conversion', 'C:\\laragon\\www\\CoffeeLedger\\app\\Controllers\\AdminController.php', 25)
 2 SYSTEMPATH\CodeIgniter.php(919): App\Controllers\AdminController->edit('hello')
 3 SYSTEMPATH\CodeIgniter.php(494): CodeIgniter\CodeIgniter->runController(Object(App\Controllers\AdminController))
 4 SYSTEMPATH\CodeIgniter.php(353): CodeIgniter\CodeIgniter->handleRequest(null, Object(Config\Cache), false)
 5 FCPATH\index.php(79): CodeIgniter\CodeIgniter->run()
 6 SYSTEMPATH\Commands\Server\rewrite.php(47): require_once('C:\\laragon\\www\\CoffeeLedger\\public\\index.php')
CRITICAL - 2024-01-16 14:06:29 --> Array to string conversion
in APPPATH\Controllers\AdminController.php on line 25.
 1 APPPATH\Controllers\AdminController.php(25): CodeIgniter\Debug\Exceptions->errorHandler(2, 'Array to string conversion', 'C:\\laragon\\www\\CoffeeLedger\\app\\Controllers\\AdminController.php', 25)
 2 SYSTEMPATH\CodeIgniter.php(919): App\Controllers\AdminController->edit('hello')
 3 SYSTEMPATH\CodeIgniter.php(494): CodeIgniter\CodeIgniter->runController(Object(App\Controllers\AdminController))
 4 SYSTEMPATH\CodeIgniter.php(353): CodeIgniter\CodeIgniter->handleRequest(null, Object(Config\Cache), false)
 5 FCPATH\index.php(79): CodeIgniter\CodeIgniter->run()
 6 SYSTEMPATH\Commands\Server\rewrite.php(47): require_once('C:\\laragon\\www\\CoffeeLedger\\public\\index.php')
CRITICAL - 2024-01-16 14:06:29 --> Array to string conversion
in APPPATH\Controllers\AdminController.php on line 25.
 1 APPPATH\Controllers\AdminController.php(25): CodeIgniter\Debug\Exceptions->errorHandler(2, 'Array to string conversion', 'C:\\laragon\\www\\CoffeeLedger\\app\\Controllers\\AdminController.php', 25)
 2 SYSTEMPATH\CodeIgniter.php(919): App\Controllers\AdminController->edit('hello')
 3 SYSTEMPATH\CodeIgniter.php(494): CodeIgniter\CodeIgniter->runController(Object(App\Controllers\AdminController))
 4 SYSTEMPATH\CodeIgniter.php(353): CodeIgniter\CodeIgniter->handleRequest(null, Object(Config\Cache), false)
 5 FCPATH\index.php(79): CodeIgniter\CodeIgniter->run()
 6 SYSTEMPATH\Commands\Server\rewrite.php(47): require_once('C:\\laragon\\www\\CoffeeLedger\\public\\index.php')
CRITICAL - 2024-01-16 14:06:30 --> Array to string conversion
in APPPATH\Controllers\AdminController.php on line 25.
 1 APPPATH\Controllers\AdminController.php(25): CodeIgniter\Debug\Exceptions->errorHandler(2, 'Array to string conversion', 'C:\\laragon\\www\\CoffeeLedger\\app\\Controllers\\AdminController.php', 25)
 2 SYSTEMPATH\CodeIgniter.php(919): App\Controllers\AdminController->edit('hello')
 3 SYSTEMPATH\CodeIgniter.php(494): CodeIgniter\CodeIgniter->runController(Object(App\Controllers\AdminController))
 4 SYSTEMPATH\CodeIgniter.php(353): CodeIgniter\CodeIgniter->handleRequest(null, Object(Config\Cache), false)
 5 FCPATH\index.php(79): CodeIgniter\CodeIgniter->run()
 6 SYSTEMPATH\Commands\Server\rewrite.php(47): require_once('C:\\laragon\\www\\CoffeeLedger\\public\\index.php')
CRITICAL - 2024-01-16 14:06:31 --> Array to string conversion
in APPPATH\Controllers\AdminController.php on line 25.
 1 APPPATH\Controllers\AdminController.php(25): CodeIgniter\Debug\Exceptions->errorHandler(2, 'Array to string conversion', 'C:\\laragon\\www\\CoffeeLedger\\app\\Controllers\\AdminController.php', 25)
 2 SYSTEMPATH\CodeIgniter.php(919): App\Controllers\AdminController->edit('hello')
 3 SYSTEMPATH\CodeIgniter.php(494): CodeIgniter\CodeIgniter->runController(Object(App\Controllers\AdminController))
 4 SYSTEMPATH\CodeIgniter.php(353): CodeIgniter\CodeIgniter->handleRequest(null, Object(Config\Cache), false)
 5 FCPATH\index.php(79): CodeIgniter\CodeIgniter->run()
 6 SYSTEMPATH\Commands\Server\rewrite.php(47): require_once('C:\\laragon\\www\\CoffeeLedger\\public\\index.php')
CRITICAL - 2024-01-16 14:06:31 --> Array to string conversion
in APPPATH\Controllers\AdminController.php on line 25.
 1 APPPATH\Controllers\AdminController.php(25): CodeIgniter\Debug\Exceptions->errorHandler(2, 'Array to string conversion', 'C:\\laragon\\www\\CoffeeLedger\\app\\Controllers\\AdminController.php', 25)
 2 SYSTEMPATH\CodeIgniter.php(919): App\Controllers\AdminController->edit('hello')
 3 SYSTEMPATH\CodeIgniter.php(494): CodeIgniter\CodeIgniter->runController(Object(App\Controllers\AdminController))
 4 SYSTEMPATH\CodeIgniter.php(353): CodeIgniter\CodeIgniter->handleRequest(null, Object(Config\Cache), false)
 5 FCPATH\index.php(79): CodeIgniter\CodeIgniter->run()
 6 SYSTEMPATH\Commands\Server\rewrite.php(47): require_once('C:\\laragon\\www\\CoffeeLedger\\public\\index.php')
CRITICAL - 2024-01-16 14:06:31 --> Array to string conversion
in APPPATH\Controllers\AdminController.php on line 25.
 1 APPPATH\Controllers\AdminController.php(25): CodeIgniter\Debug\Exceptions->errorHandler(2, 'Array to string conversion', 'C:\\laragon\\www\\CoffeeLedger\\app\\Controllers\\AdminController.php', 25)
 2 SYSTEMPATH\CodeIgniter.php(919): App\Controllers\AdminController->edit('hello')
 3 SYSTEMPATH\CodeIgniter.php(494): CodeIgniter\CodeIgniter->runController(Object(App\Controllers\AdminController))
 4 SYSTEMPATH\CodeIgniter.php(353): CodeIgniter\CodeIgniter->handleRequest(null, Object(Config\Cache), false)
 5 FCPATH\index.php(79): CodeIgniter\CodeIgniter->run()
 6 SYSTEMPATH\Commands\Server\rewrite.php(47): require_once('C:\\laragon\\www\\CoffeeLedger\\public\\index.php')
CRITICAL - 2024-01-16 14:07:00 --> Array to string conversion
in APPPATH\Controllers\AdminController.php on line 25.
 1 APPPATH\Controllers\AdminController.php(25): CodeIgniter\Debug\Exceptions->errorHandler(2, 'Array to string conversion', 'C:\\laragon\\www\\CoffeeLedger\\app\\Controllers\\AdminController.php', 25)
 2 SYSTEMPATH\CodeIgniter.php(919): App\Controllers\AdminController->edit('hello')
 3 SYSTEMPATH\CodeIgniter.php(494): CodeIgniter\CodeIgniter->runController(Object(App\Controllers\AdminController))
 4 SYSTEMPATH\CodeIgniter.php(353): CodeIgniter\CodeIgniter->handleRequest(null, Object(Config\Cache), false)
 5 FCPATH\index.php(79): CodeIgniter\CodeIgniter->run()
 6 SYSTEMPATH\Commands\Server\rewrite.php(47): require_once('C:\\laragon\\www\\CoffeeLedger\\public\\index.php')
CRITICAL - 2024-01-16 14:07:12 --> Array to string conversion
in APPPATH\Controllers\AdminController.php on line 25.
 1 APPPATH\Controllers\AdminController.php(25): CodeIgniter\Debug\Exceptions->errorHandler(2, 'Array to string conversion', 'C:\\laragon\\www\\CoffeeLedger\\app\\Controllers\\AdminController.php', 25)
 2 SYSTEMPATH\CodeIgniter.php(919): App\Controllers\AdminController->edit('hello')
 3 SYSTEMPATH\CodeIgniter.php(494): CodeIgniter\CodeIgniter->runController(Object(App\Controllers\AdminController))
 4 SYSTEMPATH\CodeIgniter.php(353): CodeIgniter\CodeIgniter->handleRequest(null, Object(Config\Cache), false)
 5 FCPATH\index.php(79): CodeIgniter\CodeIgniter->run()
 6 SYSTEMPATH\Commands\Server\rewrite.php(47): require_once('C:\\laragon\\www\\CoffeeLedger\\public\\index.php')
CRITICAL - 2024-01-16 14:07:13 --> Array to string conversion
in APPPATH\Controllers\AdminController.php on line 25.
 1 APPPATH\Controllers\AdminController.php(25): CodeIgniter\Debug\Exceptions->errorHandler(2, 'Array to string conversion', 'C:\\laragon\\www\\CoffeeLedger\\app\\Controllers\\AdminController.php', 25)
 2 SYSTEMPATH\CodeIgniter.php(919): App\Controllers\AdminController->edit('hello')
 3 SYSTEMPATH\CodeIgniter.php(494): CodeIgniter\CodeIgniter->runController(Object(App\Controllers\AdminController))
 4 SYSTEMPATH\CodeIgniter.php(353): CodeIgniter\CodeIgniter->handleRequest(null, Object(Config\Cache), false)
 5 FCPATH\index.php(79): CodeIgniter\CodeIgniter->run()
 6 SYSTEMPATH\Commands\Server\rewrite.php(47): require_once('C:\\laragon\\www\\CoffeeLedger\\public\\index.php')
CRITICAL - 2024-01-16 14:07:47 --> Undefined variable $id
in APPPATH\Controllers\AdminController.php on line 23.
 1 APPPATH\Controllers\AdminController.php(23): CodeIgniter\Debug\Exceptions->errorHandler(2, 'Undefined variable $id', 'C:\\laragon\\www\\CoffeeLedger\\app\\Controllers\\AdminController.php', 23)
 2 SYSTEMPATH\CodeIgniter.php(919): App\Controllers\AdminController->edit('hello')
 3 SYSTEMPATH\CodeIgniter.php(494): CodeIgniter\CodeIgniter->runController(Object(App\Controllers\AdminController))
 4 SYSTEMPATH\CodeIgniter.php(353): CodeIgniter\CodeIgniter->handleRequest(null, Object(Config\Cache), false)
 5 FCPATH\index.php(79): CodeIgniter\CodeIgniter->run()
 6 SYSTEMPATH\Commands\Server\rewrite.php(47): require_once('C:\\laragon\\www\\CoffeeLedger\\public\\index.php')
CRITICAL - 2024-01-16 14:08:56 --> syntax error, unexpected token "echo", expecting ";"
in APPPATH\Controllers\AdminController.php on line 25.
 1 SYSTEMPATH\Autoloader\Autoloader.php(285): CodeIgniter\Autoloader\Autoloader->includeFile('C:\\laragon\\www\\CoffeeLedger\\app\\Controllers\\AdminController.php')
 2 SYSTEMPATH\Autoloader\Autoloader.php(263): CodeIgniter\Autoloader\Autoloader->loadInNamespace('App\\Controllers\\AdminController')
 3 [internal function]: CodeIgniter\Autoloader\Autoloader->loadClass('App\\Controllers\\AdminController')
 4 SYSTEMPATH\CodeIgniter.php(877): class_exists('\\App\\Controllers\\AdminController', true)
 5 SYSTEMPATH\CodeIgniter.php(481): CodeIgniter\CodeIgniter->startController()
 6 SYSTEMPATH\CodeIgniter.php(353): CodeIgniter\CodeIgniter->handleRequest(null, Object(Config\Cache), false)
 7 FCPATH\index.php(79): CodeIgniter\CodeIgniter->run()
 8 SYSTEMPATH\Commands\Server\rewrite.php(47): require_once('C:\\laragon\\www\\CoffeeLedger\\public\\index.php')
