CRITICAL - 2024-01-25 03:43:41 --> Invalid file: "adminregister.php"
in SYSTEMPATH\Exceptions\FrameworkException.php on line 39.
 1 SYSTEMPATH\View\View.php(214): CodeIgniter\Exceptions\FrameworkException::forInvalidFile('adminregister.php')
 2 SYSTEMPATH\Common.php(1188): CodeIgniter\View\View->render('adminregister', [], true)
 3 APPPATH\Controllers\AdminController.php(133): view('adminregister', [...])
 4 SYSTEMPATH\CodeIgniter.php(919): App\Controllers\AdminController->adminregister()
 5 SYSTEMPATH\CodeIgniter.php(494): CodeIgniter\CodeIgniter->runController(Object(App\Controllers\AdminController))
 6 SYSTEMPATH\CodeIgniter.php(353): CodeIgniter\CodeIgniter->handleRequest(null, Object(Config\Cache), false)
 7 FCPATH\index.php(79): CodeIgniter\CodeIgniter->run()
 8 SYSTEMPATH\Commands\Server\rewrite.php(47): require_once('C:\\laragon\\www\\CoffeeLedger\\public\\index.php')
CRITICAL - 2024-01-25 03:53:15 --> Invalid file: "adminregister.php"
in SYSTEMPATH\Exceptions\FrameworkException.php on line 39.
 1 SYSTEMPATH\View\View.php(214): CodeIgniter\Exceptions\FrameworkException::forInvalidFile('adminregister.php')
 2 SYSTEMPATH\Common.php(1188): CodeIgniter\View\View->render('adminregister', [], true)
 3 APPPATH\Controllers\AdminController.php(133): view('adminregister', [...])
 4 SYSTEMPATH\CodeIgniter.php(919): App\Controllers\AdminController->adminregister()
 5 SYSTEMPATH\CodeIgniter.php(494): CodeIgniter\CodeIgniter->runController(Object(App\Controllers\AdminController))
 6 SYSTEMPATH\CodeIgniter.php(353): CodeIgniter\CodeIgniter->handleRequest(null, Object(Config\Cache), false)
 7 FCPATH\index.php(79): CodeIgniter\CodeIgniter->run()
 8 SYSTEMPATH\Commands\Server\rewrite.php(47): require_once('C:\\laragon\\www\\CoffeeLedger\\public\\index.php')
CRITICAL - 2024-01-25 05:07:35 --> Cannot redeclare App\Controllers\InventoryController::gethotcoffee()
in APPPATH\Controllers\InventoryController.php on line 90.
 1 [internal function]: CodeIgniter\Debug\Exceptions->shutdownHandler()
CRITICAL - 2024-01-25 05:07:41 --> Cannot redeclare App\Controllers\InventoryController::gethotcoffee()
in APPPATH\Controllers\InventoryController.php on line 90.
 1 [internal function]: CodeIgniter\Debug\Exceptions->shutdownHandler()
CRITICAL - 2024-01-25 05:22:35 --> Cannot redeclare App\Controllers\InventoryController::gethotcoffee()
in APPPATH\Controllers\InventoryController.php on line 90.
 1 [internal function]: CodeIgniter\Debug\Exceptions->shutdownHandler()
CRITICAL - 2024-01-25 05:23:34 --> Cannot redeclare App\Controllers\InventoryController::gethotcoffee()
in APPPATH\Controllers\InventoryController.php on line 90.
 1 [internal function]: CodeIgniter\Debug\Exceptions->shutdownHandler()
CRITICAL - 2024-01-25 05:29:37 --> Undefined variable $prod
in APPPATH\Views\inventory\editmeal.php on line 27.
 1 APPPATH\Views\inventory\editmeal.php(27): CodeIgniter\Debug\Exceptions->errorHandler(2, 'Undefined variable $prod', 'C:\\laragon\\www\\CoffeeLedger\\app\\Views\\inventory\\editmeal.php', 27)
 2 SYSTEMPATH\View\View.php(226): include('C:\\laragon\\www\\CoffeeLedger\\app\\Views\\inventory\\editmeal.php')
 3 SYSTEMPATH\View\View.php(229): CodeIgniter\View\View->CodeIgniter\View\{closure}()
 4 SYSTEMPATH\Common.php(1188): CodeIgniter\View\View->render('/inventory/editmeal', [], true)
 5 APPPATH\Controllers\InventoryController.php(411): view('/inventory/editmeal', [...])
 6 SYSTEMPATH\CodeIgniter.php(919): App\Controllers\InventoryController->editmeal('4')
 7 SYSTEMPATH\CodeIgniter.php(494): CodeIgniter\CodeIgniter->runController(Object(App\Controllers\InventoryController))
 8 SYSTEMPATH\CodeIgniter.php(353): CodeIgniter\CodeIgniter->handleRequest(null, Object(Config\Cache), false)
 9 FCPATH\index.php(79): CodeIgniter\CodeIgniter->run()
10 SYSTEMPATH\Commands\Server\rewrite.php(47): require_once('C:\\laragon\\www\\CoffeeLedger\\public\\index.php')
CRITICAL - 2024-01-25 05:32:28 --> Undefined variable $prod
in APPPATH\Views\inventory\editmeal.php on line 27.
 1 APPPATH\Views\inventory\editmeal.php(27): CodeIgniter\Debug\Exceptions->errorHandler(2, 'Undefined variable $prod', 'C:\\laragon\\www\\CoffeeLedger\\app\\Views\\inventory\\editmeal.php', 27)
 2 SYSTEMPATH\View\View.php(226): include('C:\\laragon\\www\\CoffeeLedger\\app\\Views\\inventory\\editmeal.php')
 3 SYSTEMPATH\View\View.php(229): CodeIgniter\View\View->CodeIgniter\View\{closure}()
 4 SYSTEMPATH\Common.php(1188): CodeIgniter\View\View->render('/inventory/editmeal', [], true)
 5 APPPATH\Controllers\InventoryController.php(411): view('/inventory/editmeal', [...])
 6 SYSTEMPATH\CodeIgniter.php(919): App\Controllers\InventoryController->editmeal('4')
 7 SYSTEMPATH\CodeIgniter.php(494): CodeIgniter\CodeIgniter->runController(Object(App\Controllers\InventoryController))
 8 SYSTEMPATH\CodeIgniter.php(353): CodeIgniter\CodeIgniter->handleRequest(null, Object(Config\Cache), false)
 9 FCPATH\index.php(79): CodeIgniter\CodeIgniter->run()
10 SYSTEMPATH\Commands\Server\rewrite.php(47): require_once('C:\\laragon\\www\\CoffeeLedger\\public\\index.php')
CRITICAL - 2024-01-25 05:32:29 --> Undefined variable $prod
in APPPATH\Views\inventory\editmeal.php on line 27.
 1 APPPATH\Views\inventory\editmeal.php(27): CodeIgniter\Debug\Exceptions->errorHandler(2, 'Undefined variable $prod', 'C:\\laragon\\www\\CoffeeLedger\\app\\Views\\inventory\\editmeal.php', 27)
 2 SYSTEMPATH\View\View.php(226): include('C:\\laragon\\www\\CoffeeLedger\\app\\Views\\inventory\\editmeal.php')
 3 SYSTEMPATH\View\View.php(229): CodeIgniter\View\View->CodeIgniter\View\{closure}()
 4 SYSTEMPATH\Common.php(1188): CodeIgniter\View\View->render('/inventory/editmeal', [], true)
 5 APPPATH\Controllers\InventoryController.php(411): view('/inventory/editmeal', [...])
 6 SYSTEMPATH\CodeIgniter.php(919): App\Controllers\InventoryController->editmeal('4')
 7 SYSTEMPATH\CodeIgniter.php(494): CodeIgniter\CodeIgniter->runController(Object(App\Controllers\InventoryController))
 8 SYSTEMPATH\CodeIgniter.php(353): CodeIgniter\CodeIgniter->handleRequest(null, Object(Config\Cache), false)
 9 FCPATH\index.php(79): CodeIgniter\CodeIgniter->run()
10 SYSTEMPATH\Commands\Server\rewrite.php(47): require_once('C:\\laragon\\www\\CoffeeLedger\\public\\index.php')
CRITICAL - 2024-01-25 05:33:26 --> Undefined variable $meal
in APPPATH\Views\inventory\editmeal.php on line 27.
 1 APPPATH\Views\inventory\editmeal.php(27): CodeIgniter\Debug\Exceptions->errorHandler(2, 'Undefined variable $meal', 'C:\\laragon\\www\\CoffeeLedger\\app\\Views\\inventory\\editmeal.php', 27)
 2 SYSTEMPATH\View\View.php(226): include('C:\\laragon\\www\\CoffeeLedger\\app\\Views\\inventory\\editmeal.php')
 3 SYSTEMPATH\View\View.php(229): CodeIgniter\View\View->CodeIgniter\View\{closure}()
 4 SYSTEMPATH\Common.php(1188): CodeIgniter\View\View->render('/inventory/editmeal', [], true)
 5 APPPATH\Controllers\InventoryController.php(411): view('/inventory/editmeal', [...])
 6 SYSTEMPATH\CodeIgniter.php(919): App\Controllers\InventoryController->editmeal('4')
 7 SYSTEMPATH\CodeIgniter.php(494): CodeIgniter\CodeIgniter->runController(Object(App\Controllers\InventoryController))
 8 SYSTEMPATH\CodeIgniter.php(353): CodeIgniter\CodeIgniter->handleRequest(null, Object(Config\Cache), false)
 9 FCPATH\index.php(79): CodeIgniter\CodeIgniter->run()
10 SYSTEMPATH\Commands\Server\rewrite.php(47): require_once('C:\\laragon\\www\\CoffeeLedger\\public\\index.php')
CRITICAL - 2024-01-25 05:34:10 --> Undefined array key "product_mprice"
in APPPATH\Views\inventory\editmeal.php on line 44.
 1 APPPATH\Views\inventory\editmeal.php(44): CodeIgniter\Debug\Exceptions->errorHandler(2, 'Undefined array key "product_mprice"', 'C:\\laragon\\www\\CoffeeLedger\\app\\Views\\inventory\\editmeal.php', 44)
 2 SYSTEMPATH\View\View.php(226): include('C:\\laragon\\www\\CoffeeLedger\\app\\Views\\inventory\\editmeal.php')
 3 SYSTEMPATH\View\View.php(229): CodeIgniter\View\View->CodeIgniter\View\{closure}()
 4 SYSTEMPATH\Common.php(1188): CodeIgniter\View\View->render('/inventory/editmeal', [], true)
 5 APPPATH\Controllers\InventoryController.php(411): view('/inventory/editmeal', [...])
 6 SYSTEMPATH\CodeIgniter.php(919): App\Controllers\InventoryController->editmeal('4')
 7 SYSTEMPATH\CodeIgniter.php(494): CodeIgniter\CodeIgniter->runController(Object(App\Controllers\InventoryController))
 8 SYSTEMPATH\CodeIgniter.php(353): CodeIgniter\CodeIgniter->handleRequest(null, Object(Config\Cache), false)
 9 FCPATH\index.php(79): CodeIgniter\CodeIgniter->run()
10 SYSTEMPATH\Commands\Server\rewrite.php(47): require_once('C:\\laragon\\www\\CoffeeLedger\\public\\index.php')
CRITICAL - 2024-01-25 05:34:52 --> Undefined array key "product_mprice"
in APPPATH\Views\inventory\editmeal.php on line 44.
 1 APPPATH\Views\inventory\editmeal.php(44): CodeIgniter\Debug\Exceptions->errorHandler(2, 'Undefined array key "product_mprice"', 'C:\\laragon\\www\\CoffeeLedger\\app\\Views\\inventory\\editmeal.php', 44)
 2 SYSTEMPATH\View\View.php(226): include('C:\\laragon\\www\\CoffeeLedger\\app\\Views\\inventory\\editmeal.php')
 3 SYSTEMPATH\View\View.php(229): CodeIgniter\View\View->CodeIgniter\View\{closure}()
 4 SYSTEMPATH\Common.php(1188): CodeIgniter\View\View->render('/inventory/editmeal', [], true)
 5 APPPATH\Controllers\InventoryController.php(411): view('/inventory/editmeal', [...])
 6 SYSTEMPATH\CodeIgniter.php(919): App\Controllers\InventoryController->editmeal('4')
 7 SYSTEMPATH\CodeIgniter.php(494): CodeIgniter\CodeIgniter->runController(Object(App\Controllers\InventoryController))
 8 SYSTEMPATH\CodeIgniter.php(353): CodeIgniter\CodeIgniter->handleRequest(null, Object(Config\Cache), false)
 9 FCPATH\index.php(79): CodeIgniter\CodeIgniter->run()
10 SYSTEMPATH\Commands\Server\rewrite.php(47): require_once('C:\\laragon\\www\\CoffeeLedger\\public\\index.php')
CRITICAL - 2024-01-25 05:34:53 --> Undefined array key "product_mprice"
in APPPATH\Views\inventory\editmeal.php on line 44.
 1 APPPATH\Views\inventory\editmeal.php(44): CodeIgniter\Debug\Exceptions->errorHandler(2, 'Undefined array key "product_mprice"', 'C:\\laragon\\www\\CoffeeLedger\\app\\Views\\inventory\\editmeal.php', 44)
 2 SYSTEMPATH\View\View.php(226): include('C:\\laragon\\www\\CoffeeLedger\\app\\Views\\inventory\\editmeal.php')
 3 SYSTEMPATH\View\View.php(229): CodeIgniter\View\View->CodeIgniter\View\{closure}()
 4 SYSTEMPATH\Common.php(1188): CodeIgniter\View\View->render('/inventory/editmeal', [], true)
 5 APPPATH\Controllers\InventoryController.php(411): view('/inventory/editmeal', [...])
 6 SYSTEMPATH\CodeIgniter.php(919): App\Controllers\InventoryController->editmeal('4')
 7 SYSTEMPATH\CodeIgniter.php(494): CodeIgniter\CodeIgniter->runController(Object(App\Controllers\InventoryController))
 8 SYSTEMPATH\CodeIgniter.php(353): CodeIgniter\CodeIgniter->handleRequest(null, Object(Config\Cache), false)
 9 FCPATH\index.php(79): CodeIgniter\CodeIgniter->run()
10 SYSTEMPATH\Commands\Server\rewrite.php(47): require_once('C:\\laragon\\www\\CoffeeLedger\\public\\index.php')
CRITICAL - 2024-01-25 06:04:38 --> Invalid file: "/inventory/AddProducts.php"
in SYSTEMPATH\Exceptions\FrameworkException.php on line 39.
 1 SYSTEMPATH\View\View.php(214): CodeIgniter\Exceptions\FrameworkException::forInvalidFile('/inventory/AddProducts.php')
 2 SYSTEMPATH\Common.php(1188): CodeIgniter\View\View->render('/inventory/AddProducts', [], true)
 3 APPPATH\Controllers\InventoryController.php(390): view('/inventory/AddProducts')
 4 SYSTEMPATH\CodeIgniter.php(919): App\Controllers\InventoryController->products()
 5 SYSTEMPATH\CodeIgniter.php(494): CodeIgniter\CodeIgniter->runController(Object(App\Controllers\InventoryController))
 6 SYSTEMPATH\CodeIgniter.php(353): CodeIgniter\CodeIgniter->handleRequest(null, Object(Config\Cache), false)
 7 FCPATH\index.php(79): CodeIgniter\CodeIgniter->run()
 8 SYSTEMPATH\Commands\Server\rewrite.php(47): require_once('C:\\laragon\\www\\CoffeeLedger\\public\\index.php')
CRITICAL - 2024-01-25 06:18:47 --> Invalid file: "/inventory/editmeal.php"
in SYSTEMPATH\Exceptions\FrameworkException.php on line 39.
 1 SYSTEMPATH\View\View.php(214): CodeIgniter\Exceptions\FrameworkException::forInvalidFile('/inventory/editmeal.php')
 2 SYSTEMPATH\Common.php(1188): CodeIgniter\View\View->render('/inventory/editmeal', [], true)
 3 APPPATH\Controllers\InventoryController.php(411): view('/inventory/editmeal', [...])
 4 SYSTEMPATH\CodeIgniter.php(919): App\Controllers\InventoryController->editmeal('4')
 5 SYSTEMPATH\CodeIgniter.php(494): CodeIgniter\CodeIgniter->runController(Object(App\Controllers\InventoryController))
 6 SYSTEMPATH\CodeIgniter.php(353): CodeIgniter\CodeIgniter->handleRequest(null, Object(Config\Cache), false)
 7 FCPATH\index.php(79): CodeIgniter\CodeIgniter->run()
 8 SYSTEMPATH\Commands\Server\rewrite.php(47): require_once('C:\\laragon\\www\\CoffeeLedger\\public\\index.php')
CRITICAL - 2024-01-25 06:21:14 --> Invalid file: "/inventory/AllProducts.php"
in SYSTEMPATH\Exceptions\FrameworkException.php on line 39.
 1 SYSTEMPATH\View\View.php(214): CodeIgniter\Exceptions\FrameworkException::forInvalidFile('/inventory/AllProducts.php')
 2 SYSTEMPATH\Common.php(1188): CodeIgniter\View\View->render('/inventory/AllProducts', [], true)
 3 APPPATH\Controllers\InventoryController.php(386): view('/inventory/AllProducts', [...])
 4 SYSTEMPATH\CodeIgniter.php(919): App\Controllers\InventoryController->getmeal()
 5 SYSTEMPATH\CodeIgniter.php(494): CodeIgniter\CodeIgniter->runController(Object(App\Controllers\InventoryController))
 6 SYSTEMPATH\CodeIgniter.php(353): CodeIgniter\CodeIgniter->handleRequest(null, Object(Config\Cache), false)
 7 FCPATH\index.php(79): CodeIgniter\CodeIgniter->run()
 8 SYSTEMPATH\Commands\Server\rewrite.php(47): require_once('C:\\laragon\\www\\CoffeeLedger\\public\\index.php')
CRITICAL - 2024-01-25 07:24:11 --> Invalid file: "/inventory/meal.php"
in SYSTEMPATH\Exceptions\FrameworkException.php on line 39.
 1 SYSTEMPATH\View\View.php(214): CodeIgniter\Exceptions\FrameworkException::forInvalidFile('/inventory/meal.php')
 2 SYSTEMPATH\Common.php(1188): CodeIgniter\View\View->render('/inventory/meal', [], true)
 3 APPPATH\Controllers\InventoryController.php(381): view('/inventory/meal', [...])
 4 SYSTEMPATH\CodeIgniter.php(919): App\Controllers\InventoryController->getmeal()
 5 SYSTEMPATH\CodeIgniter.php(494): CodeIgniter\CodeIgniter->runController(Object(App\Controllers\InventoryController))
 6 SYSTEMPATH\CodeIgniter.php(353): CodeIgniter\CodeIgniter->handleRequest(null, Object(Config\Cache), false)
 7 FCPATH\index.php(79): CodeIgniter\CodeIgniter->run()
 8 SYSTEMPATH\Commands\Server\rewrite.php(47): require_once('C:\\laragon\\www\\CoffeeLedger\\public\\index.php')
CRITICAL - 2024-01-25 07:25:29 --> Invalid file: "/inventory/EditMeals.php"
in SYSTEMPATH\Exceptions\FrameworkException.php on line 39.
 1 SYSTEMPATH\View\View.php(214): CodeIgniter\Exceptions\FrameworkException::forInvalidFile('/inventory/EditMeals.php')
 2 SYSTEMPATH\Common.php(1188): CodeIgniter\View\View->render('/inventory/EditMeals', [], true)
 3 APPPATH\Controllers\InventoryController.php(406): view('/inventory/EditMeals', [...])
 4 SYSTEMPATH\CodeIgniter.php(919): App\Controllers\InventoryController->editmeal('78')
 5 SYSTEMPATH\CodeIgniter.php(494): CodeIgniter\CodeIgniter->runController(Object(App\Controllers\InventoryController))
 6 SYSTEMPATH\CodeIgniter.php(353): CodeIgniter\CodeIgniter->handleRequest(null, Object(Config\Cache), false)
 7 FCPATH\index.php(79): CodeIgniter\CodeIgniter->run()
 8 SYSTEMPATH\Commands\Server\rewrite.php(47): require_once('C:\\laragon\\www\\CoffeeLedger\\public\\index.php')
CRITICAL - 2024-01-25 07:30:05 --> Undefined property: App\Controllers\InventoryController::$prdct
in APPPATH\Controllers\InventoryController.php on line 321.
 1 APPPATH\Controllers\InventoryController.php(321): CodeIgniter\Debug\Exceptions->errorHandler(2, 'Undefined property: App\\Controllers\\InventoryController::$prdct', 'C:\\laragon\\www\\CoffeeLedger\\app\\Controllers\\InventoryController.php', 321)
 2 SYSTEMPATH\CodeIgniter.php(919): App\Controllers\InventoryController->getcoffeefrappe()
 3 SYSTEMPATH\CodeIgniter.php(494): CodeIgniter\CodeIgniter->runController(Object(App\Controllers\InventoryController))
 4 SYSTEMPATH\CodeIgniter.php(353): CodeIgniter\CodeIgniter->handleRequest(null, Object(Config\Cache), false)
 5 FCPATH\index.php(79): CodeIgniter\CodeIgniter->run()
 6 SYSTEMPATH\Commands\Server\rewrite.php(47): require_once('C:\\laragon\\www\\CoffeeLedger\\public\\index.php')
CRITICAL - 2024-01-25 07:35:07 --> Undefined variable $prod
in APPPATH\Views\inventory\editpasta.php on line 26.
 1 APPPATH\Views\inventory\editpasta.php(26): CodeIgniter\Debug\Exceptions->errorHandler(2, 'Undefined variable $prod', 'C:\\laragon\\www\\CoffeeLedger\\app\\Views\\inventory\\editpasta.php', 26)
 2 SYSTEMPATH\View\View.php(226): include('C:\\laragon\\www\\CoffeeLedger\\app\\Views\\inventory\\editpasta.php')
 3 SYSTEMPATH\View\View.php(229): CodeIgniter\View\View->CodeIgniter\View\{closure}()
 4 SYSTEMPATH\Common.php(1188): CodeIgniter\View\View->render('/inventory/editpasta', [], true)
 5 APPPATH\Controllers\InventoryController.php(459): view('/inventory/editpasta', [...])
 6 SYSTEMPATH\CodeIgniter.php(919): App\Controllers\InventoryController->editpasta('17')
 7 SYSTEMPATH\CodeIgniter.php(494): CodeIgniter\CodeIgniter->runController(Object(App\Controllers\InventoryController))
 8 SYSTEMPATH\CodeIgniter.php(353): CodeIgniter\CodeIgniter->handleRequest(null, Object(Config\Cache), false)
 9 FCPATH\index.php(79): CodeIgniter\CodeIgniter->run()
10 SYSTEMPATH\Commands\Server\rewrite.php(47): require_once('C:\\laragon\\www\\CoffeeLedger\\public\\index.php')
CRITICAL - 2024-01-25 07:42:04 --> Undefined array key "prod_price"
in APPPATH\Views\inventory\appetizer.php on line 108.
 1 APPPATH\Views\inventory\appetizer.php(108): CodeIgniter\Debug\Exceptions->errorHandler(2, 'Undefined array key "prod_price"', 'C:\\laragon\\www\\CoffeeLedger\\app\\Views\\inventory\\appetizer.php', 108)
 2 SYSTEMPATH\View\View.php(226): include('C:\\laragon\\www\\CoffeeLedger\\app\\Views\\inventory\\appetizer.php')
 3 SYSTEMPATH\View\View.php(229): CodeIgniter\View\View->CodeIgniter\View\{closure}()
 4 SYSTEMPATH\Common.php(1188): CodeIgniter\View\View->render('/inventory/appetizer', [], true)
 5 APPPATH\Controllers\InventoryController.php(487): view('/inventory/appetizer', [...])
 6 SYSTEMPATH\CodeIgniter.php(919): App\Controllers\InventoryController->getappetizer()
 7 SYSTEMPATH\CodeIgniter.php(494): CodeIgniter\CodeIgniter->runController(Object(App\Controllers\InventoryController))
 8 SYSTEMPATH\CodeIgniter.php(353): CodeIgniter\CodeIgniter->handleRequest(null, Object(Config\Cache), false)
 9 FCPATH\index.php(79): CodeIgniter\CodeIgniter->run()
10 SYSTEMPATH\Commands\Server\rewrite.php(47): require_once('C:\\laragon\\www\\CoffeeLedger\\public\\index.php')
CRITICAL - 2024-01-25 07:50:36 --> Undefined array key "prod_price"
in APPPATH\Views\inventory\appetizer.php on line 108.
 1 APPPATH\Views\inventory\appetizer.php(108): CodeIgniter\Debug\Exceptions->errorHandler(2, 'Undefined array key "prod_price"', 'C:\\laragon\\www\\CoffeeLedger\\app\\Views\\inventory\\appetizer.php', 108)
 2 SYSTEMPATH\View\View.php(226): include('C:\\laragon\\www\\CoffeeLedger\\app\\Views\\inventory\\appetizer.php')
 3 SYSTEMPATH\View\View.php(229): CodeIgniter\View\View->CodeIgniter\View\{closure}()
 4 SYSTEMPATH\Common.php(1188): CodeIgniter\View\View->render('/inventory/appetizer', [], true)
 5 APPPATH\Controllers\InventoryController.php(487): view('/inventory/appetizer', [...])
 6 SYSTEMPATH\CodeIgniter.php(919): App\Controllers\InventoryController->getappetizer()
 7 SYSTEMPATH\CodeIgniter.php(494): CodeIgniter\CodeIgniter->runController(Object(App\Controllers\InventoryController))
 8 SYSTEMPATH\CodeIgniter.php(353): CodeIgniter\CodeIgniter->handleRequest(null, Object(Config\Cache), false)
 9 FCPATH\index.php(79): CodeIgniter\CodeIgniter->run()
10 SYSTEMPATH\Commands\Server\rewrite.php(47): require_once('C:\\laragon\\www\\CoffeeLedger\\public\\index.php')
CRITICAL - 2024-01-25 07:50:57 --> Undefined array key "id"
in APPPATH\Views\inventory\editappetizer.php on line 26.
 1 APPPATH\Views\inventory\editappetizer.php(26): CodeIgniter\Debug\Exceptions->errorHandler(2, 'Undefined array key "id"', 'C:\\laragon\\www\\CoffeeLedger\\app\\Views\\inventory\\editappetizer.php', 26)
 2 SYSTEMPATH\View\View.php(226): include('C:\\laragon\\www\\CoffeeLedger\\app\\Views\\inventory\\editappetizer.php')
 3 SYSTEMPATH\View\View.php(229): CodeIgniter\View\View->CodeIgniter\View\{closure}()
 4 SYSTEMPATH\Common.php(1188): CodeIgniter\View\View->render('/inventory/editappetizer', [], true)
 5 APPPATH\Controllers\InventoryController.php(512): view('/inventory/editappetizer', [...])
 6 SYSTEMPATH\CodeIgniter.php(919): App\Controllers\InventoryController->editappetizer('1')
 7 SYSTEMPATH\CodeIgniter.php(494): CodeIgniter\CodeIgniter->runController(Object(App\Controllers\InventoryController))
 8 SYSTEMPATH\CodeIgniter.php(353): CodeIgniter\CodeIgniter->handleRequest(null, Object(Config\Cache), false)
 9 FCPATH\index.php(79): CodeIgniter\CodeIgniter->run()
10 SYSTEMPATH\Commands\Server\rewrite.php(47): require_once('C:\\laragon\\www\\CoffeeLedger\\public\\index.php')
CRITICAL - 2024-01-25 07:51:38 --> Undefined variable $emeal
in APPPATH\Views\inventory\editappetizer.php on line 27.
 1 APPPATH\Views\inventory\editappetizer.php(27): CodeIgniter\Debug\Exceptions->errorHandler(2, 'Undefined variable $emeal', 'C:\\laragon\\www\\CoffeeLedger\\app\\Views\\inventory\\editappetizer.php', 27)
 2 SYSTEMPATH\View\View.php(226): include('C:\\laragon\\www\\CoffeeLedger\\app\\Views\\inventory\\editappetizer.php')
 3 SYSTEMPATH\View\View.php(229): CodeIgniter\View\View->CodeIgniter\View\{closure}()
 4 SYSTEMPATH\Common.php(1188): CodeIgniter\View\View->render('/inventory/editappetizer', [], true)
 5 APPPATH\Controllers\InventoryController.php(512): view('/inventory/editappetizer', [...])
 6 SYSTEMPATH\CodeIgniter.php(919): App\Controllers\InventoryController->editappetizer('1')
 7 SYSTEMPATH\CodeIgniter.php(494): CodeIgniter\CodeIgniter->runController(Object(App\Controllers\InventoryController))
 8 SYSTEMPATH\CodeIgniter.php(353): CodeIgniter\CodeIgniter->handleRequest(null, Object(Config\Cache), false)
 9 FCPATH\index.php(79): CodeIgniter\CodeIgniter->run()
10 SYSTEMPATH\Commands\Server\rewrite.php(47): require_once('C:\\laragon\\www\\CoffeeLedger\\public\\index.php')
CRITICAL - 2024-01-25 08:02:28 --> Undefined property: App\Controllers\InventoryController::$prdct
in APPPATH\Controllers\InventoryController.php on line 321.
 1 APPPATH\Controllers\InventoryController.php(321): CodeIgniter\Debug\Exceptions->errorHandler(2, 'Undefined property: App\\Controllers\\InventoryController::$prdct', 'C:\\laragon\\www\\CoffeeLedger\\app\\Controllers\\InventoryController.php', 321)
 2 SYSTEMPATH\CodeIgniter.php(919): App\Controllers\InventoryController->getcoffeefrappe()
 3 SYSTEMPATH\CodeIgniter.php(494): CodeIgniter\CodeIgniter->runController(Object(App\Controllers\InventoryController))
 4 SYSTEMPATH\CodeIgniter.php(353): CodeIgniter\CodeIgniter->handleRequest(null, Object(Config\Cache), false)
 5 FCPATH\index.php(79): CodeIgniter\CodeIgniter->run()
 6 SYSTEMPATH\Commands\Server\rewrite.php(47): require_once('C:\\laragon\\www\\CoffeeLedger\\public\\index.php')
CRITICAL - 2024-01-25 08:18:25 --> Invalid file: "/inventory/addother.php"
in SYSTEMPATH\Exceptions\FrameworkException.php on line 39.
 1 SYSTEMPATH\View\View.php(214): CodeIgniter\Exceptions\FrameworkException::forInvalidFile('/inventory/addother.php')
 2 SYSTEMPATH\Common.php(1188): CodeIgniter\View\View->render('/inventory/addother', [], true)
 3 APPPATH\Controllers\InventoryController.php(649): view('/inventory/addother')
 4 SYSTEMPATH\CodeIgniter.php(919): App\Controllers\InventoryController->other()
 5 SYSTEMPATH\CodeIgniter.php(494): CodeIgniter\CodeIgniter->runController(Object(App\Controllers\InventoryController))
 6 SYSTEMPATH\CodeIgniter.php(353): CodeIgniter\CodeIgniter->handleRequest(null, Object(Config\Cache), false)
 7 FCPATH\index.php(79): CodeIgniter\CodeIgniter->run()
 8 SYSTEMPATH\Commands\Server\rewrite.php(47): require_once('C:\\laragon\\www\\CoffeeLedger\\public\\index.php')
