<<<<<<< HEAD
ERROR - 2024-01-24 00:34:47 --> mysqli_sql_exception: Table 'coffeeledgerdb.users' doesn't exist in C:\laragon\www\CoffeeLedger\system\Database\MySQLi\Connection.php:306
=======
ERROR - 2024-01-24 00:22:37 --> mysqli_sql_exception: Table 'coffeedb.tbl_orders' doesn't exist in C:\laragon\www\CoffeeLedger\system\Database\MySQLi\Connection.php:306
Stack trace:
#0 C:\laragon\www\CoffeeLedger\system\Database\MySQLi\Connection.php(306): mysqli->query('SELECT *\nFROM `...', 0)
#1 C:\laragon\www\CoffeeLedger\system\Database\BaseConnection.php(692): CodeIgniter\Database\MySQLi\Connection->execute('SELECT *\nFROM `...')
#2 C:\laragon\www\CoffeeLedger\system\Database\BaseConnection.php(606): CodeIgniter\Database\BaseConnection->simpleQuery('SELECT *\nFROM `...')
#3 C:\laragon\www\CoffeeLedger\system\Database\BaseBuilder.php(1615): CodeIgniter\Database\BaseConnection->query('SELECT *\nFROM `...', Array, false)
#4 C:\laragon\www\CoffeeLedger\system\Model.php(237): CodeIgniter\Database\BaseBuilder->get()
#5 C:\laragon\www\CoffeeLedger\system\BaseModel.php(624): CodeIgniter\Model->doFindAll(0, 0)
#6 C:\laragon\www\CoffeeLedger\app\Controllers\AdminController.php(56): CodeIgniter\BaseModel->findAll()
#7 C:\laragon\www\CoffeeLedger\system\CodeIgniter.php(919): App\Controllers\AdminController->gethistory()
#8 C:\laragon\www\CoffeeLedger\system\CodeIgniter.php(494): CodeIgniter\CodeIgniter->runController(Object(App\Controllers\AdminController))
#9 C:\laragon\www\CoffeeLedger\system\CodeIgniter.php(353): CodeIgniter\CodeIgniter->handleRequest(NULL, Object(Config\Cache), false)
#10 C:\laragon\www\CoffeeLedger\public\index.php(79): CodeIgniter\CodeIgniter->run()
#11 C:\laragon\www\CoffeeLedger\system\Commands\Server\rewrite.php(47): require_once('C:\\laragon\\www\\...')
#12 {main}
CRITICAL - 2024-01-24 00:22:37 --> Table 'coffeedb.tbl_orders' doesn't exist
in SYSTEMPATH\Database\BaseConnection.php on line 646.
 1 SYSTEMPATH\Database\BaseBuilder.php(1615): CodeIgniter\Database\BaseConnection->query('SELECT *
FROM `tbl_orders`', [], false)
 2 SYSTEMPATH\Model.php(237): CodeIgniter\Database\BaseBuilder->get()
 3 SYSTEMPATH\BaseModel.php(624): CodeIgniter\Model->doFindAll(0, 0)
 4 APPPATH\Controllers\AdminController.php(56): CodeIgniter\BaseModel->findAll()
 5 SYSTEMPATH\CodeIgniter.php(919): App\Controllers\AdminController->gethistory()
 6 SYSTEMPATH\CodeIgniter.php(494): CodeIgniter\CodeIgniter->runController(Object(App\Controllers\AdminController))
 7 SYSTEMPATH\CodeIgniter.php(353): CodeIgniter\CodeIgniter->handleRequest(null, Object(Config\Cache), false)
 8 FCPATH\index.php(79): CodeIgniter\CodeIgniter->run()
 9 SYSTEMPATH\Commands\Server\rewrite.php(47): require_once('C:\\laragon\\www\\CoffeeLedger\\public\\index.php')
ERROR - 2024-01-24 00:22:39 --> mysqli_sql_exception: Table 'coffeedb.tbl_orders' doesn't exist in C:\laragon\www\CoffeeLedger\system\Database\MySQLi\Connection.php:306
Stack trace:
#0 C:\laragon\www\CoffeeLedger\system\Database\MySQLi\Connection.php(306): mysqli->query('SELECT *\nFROM `...', 0)
#1 C:\laragon\www\CoffeeLedger\system\Database\BaseConnection.php(692): CodeIgniter\Database\MySQLi\Connection->execute('SELECT *\nFROM `...')
#2 C:\laragon\www\CoffeeLedger\system\Database\BaseConnection.php(606): CodeIgniter\Database\BaseConnection->simpleQuery('SELECT *\nFROM `...')
#3 C:\laragon\www\CoffeeLedger\system\Database\BaseBuilder.php(1615): CodeIgniter\Database\BaseConnection->query('SELECT *\nFROM `...', Array, false)
#4 C:\laragon\www\CoffeeLedger\system\Model.php(237): CodeIgniter\Database\BaseBuilder->get()
#5 C:\laragon\www\CoffeeLedger\system\BaseModel.php(624): CodeIgniter\Model->doFindAll(0, 0)
#6 C:\laragon\www\CoffeeLedger\app\Controllers\AdminController.php(56): CodeIgniter\BaseModel->findAll()
#7 C:\laragon\www\CoffeeLedger\system\CodeIgniter.php(919): App\Controllers\AdminController->gethistory()
#8 C:\laragon\www\CoffeeLedger\system\CodeIgniter.php(494): CodeIgniter\CodeIgniter->runController(Object(App\Controllers\AdminController))
#9 C:\laragon\www\CoffeeLedger\system\CodeIgniter.php(353): CodeIgniter\CodeIgniter->handleRequest(NULL, Object(Config\Cache), false)
#10 C:\laragon\www\CoffeeLedger\public\index.php(79): CodeIgniter\CodeIgniter->run()
#11 C:\laragon\www\CoffeeLedger\system\Commands\Server\rewrite.php(47): require_once('C:\\laragon\\www\\...')
#12 {main}
CRITICAL - 2024-01-24 00:22:39 --> Table 'coffeedb.tbl_orders' doesn't exist
in SYSTEMPATH\Database\BaseConnection.php on line 646.
 1 SYSTEMPATH\Database\BaseBuilder.php(1615): CodeIgniter\Database\BaseConnection->query('SELECT *
FROM `tbl_orders`', [], false)
 2 SYSTEMPATH\Model.php(237): CodeIgniter\Database\BaseBuilder->get()
 3 SYSTEMPATH\BaseModel.php(624): CodeIgniter\Model->doFindAll(0, 0)
 4 APPPATH\Controllers\AdminController.php(56): CodeIgniter\BaseModel->findAll()
 5 SYSTEMPATH\CodeIgniter.php(919): App\Controllers\AdminController->gethistory()
 6 SYSTEMPATH\CodeIgniter.php(494): CodeIgniter\CodeIgniter->runController(Object(App\Controllers\AdminController))
 7 SYSTEMPATH\CodeIgniter.php(353): CodeIgniter\CodeIgniter->handleRequest(null, Object(Config\Cache), false)
 8 FCPATH\index.php(79): CodeIgniter\CodeIgniter->run()
 9 SYSTEMPATH\Commands\Server\rewrite.php(47): require_once('C:\\laragon\\www\\CoffeeLedger\\public\\index.php')
ERROR - 2024-01-24 00:23:07 --> mysqli_sql_exception: Table 'coffeeledgerdb.users' doesn't exist in C:\laragon\www\CoffeeLedger\system\Database\MySQLi\Connection.php:306
>>>>>>> d59385cfe127a8b84701fcc15b2e5d095fb1e483
Stack trace:
#0 C:\laragon\www\CoffeeLedger\system\Database\MySQLi\Connection.php(306): mysqli->query('SELECT *\nFROM `...', 0)
#1 C:\laragon\www\CoffeeLedger\system\Database\BaseConnection.php(692): CodeIgniter\Database\MySQLi\Connection->execute('SELECT *\nFROM `...')
#2 C:\laragon\www\CoffeeLedger\system\Database\BaseConnection.php(606): CodeIgniter\Database\BaseConnection->simpleQuery('SELECT *\nFROM `...')
#3 C:\laragon\www\CoffeeLedger\system\Database\BaseBuilder.php(1615): CodeIgniter\Database\BaseConnection->query('SELECT *\nFROM `...', Array, false)
#4 C:\laragon\www\CoffeeLedger\system\Model.php(237): CodeIgniter\Database\BaseBuilder->get()
#5 C:\laragon\www\CoffeeLedger\system\BaseModel.php(624): CodeIgniter\Model->doFindAll(0, 0)
#6 C:\laragon\www\CoffeeLedger\app\Controllers\AdminController.php(63): CodeIgniter\BaseModel->findAll()
#7 C:\laragon\www\CoffeeLedger\system\CodeIgniter.php(919): App\Controllers\AdminController->getmanageuser()
#8 C:\laragon\www\CoffeeLedger\system\CodeIgniter.php(494): CodeIgniter\CodeIgniter->runController(Object(App\Controllers\AdminController))
#9 C:\laragon\www\CoffeeLedger\system\CodeIgniter.php(353): CodeIgniter\CodeIgniter->handleRequest(NULL, Object(Config\Cache), false)
#10 C:\laragon\www\CoffeeLedger\public\index.php(79): CodeIgniter\CodeIgniter->run()
#11 C:\laragon\www\CoffeeLedger\system\Commands\Server\rewrite.php(47): require_once('C:\\laragon\\www\\...')
#12 {main}
<<<<<<< HEAD
CRITICAL - 2024-01-24 00:34:47 --> Table 'coffeeledgerdb.users' doesn't exist
=======
CRITICAL - 2024-01-24 00:23:07 --> Table 'coffeeledgerdb.users' doesn't exist
>>>>>>> d59385cfe127a8b84701fcc15b2e5d095fb1e483
in SYSTEMPATH\Database\BaseConnection.php on line 646.
 1 SYSTEMPATH\Database\BaseBuilder.php(1615): CodeIgniter\Database\BaseConnection->query('SELECT *
FROM `users`', [], false)
 2 SYSTEMPATH\Model.php(237): CodeIgniter\Database\BaseBuilder->get()
 3 SYSTEMPATH\BaseModel.php(624): CodeIgniter\Model->doFindAll(0, 0)
 4 APPPATH\Controllers\AdminController.php(63): CodeIgniter\BaseModel->findAll()
 5 SYSTEMPATH\CodeIgniter.php(919): App\Controllers\AdminController->getmanageuser()
 6 SYSTEMPATH\CodeIgniter.php(494): CodeIgniter\CodeIgniter->runController(Object(App\Controllers\AdminController))
 7 SYSTEMPATH\CodeIgniter.php(353): CodeIgniter\CodeIgniter->handleRequest(null, Object(Config\Cache), false)
 8 FCPATH\index.php(79): CodeIgniter\CodeIgniter->run()
 9 SYSTEMPATH\Commands\Server\rewrite.php(47): require_once('C:\\laragon\\www\\CoffeeLedger\\public\\index.php')
<<<<<<< HEAD
ERROR - 2024-01-24 01:15:08 --> mysqli_sql_exception: Table 'coffeedb.user' doesn't exist in C:\laragon\www\CoffeeLedger\system\Database\MySQLi\Connection.php:306
Stack trace:
#0 C:\laragon\www\CoffeeLedger\system\Database\MySQLi\Connection.php(306): mysqli->query('SELECT *\nFROM `...', 0)
#1 C:\laragon\www\CoffeeLedger\system\Database\BaseConnection.php(692): CodeIgniter\Database\MySQLi\Connection->execute('SELECT *\nFROM `...')
#2 C:\laragon\www\CoffeeLedger\system\Database\BaseConnection.php(606): CodeIgniter\Database\BaseConnection->simpleQuery('SELECT *\nFROM `...')
#3 C:\laragon\www\CoffeeLedger\system\Database\BaseBuilder.php(1615): CodeIgniter\Database\BaseConnection->query('SELECT *\nFROM `...', Array, false)
#4 C:\laragon\www\CoffeeLedger\system\Model.php(264): CodeIgniter\Database\BaseBuilder->get()
#5 C:\laragon\www\CoffeeLedger\system\BaseModel.php(662): CodeIgniter\Model->doFirst()
#6 C:\laragon\www\CoffeeLedger\app\Controllers\UserController.php(59): CodeIgniter\BaseModel->first()
#7 C:\laragon\www\CoffeeLedger\system\CodeIgniter.php(919): App\Controllers\UserController->login()
#8 C:\laragon\www\CoffeeLedger\system\CodeIgniter.php(494): CodeIgniter\CodeIgniter->runController(Object(App\Controllers\UserController))
#9 C:\laragon\www\CoffeeLedger\system\CodeIgniter.php(353): CodeIgniter\CodeIgniter->handleRequest(NULL, Object(Config\Cache), false)
#10 C:\laragon\www\CoffeeLedger\public\index.php(79): CodeIgniter\CodeIgniter->run()
#11 C:\laragon\www\CoffeeLedger\system\Commands\Server\rewrite.php(47): require_once('C:\\laragon\\www\\...')
#12 {main}
CRITICAL - 2024-01-24 01:15:08 --> Table 'coffeedb.user' doesn't exist
in SYSTEMPATH\Database\BaseConnection.php on line 646.
 1 SYSTEMPATH\Database\BaseBuilder.php(1615): CodeIgniter\Database\BaseConnection->query('SELECT *
FROM `user`
WHERE `email` = :email:
 LIMIT 1', [...], false)
 2 SYSTEMPATH\Model.php(264): CodeIgniter\Database\BaseBuilder->get()
 3 SYSTEMPATH\BaseModel.php(662): CodeIgniter\Model->doFirst()
 4 APPPATH\Controllers\UserController.php(59): CodeIgniter\BaseModel->first()
 5 SYSTEMPATH\CodeIgniter.php(919): App\Controllers\UserController->login()
 6 SYSTEMPATH\CodeIgniter.php(494): CodeIgniter\CodeIgniter->runController(Object(App\Controllers\UserController))
 7 SYSTEMPATH\CodeIgniter.php(353): CodeIgniter\CodeIgniter->handleRequest(null, Object(Config\Cache), false)
 8 FCPATH\index.php(79): CodeIgniter\CodeIgniter->run()
 9 SYSTEMPATH\Commands\Server\rewrite.php(47): require_once('C:\\laragon\\www\\CoffeeLedger\\public\\index.php')
=======
>>>>>>> d59385cfe127a8b84701fcc15b2e5d095fb1e483
