CRITICAL - 2024-01-10 03:07:19 --> Undefined variable $prod
in APPPATH\Views\admin\inventory.php on line 73.
 1 APPPATH\Views\admin\inventory.php(73): CodeIgniter\Debug\Exceptions->errorHandler(2, 'Undefined variable $prod', 'C:\\laragon\\www\\CoffeeLedger\\app\\Views\\admin\\inventory.php', 73)
 2 SYSTEMPATH\View\View.php(226): include('C:\\laragon\\www\\CoffeeLedger\\app\\Views\\admin\\inventory.php')
 3 SYSTEMPATH\View\View.php(229): CodeIgniter\View\View->CodeIgniter\View\{closure}()
 4 SYSTEMPATH\Common.php(1188): CodeIgniter\View\View->render('/admin/inventory', [], true)
 5 APPPATH\Controllers\AdminController.php(36): view('/admin/inventory')
 6 SYSTEMPATH\CodeIgniter.php(919): App\Controllers\AdminController->inventory()
 7 SYSTEMPATH\CodeIgniter.php(494): CodeIgniter\CodeIgniter->runController(Object(App\Controllers\AdminController))
 8 SYSTEMPATH\CodeIgniter.php(353): CodeIgniter\CodeIgniter->handleRequest(null, Object(Config\Cache), false)
 9 FCPATH\index.php(79): CodeIgniter\CodeIgniter->run()
10 SYSTEMPATH\Commands\Server\rewrite.php(47): require_once('C:\\laragon\\www\\CoffeeLedger\\public\\index.php')
CRITICAL - 2024-01-10 03:10:52 --> Undefined variable $prod
in APPPATH\Views\admin\inventory.php on line 73.
 1 APPPATH\Views\admin\inventory.php(73): CodeIgniter\Debug\Exceptions->errorHandler(2, 'Undefined variable $prod', 'C:\\laragon\\www\\CoffeeLedger\\app\\Views\\admin\\inventory.php', 73)
 2 SYSTEMPATH\View\View.php(226): include('C:\\laragon\\www\\CoffeeLedger\\app\\Views\\admin\\inventory.php')
 3 SYSTEMPATH\View\View.php(229): CodeIgniter\View\View->CodeIgniter\View\{closure}()
 4 SYSTEMPATH\Common.php(1188): CodeIgniter\View\View->render('/admin/inventory', [], true)
 5 APPPATH\Controllers\AdminController.php(36): view('/admin/inventory')
 6 SYSTEMPATH\CodeIgniter.php(919): App\Controllers\AdminController->inventory()
 7 SYSTEMPATH\CodeIgniter.php(494): CodeIgniter\CodeIgniter->runController(Object(App\Controllers\AdminController))
 8 SYSTEMPATH\CodeIgniter.php(353): CodeIgniter\CodeIgniter->handleRequest(null, Object(Config\Cache), false)
 9 FCPATH\index.php(79): CodeIgniter\CodeIgniter->run()
10 SYSTEMPATH\Commands\Server\rewrite.php(47): require_once('C:\\laragon\\www\\CoffeeLedger\\public\\index.php')
CRITICAL - 2024-01-10 03:11:40 --> Undefined variable $prod
in APPPATH\Views\admin\inventory.php on line 73.
 1 APPPATH\Views\admin\inventory.php(73): CodeIgniter\Debug\Exceptions->errorHandler(2, 'Undefined variable $prod', 'C:\\laragon\\www\\CoffeeLedger\\app\\Views\\admin\\inventory.php', 73)
 2 SYSTEMPATH\View\View.php(226): include('C:\\laragon\\www\\CoffeeLedger\\app\\Views\\admin\\inventory.php')
 3 SYSTEMPATH\View\View.php(229): CodeIgniter\View\View->CodeIgniter\View\{closure}()
 4 SYSTEMPATH\Common.php(1188): CodeIgniter\View\View->render('/admin/inventory', [], true)
 5 APPPATH\Controllers\AdminController.php(36): view('/admin/inventory')
 6 SYSTEMPATH\CodeIgniter.php(919): App\Controllers\AdminController->inventory()
 7 SYSTEMPATH\CodeIgniter.php(494): CodeIgniter\CodeIgniter->runController(Object(App\Controllers\AdminController))
 8 SYSTEMPATH\CodeIgniter.php(353): CodeIgniter\CodeIgniter->handleRequest(null, Object(Config\Cache), false)
 9 FCPATH\index.php(79): CodeIgniter\CodeIgniter->run()
10 SYSTEMPATH\Commands\Server\rewrite.php(47): require_once('C:\\laragon\\www\\CoffeeLedger\\public\\index.php')
CRITICAL - 2024-01-10 03:11:40 --> Undefined variable $prod
in APPPATH\Views\admin\inventory.php on line 73.
 1 APPPATH\Views\admin\inventory.php(73): CodeIgniter\Debug\Exceptions->errorHandler(2, 'Undefined variable $prod', 'C:\\laragon\\www\\CoffeeLedger\\app\\Views\\admin\\inventory.php', 73)
 2 SYSTEMPATH\View\View.php(226): include('C:\\laragon\\www\\CoffeeLedger\\app\\Views\\admin\\inventory.php')
 3 SYSTEMPATH\View\View.php(229): CodeIgniter\View\View->CodeIgniter\View\{closure}()
 4 SYSTEMPATH\Common.php(1188): CodeIgniter\View\View->render('/admin/inventory', [], true)
 5 APPPATH\Controllers\AdminController.php(36): view('/admin/inventory')
 6 SYSTEMPATH\CodeIgniter.php(919): App\Controllers\AdminController->inventory()
 7 SYSTEMPATH\CodeIgniter.php(494): CodeIgniter\CodeIgniter->runController(Object(App\Controllers\AdminController))
 8 SYSTEMPATH\CodeIgniter.php(353): CodeIgniter\CodeIgniter->handleRequest(null, Object(Config\Cache), false)
 9 FCPATH\index.php(79): CodeIgniter\CodeIgniter->run()
10 SYSTEMPATH\Commands\Server\rewrite.php(47): require_once('C:\\laragon\\www\\CoffeeLedger\\public\\index.php')
CRITICAL - 2024-01-10 03:11:41 --> Undefined variable $prod
in APPPATH\Views\admin\inventory.php on line 73.
 1 APPPATH\Views\admin\inventory.php(73): CodeIgniter\Debug\Exceptions->errorHandler(2, 'Undefined variable $prod', 'C:\\laragon\\www\\CoffeeLedger\\app\\Views\\admin\\inventory.php', 73)
 2 SYSTEMPATH\View\View.php(226): include('C:\\laragon\\www\\CoffeeLedger\\app\\Views\\admin\\inventory.php')
 3 SYSTEMPATH\View\View.php(229): CodeIgniter\View\View->CodeIgniter\View\{closure}()
 4 SYSTEMPATH\Common.php(1188): CodeIgniter\View\View->render('/admin/inventory', [], true)
 5 APPPATH\Controllers\AdminController.php(36): view('/admin/inventory')
 6 SYSTEMPATH\CodeIgniter.php(919): App\Controllers\AdminController->inventory()
 7 SYSTEMPATH\CodeIgniter.php(494): CodeIgniter\CodeIgniter->runController(Object(App\Controllers\AdminController))
 8 SYSTEMPATH\CodeIgniter.php(353): CodeIgniter\CodeIgniter->handleRequest(null, Object(Config\Cache), false)
 9 FCPATH\index.php(79): CodeIgniter\CodeIgniter->run()
10 SYSTEMPATH\Commands\Server\rewrite.php(47): require_once('C:\\laragon\\www\\CoffeeLedger\\public\\index.php')
CRITICAL - 2024-01-10 03:11:41 --> Undefined variable $prod
in APPPATH\Views\admin\inventory.php on line 73.
 1 APPPATH\Views\admin\inventory.php(73): CodeIgniter\Debug\Exceptions->errorHandler(2, 'Undefined variable $prod', 'C:\\laragon\\www\\CoffeeLedger\\app\\Views\\admin\\inventory.php', 73)
 2 SYSTEMPATH\View\View.php(226): include('C:\\laragon\\www\\CoffeeLedger\\app\\Views\\admin\\inventory.php')
 3 SYSTEMPATH\View\View.php(229): CodeIgniter\View\View->CodeIgniter\View\{closure}()
 4 SYSTEMPATH\Common.php(1188): CodeIgniter\View\View->render('/admin/inventory', [], true)
 5 APPPATH\Controllers\AdminController.php(36): view('/admin/inventory')
 6 SYSTEMPATH\CodeIgniter.php(919): App\Controllers\AdminController->inventory()
 7 SYSTEMPATH\CodeIgniter.php(494): CodeIgniter\CodeIgniter->runController(Object(App\Controllers\AdminController))
 8 SYSTEMPATH\CodeIgniter.php(353): CodeIgniter\CodeIgniter->handleRequest(null, Object(Config\Cache), false)
 9 FCPATH\index.php(79): CodeIgniter\CodeIgniter->run()
10 SYSTEMPATH\Commands\Server\rewrite.php(47): require_once('C:\\laragon\\www\\CoffeeLedger\\public\\index.php')
CRITICAL - 2024-01-10 03:11:41 --> Undefined variable $prod
in APPPATH\Views\admin\inventory.php on line 73.
 1 APPPATH\Views\admin\inventory.php(73): CodeIgniter\Debug\Exceptions->errorHandler(2, 'Undefined variable $prod', 'C:\\laragon\\www\\CoffeeLedger\\app\\Views\\admin\\inventory.php', 73)
 2 SYSTEMPATH\View\View.php(226): include('C:\\laragon\\www\\CoffeeLedger\\app\\Views\\admin\\inventory.php')
 3 SYSTEMPATH\View\View.php(229): CodeIgniter\View\View->CodeIgniter\View\{closure}()
 4 SYSTEMPATH\Common.php(1188): CodeIgniter\View\View->render('/admin/inventory', [], true)
 5 APPPATH\Controllers\AdminController.php(36): view('/admin/inventory')
 6 SYSTEMPATH\CodeIgniter.php(919): App\Controllers\AdminController->inventory()
 7 SYSTEMPATH\CodeIgniter.php(494): CodeIgniter\CodeIgniter->runController(Object(App\Controllers\AdminController))
 8 SYSTEMPATH\CodeIgniter.php(353): CodeIgniter\CodeIgniter->handleRequest(null, Object(Config\Cache), false)
 9 FCPATH\index.php(79): CodeIgniter\CodeIgniter->run()
10 SYSTEMPATH\Commands\Server\rewrite.php(47): require_once('C:\\laragon\\www\\CoffeeLedger\\public\\index.php')
CRITICAL - 2024-01-10 03:28:23 --> Undefined variable $history
in APPPATH\Views\admin\history.php on line 71.
 1 APPPATH\Views\admin\history.php(71): CodeIgniter\Debug\Exceptions->errorHandler(2, 'Undefined variable $history', 'C:\\laragon\\www\\CoffeeLedger\\app\\Views\\admin\\history.php', 71)
 2 SYSTEMPATH\View\View.php(226): include('C:\\laragon\\www\\CoffeeLedger\\app\\Views\\admin\\history.php')
 3 SYSTEMPATH\View\View.php(229): CodeIgniter\View\View->CodeIgniter\View\{closure}()
 4 SYSTEMPATH\Common.php(1188): CodeIgniter\View\View->render('/admin/history', [], true)
 5 APPPATH\Controllers\AdminController.php(54): view('/admin/history')
 6 SYSTEMPATH\CodeIgniter.php(919): App\Controllers\AdminController->history()
 7 SYSTEMPATH\CodeIgniter.php(494): CodeIgniter\CodeIgniter->runController(Object(App\Controllers\AdminController))
 8 SYSTEMPATH\CodeIgniter.php(353): CodeIgniter\CodeIgniter->handleRequest(null, Object(Config\Cache), false)
 9 FCPATH\index.php(79): CodeIgniter\CodeIgniter->run()
10 SYSTEMPATH\Commands\Server\rewrite.php(47): require_once('C:\\laragon\\www\\CoffeeLedger\\public\\index.php')
CRITICAL - 2024-01-10 03:34:20 --> Undefined variable $history
in APPPATH\Views\admin\history.php on line 71.
 1 APPPATH\Views\admin\history.php(71): CodeIgniter\Debug\Exceptions->errorHandler(2, 'Undefined variable $history', 'C:\\laragon\\www\\CoffeeLedger\\app\\Views\\admin\\history.php', 71)
 2 SYSTEMPATH\View\View.php(226): include('C:\\laragon\\www\\CoffeeLedger\\app\\Views\\admin\\history.php')
 3 SYSTEMPATH\View\View.php(229): CodeIgniter\View\View->CodeIgniter\View\{closure}()
 4 SYSTEMPATH\Common.php(1188): CodeIgniter\View\View->render('/admin/history', [], true)
 5 APPPATH\Controllers\AdminController.php(54): view('/admin/history')
 6 SYSTEMPATH\CodeIgniter.php(919): App\Controllers\AdminController->history()
 7 SYSTEMPATH\CodeIgniter.php(494): CodeIgniter\CodeIgniter->runController(Object(App\Controllers\AdminController))
 8 SYSTEMPATH\CodeIgniter.php(353): CodeIgniter\CodeIgniter->handleRequest(null, Object(Config\Cache), false)
 9 FCPATH\index.php(79): CodeIgniter\CodeIgniter->run()
10 SYSTEMPATH\Commands\Server\rewrite.php(47): require_once('C:\\laragon\\www\\CoffeeLedger\\public\\index.php')
CRITICAL - 2024-01-10 03:34:29 --> Undefined variable $p
in APPPATH\Views\admin\history.php on line 76.
 1 APPPATH\Views\admin\history.php(76): CodeIgniter\Debug\Exceptions->errorHandler(2, 'Undefined variable $p', 'C:\\laragon\\www\\CoffeeLedger\\app\\Views\\admin\\history.php', 76)
 2 SYSTEMPATH\View\View.php(226): include('C:\\laragon\\www\\CoffeeLedger\\app\\Views\\admin\\history.php')
 3 SYSTEMPATH\View\View.php(229): CodeIgniter\View\View->CodeIgniter\View\{closure}()
 4 SYSTEMPATH\Common.php(1188): CodeIgniter\View\View->render('/admin/history', [], true)
 5 APPPATH\Controllers\AdminController.php(61): view('/admin/history', [...])
 6 SYSTEMPATH\CodeIgniter.php(919): App\Controllers\AdminController->gethistory()
 7 SYSTEMPATH\CodeIgniter.php(494): CodeIgniter\CodeIgniter->runController(Object(App\Controllers\AdminController))
 8 SYSTEMPATH\CodeIgniter.php(353): CodeIgniter\CodeIgniter->handleRequest(null, Object(Config\Cache), false)
 9 FCPATH\index.php(79): CodeIgniter\CodeIgniter->run()
10 SYSTEMPATH\Commands\Server\rewrite.php(47): require_once('C:\\laragon\\www\\CoffeeLedger\\public\\index.php')
CRITICAL - 2024-01-10 03:35:00 --> Undefined variable $history
in APPPATH\Views\admin\history.php on line 71.
 1 APPPATH\Views\admin\history.php(71): CodeIgniter\Debug\Exceptions->errorHandler(2, 'Undefined variable $history', 'C:\\laragon\\www\\CoffeeLedger\\app\\Views\\admin\\history.php', 71)
 2 SYSTEMPATH\View\View.php(226): include('C:\\laragon\\www\\CoffeeLedger\\app\\Views\\admin\\history.php')
 3 SYSTEMPATH\View\View.php(229): CodeIgniter\View\View->CodeIgniter\View\{closure}()
 4 SYSTEMPATH\Common.php(1188): CodeIgniter\View\View->render('/admin/history', [], true)
 5 APPPATH\Controllers\AdminController.php(54): view('/admin/history')
 6 SYSTEMPATH\CodeIgniter.php(919): App\Controllers\AdminController->history()
 7 SYSTEMPATH\CodeIgniter.php(494): CodeIgniter\CodeIgniter->runController(Object(App\Controllers\AdminController))
 8 SYSTEMPATH\CodeIgniter.php(353): CodeIgniter\CodeIgniter->handleRequest(null, Object(Config\Cache), false)
 9 FCPATH\index.php(79): CodeIgniter\CodeIgniter->run()
10 SYSTEMPATH\Commands\Server\rewrite.php(47): require_once('C:\\laragon\\www\\CoffeeLedger\\public\\index.php')
CRITICAL - 2024-01-10 03:35:03 --> Undefined array key "products"
in APPPATH\Views\admin\history.php on line 106.
 1 APPPATH\Views\admin\history.php(106): CodeIgniter\Debug\Exceptions->errorHandler(2, 'Undefined array key "products"', 'C:\\laragon\\www\\CoffeeLedger\\app\\Views\\admin\\history.php', 106)
 2 SYSTEMPATH\View\View.php(226): include('C:\\laragon\\www\\CoffeeLedger\\app\\Views\\admin\\history.php')
 3 SYSTEMPATH\View\View.php(229): CodeIgniter\View\View->CodeIgniter\View\{closure}()
 4 SYSTEMPATH\Common.php(1188): CodeIgniter\View\View->render('/admin/history', [], true)
 5 APPPATH\Controllers\AdminController.php(61): view('/admin/history', [...])
 6 SYSTEMPATH\CodeIgniter.php(919): App\Controllers\AdminController->gethistory()
 7 SYSTEMPATH\CodeIgniter.php(494): CodeIgniter\CodeIgniter->runController(Object(App\Controllers\AdminController))
 8 SYSTEMPATH\CodeIgniter.php(353): CodeIgniter\CodeIgniter->handleRequest(null, Object(Config\Cache), false)
 9 FCPATH\index.php(79): CodeIgniter\CodeIgniter->run()
10 SYSTEMPATH\Commands\Server\rewrite.php(47): require_once('C:\\laragon\\www\\CoffeeLedger\\public\\index.php')
CRITICAL - 2024-01-10 03:35:18 --> Undefined variable $history
in APPPATH\Views\admin\history.php on line 71.
 1 APPPATH\Views\admin\history.php(71): CodeIgniter\Debug\Exceptions->errorHandler(2, 'Undefined variable $history', 'C:\\laragon\\www\\CoffeeLedger\\app\\Views\\admin\\history.php', 71)
 2 SYSTEMPATH\View\View.php(226): include('C:\\laragon\\www\\CoffeeLedger\\app\\Views\\admin\\history.php')
 3 SYSTEMPATH\View\View.php(229): CodeIgniter\View\View->CodeIgniter\View\{closure}()
 4 SYSTEMPATH\Common.php(1188): CodeIgniter\View\View->render('/admin/history', [], true)
 5 APPPATH\Controllers\AdminController.php(54): view('/admin/history')
 6 SYSTEMPATH\CodeIgniter.php(919): App\Controllers\AdminController->history()
 7 SYSTEMPATH\CodeIgniter.php(494): CodeIgniter\CodeIgniter->runController(Object(App\Controllers\AdminController))
 8 SYSTEMPATH\CodeIgniter.php(353): CodeIgniter\CodeIgniter->handleRequest(null, Object(Config\Cache), false)
 9 FCPATH\index.php(79): CodeIgniter\CodeIgniter->run()
10 SYSTEMPATH\Commands\Server\rewrite.php(47): require_once('C:\\laragon\\www\\CoffeeLedger\\public\\index.php')
CRITICAL - 2024-01-10 03:53:23 --> Undefined variable $p
in APPPATH\Views\admin\manage_user.php on line 78.
 1 APPPATH\Views\admin\manage_user.php(78): CodeIgniter\Debug\Exceptions->errorHandler(2, 'Undefined variable $p', 'C:\\laragon\\www\\CoffeeLedger\\app\\Views\\admin\\manage_user.php', 78)
 2 SYSTEMPATH\View\View.php(226): include('C:\\laragon\\www\\CoffeeLedger\\app\\Views\\admin\\manage_user.php')
 3 SYSTEMPATH\View\View.php(229): CodeIgniter\View\View->CodeIgniter\View\{closure}()
 4 SYSTEMPATH\Common.php(1188): CodeIgniter\View\View->render('/admin/manage_user', [], true)
 5 APPPATH\Controllers\AdminController.php(60): view('/admin/manage_user', [...])
 6 SYSTEMPATH\CodeIgniter.php(919): App\Controllers\AdminController->manageuser()
 7 SYSTEMPATH\CodeIgniter.php(494): CodeIgniter\CodeIgniter->runController(Object(App\Controllers\AdminController))
 8 SYSTEMPATH\CodeIgniter.php(353): CodeIgniter\CodeIgniter->handleRequest(null, Object(Config\Cache), false)
 9 FCPATH\index.php(79): CodeIgniter\CodeIgniter->run()
10 SYSTEMPATH\Commands\Server\rewrite.php(47): require_once('C:\\laragon\\www\\CoffeeLedger\\public\\index.php')
CRITICAL - 2024-01-10 03:54:31 --> Undefined array key "created_at"
in APPPATH\Views\admin\manage_user.php on line 109.
 1 APPPATH\Views\admin\manage_user.php(109): CodeIgniter\Debug\Exceptions->errorHandler(2, 'Undefined array key "created_at"', 'C:\\laragon\\www\\CoffeeLedger\\app\\Views\\admin\\manage_user.php', 109)
 2 SYSTEMPATH\View\View.php(226): include('C:\\laragon\\www\\CoffeeLedger\\app\\Views\\admin\\manage_user.php')
 3 SYSTEMPATH\View\View.php(229): CodeIgniter\View\View->CodeIgniter\View\{closure}()
 4 SYSTEMPATH\Common.php(1188): CodeIgniter\View\View->render('/admin/manage_user', [], true)
 5 APPPATH\Controllers\AdminController.php(60): view('/admin/manage_user', [...])
 6 SYSTEMPATH\CodeIgniter.php(919): App\Controllers\AdminController->manageuser()
 7 SYSTEMPATH\CodeIgniter.php(494): CodeIgniter\CodeIgniter->runController(Object(App\Controllers\AdminController))
 8 SYSTEMPATH\CodeIgniter.php(353): CodeIgniter\CodeIgniter->handleRequest(null, Object(Config\Cache), false)
 9 FCPATH\index.php(79): CodeIgniter\CodeIgniter->run()
10 SYSTEMPATH\Commands\Server\rewrite.php(47): require_once('C:\\laragon\\www\\CoffeeLedger\\public\\index.php')
CRITICAL - 2024-01-10 04:03:56 --> Undefined variable $pdo
in APPPATH\Views\admin\inventory.php on line 136.
 1 APPPATH\Views\admin\inventory.php(136): CodeIgniter\Debug\Exceptions->errorHandler(2, 'Undefined variable $pdo', 'C:\\laragon\\www\\CoffeeLedger\\app\\Views\\admin\\inventory.php', 136)
 2 SYSTEMPATH\View\View.php(226): include('C:\\laragon\\www\\CoffeeLedger\\app\\Views\\admin\\inventory.php')
 3 SYSTEMPATH\View\View.php(229): CodeIgniter\View\View->CodeIgniter\View\{closure}()
 4 SYSTEMPATH\Common.php(1188): CodeIgniter\View\View->render('/admin/inventory', [], true)
 5 APPPATH\Controllers\AdminController.php(42): view('/admin/inventory', [...])
 6 SYSTEMPATH\CodeIgniter.php(919): App\Controllers\AdminController->getinventory()
 7 SYSTEMPATH\CodeIgniter.php(494): CodeIgniter\CodeIgniter->runController(Object(App\Controllers\AdminController))
 8 SYSTEMPATH\CodeIgniter.php(353): CodeIgniter\CodeIgniter->handleRequest(null, Object(Config\Cache), false)
 9 FCPATH\index.php(79): CodeIgniter\CodeIgniter->run()
10 SYSTEMPATH\Commands\Server\rewrite.php(47): require_once('C:\\laragon\\www\\CoffeeLedger\\public\\index.php')
CRITICAL - 2024-01-10 05:40:16 --> Undefined variable $router
in APPPATH\Config\Routes.php on line 18.
 1 APPPATH\Config\Routes.php(18): CodeIgniter\Debug\Exceptions->errorHandler(2, 'Undefined variable $router', 'C:\\laragon\\www\\CoffeeLedger\\app\\Config\\Routes.php', 18)
 2 SYSTEMPATH\Router\RouteCollection.php(339): require('C:\\laragon\\www\\CoffeeLedger\\app\\Config\\Routes.php')
 3 SYSTEMPATH\CodeIgniter.php(787): CodeIgniter\Router\RouteCollection->loadRoutes()
 4 SYSTEMPATH\CodeIgniter.php(442): CodeIgniter\CodeIgniter->tryToRouteIt(null)
 5 SYSTEMPATH\CodeIgniter.php(353): CodeIgniter\CodeIgniter->handleRequest(null, Object(Config\Cache), false)
 6 FCPATH\index.php(79): CodeIgniter\CodeIgniter->run()
 7 SYSTEMPATH\Commands\Server\rewrite.php(47): require_once('C:\\laragon\\www\\CoffeeLedger\\public\\index.php')
CRITICAL - 2024-01-10 05:40:57 --> Undefined variable $router
in APPPATH\Config\Routes.php on line 18.
 1 APPPATH\Config\Routes.php(18): CodeIgniter\Debug\Exceptions->errorHandler(2, 'Undefined variable $router', 'C:\\laragon\\www\\CoffeeLedger\\app\\Config\\Routes.php', 18)
 2 SYSTEMPATH\Router\RouteCollection.php(339): require('C:\\laragon\\www\\CoffeeLedger\\app\\Config\\Routes.php')
 3 SYSTEMPATH\CodeIgniter.php(787): CodeIgniter\Router\RouteCollection->loadRoutes()
 4 SYSTEMPATH\CodeIgniter.php(442): CodeIgniter\CodeIgniter->tryToRouteIt(null)
 5 SYSTEMPATH\CodeIgniter.php(353): CodeIgniter\CodeIgniter->handleRequest(null, Object(Config\Cache), false)
 6 FCPATH\index.php(79): CodeIgniter\CodeIgniter->run()
 7 SYSTEMPATH\Commands\Server\rewrite.php(47): require_once('C:\\laragon\\www\\CoffeeLedger\\public\\index.php')
CRITICAL - 2024-01-10 05:41:05 --> Undefined array key "id"
in APPPATH\Views\admin\inventory.php on line 156.
 1 APPPATH\Views\admin\inventory.php(156): CodeIgniter\Debug\Exceptions->errorHandler(2, 'Undefined array key "id"', 'C:\\laragon\\www\\CoffeeLedger\\app\\Views\\admin\\inventory.php', 156)
 2 SYSTEMPATH\View\View.php(226): include('C:\\laragon\\www\\CoffeeLedger\\app\\Views\\admin\\inventory.php')
 3 SYSTEMPATH\View\View.php(229): CodeIgniter\View\View->CodeIgniter\View\{closure}()
 4 SYSTEMPATH\Common.php(1188): CodeIgniter\View\View->render('/admin/inventory', [], true)
 5 APPPATH\Controllers\AdminController.php(42): view('/admin/inventory', [...])
 6 SYSTEMPATH\CodeIgniter.php(919): App\Controllers\AdminController->getinventory()
 7 SYSTEMPATH\CodeIgniter.php(494): CodeIgniter\CodeIgniter->runController(Object(App\Controllers\AdminController))
 8 SYSTEMPATH\CodeIgniter.php(353): CodeIgniter\CodeIgniter->handleRequest(null, Object(Config\Cache), false)
 9 FCPATH\index.php(79): CodeIgniter\CodeIgniter->run()
10 SYSTEMPATH\Commands\Server\rewrite.php(47): require_once('C:\\laragon\\www\\CoffeeLedger\\public\\index.php')
CRITICAL - 2024-01-10 05:44:37 --> Call to undefined method App\Models\ProductModel::updateRecord
in SYSTEMPATH\Model.php on line 873.
 1 APPPATH\Controllers\AdminController.php(60): CodeIgniter\Model->__call('updateRecord', [...])
 2 SYSTEMPATH\CodeIgniter.php(919): App\Controllers\AdminController->updateProduct('1')
 3 SYSTEMPATH\CodeIgniter.php(494): CodeIgniter\CodeIgniter->runController(Object(App\Controllers\AdminController))
 4 SYSTEMPATH\CodeIgniter.php(353): CodeIgniter\CodeIgniter->handleRequest(null, Object(Config\Cache), false)
 5 FCPATH\index.php(79): CodeIgniter\CodeIgniter->run()
 6 SYSTEMPATH\Commands\Server\rewrite.php(47): require_once('C:\\laragon\\www\\CoffeeLedger\\public\\index.php')
CRITICAL - 2024-01-10 05:45:04 --> Call to undefined method App\Models\ProductModel::updateProduct
in SYSTEMPATH\Model.php on line 873.
 1 APPPATH\Controllers\AdminController.php(60): CodeIgniter\Model->__call('updateProduct', [...])
 2 SYSTEMPATH\CodeIgniter.php(919): App\Controllers\AdminController->updateProduct('1')
 3 SYSTEMPATH\CodeIgniter.php(494): CodeIgniter\CodeIgniter->runController(Object(App\Controllers\AdminController))
 4 SYSTEMPATH\CodeIgniter.php(353): CodeIgniter\CodeIgniter->handleRequest(null, Object(Config\Cache), false)
 5 FCPATH\index.php(79): CodeIgniter\CodeIgniter->run()
 6 SYSTEMPATH\Commands\Server\rewrite.php(47): require_once('C:\\laragon\\www\\CoffeeLedger\\public\\index.php')
CRITICAL - 2024-01-10 05:45:09 --> Call to undefined method App\Models\ProductModel::updateProduct
in SYSTEMPATH\Model.php on line 873.
 1 APPPATH\Controllers\AdminController.php(60): CodeIgniter\Model->__call('updateProduct', [...])
 2 SYSTEMPATH\CodeIgniter.php(919): App\Controllers\AdminController->updateProduct('1')
 3 SYSTEMPATH\CodeIgniter.php(494): CodeIgniter\CodeIgniter->runController(Object(App\Controllers\AdminController))
 4 SYSTEMPATH\CodeIgniter.php(353): CodeIgniter\CodeIgniter->handleRequest(null, Object(Config\Cache), false)
 5 FCPATH\index.php(79): CodeIgniter\CodeIgniter->run()
 6 SYSTEMPATH\Commands\Server\rewrite.php(47): require_once('C:\\laragon\\www\\CoffeeLedger\\public\\index.php')
CRITICAL - 2024-01-10 05:48:24 --> Undefined variable $product_id
in APPPATH\Views\admin\inventory.php on line 119.
 1 APPPATH\Views\admin\inventory.php(119): CodeIgniter\Debug\Exceptions->errorHandler(2, 'Undefined variable $product_id', 'C:\\laragon\\www\\CoffeeLedger\\app\\Views\\admin\\inventory.php', 119)
 2 SYSTEMPATH\View\View.php(226): include('C:\\laragon\\www\\CoffeeLedger\\app\\Views\\admin\\inventory.php')
 3 SYSTEMPATH\View\View.php(229): CodeIgniter\View\View->CodeIgniter\View\{closure}()
 4 SYSTEMPATH\Common.php(1188): CodeIgniter\View\View->render('/admin/inventory', [], true)
 5 APPPATH\Controllers\AdminController.php(42): view('/admin/inventory', [...])
 6 SYSTEMPATH\CodeIgniter.php(919): App\Controllers\AdminController->getinventory()
 7 SYSTEMPATH\CodeIgniter.php(494): CodeIgniter\CodeIgniter->runController(Object(App\Controllers\AdminController))
 8 SYSTEMPATH\CodeIgniter.php(353): CodeIgniter\CodeIgniter->handleRequest(null, Object(Config\Cache), false)
 9 FCPATH\index.php(79): CodeIgniter\CodeIgniter->run()
10 SYSTEMPATH\Commands\Server\rewrite.php(47): require_once('C:\\laragon\\www\\CoffeeLedger\\public\\index.php')
CRITICAL - 2024-01-10 05:48:29 --> Undefined variable $product_id
in APPPATH\Views\admin\inventory.php on line 119.
 1 APPPATH\Views\admin\inventory.php(119): CodeIgniter\Debug\Exceptions->errorHandler(2, 'Undefined variable $product_id', 'C:\\laragon\\www\\CoffeeLedger\\app\\Views\\admin\\inventory.php', 119)
 2 SYSTEMPATH\View\View.php(226): include('C:\\laragon\\www\\CoffeeLedger\\app\\Views\\admin\\inventory.php')
 3 SYSTEMPATH\View\View.php(229): CodeIgniter\View\View->CodeIgniter\View\{closure}()
 4 SYSTEMPATH\Common.php(1188): CodeIgniter\View\View->render('/admin/inventory', [], true)
 5 APPPATH\Controllers\AdminController.php(42): view('/admin/inventory', [...])
 6 SYSTEMPATH\CodeIgniter.php(919): App\Controllers\AdminController->getinventory()
 7 SYSTEMPATH\CodeIgniter.php(494): CodeIgniter\CodeIgniter->runController(Object(App\Controllers\AdminController))
 8 SYSTEMPATH\CodeIgniter.php(353): CodeIgniter\CodeIgniter->handleRequest(null, Object(Config\Cache), false)
 9 FCPATH\index.php(79): CodeIgniter\CodeIgniter->run()
10 SYSTEMPATH\Commands\Server\rewrite.php(47): require_once('C:\\laragon\\www\\CoffeeLedger\\public\\index.php')
CRITICAL - 2024-01-10 05:57:04 --> Undefined variable $uprod
in APPPATH\Views\admin\inventory.php on line 119.
 1 APPPATH\Views\admin\inventory.php(119): CodeIgniter\Debug\Exceptions->errorHandler(2, 'Undefined variable $uprod', 'C:\\laragon\\www\\CoffeeLedger\\app\\Views\\admin\\inventory.php', 119)
 2 SYSTEMPATH\View\View.php(226): include('C:\\laragon\\www\\CoffeeLedger\\app\\Views\\admin\\inventory.php')
 3 SYSTEMPATH\View\View.php(229): CodeIgniter\View\View->CodeIgniter\View\{closure}()
 4 SYSTEMPATH\Common.php(1188): CodeIgniter\View\View->render('/admin/inventory', [], true)
 5 APPPATH\Controllers\AdminController.php(42): view('/admin/inventory', [...])
 6 SYSTEMPATH\CodeIgniter.php(919): App\Controllers\AdminController->getinventory()
 7 SYSTEMPATH\CodeIgniter.php(494): CodeIgniter\CodeIgniter->runController(Object(App\Controllers\AdminController))
 8 SYSTEMPATH\CodeIgniter.php(353): CodeIgniter\CodeIgniter->handleRequest(null, Object(Config\Cache), false)
 9 FCPATH\index.php(79): CodeIgniter\CodeIgniter->run()
10 SYSTEMPATH\Commands\Server\rewrite.php(47): require_once('C:\\laragon\\www\\CoffeeLedger\\public\\index.php')
CRITICAL - 2024-01-10 06:03:06 --> CodeIgniter\Router\RouteCollection::match(): Argument #1 ($verbs) must be of type array, string given, called in C:\laragon\www\CoffeeLedger\app\Config\Routes.php on line 18
in SYSTEMPATH\Router\RouteCollection.php on line 991.
 1 APPPATH\Config\Routes.php(18): CodeIgniter\Router\RouteCollection->match('/updateProduct/', 'AdminController::updateproduct', 'GET|POST')
 2 SYSTEMPATH\Router\RouteCollection.php(339): require('C:\\laragon\\www\\CoffeeLedger\\app\\Config\\Routes.php')
 3 SYSTEMPATH\CodeIgniter.php(787): CodeIgniter\Router\RouteCollection->loadRoutes()
 4 SYSTEMPATH\CodeIgniter.php(442): CodeIgniter\CodeIgniter->tryToRouteIt(null)
 5 SYSTEMPATH\CodeIgniter.php(353): CodeIgniter\CodeIgniter->handleRequest(null, Object(Config\Cache), false)
 6 FCPATH\index.php(79): CodeIgniter\CodeIgniter->run()
 7 SYSTEMPATH\Commands\Server\rewrite.php(47): require_once('C:\\laragon\\www\\CoffeeLedger\\public\\index.php')
CRITICAL - 2024-01-10 06:10:13 --> Undefined variable $uprod
in APPPATH\Views\admin\inventory.php on line 119.
 1 APPPATH\Views\admin\inventory.php(119): CodeIgniter\Debug\Exceptions->errorHandler(2, 'Undefined variable $uprod', 'C:\\laragon\\www\\CoffeeLedger\\app\\Views\\admin\\inventory.php', 119)
 2 SYSTEMPATH\View\View.php(226): include('C:\\laragon\\www\\CoffeeLedger\\app\\Views\\admin\\inventory.php')
 3 SYSTEMPATH\View\View.php(229): CodeIgniter\View\View->CodeIgniter\View\{closure}()
 4 SYSTEMPATH\Common.php(1188): CodeIgniter\View\View->render('/admin/inventory', [], true)
 5 APPPATH\Controllers\AdminController.php(42): view('/admin/inventory', [...])
 6 SYSTEMPATH\CodeIgniter.php(919): App\Controllers\AdminController->getinventory()
 7 SYSTEMPATH\CodeIgniter.php(494): CodeIgniter\CodeIgniter->runController(Object(App\Controllers\AdminController))
 8 SYSTEMPATH\CodeIgniter.php(353): CodeIgniter\CodeIgniter->handleRequest(null, Object(Config\Cache), false)
 9 FCPATH\index.php(79): CodeIgniter\CodeIgniter->run()
10 SYSTEMPATH\Commands\Server\rewrite.php(47): require_once('C:\\laragon\\www\\CoffeeLedger\\public\\index.php')
CRITICAL - 2024-01-10 06:10:36 --> Undefined variable $uprod
in APPPATH\Views\admin\inventory.php on line 119.
 1 APPPATH\Views\admin\inventory.php(119): CodeIgniter\Debug\Exceptions->errorHandler(2, 'Undefined variable $uprod', 'C:\\laragon\\www\\CoffeeLedger\\app\\Views\\admin\\inventory.php', 119)
 2 SYSTEMPATH\View\View.php(226): include('C:\\laragon\\www\\CoffeeLedger\\app\\Views\\admin\\inventory.php')
 3 SYSTEMPATH\View\View.php(229): CodeIgniter\View\View->CodeIgniter\View\{closure}()
 4 SYSTEMPATH\Common.php(1188): CodeIgniter\View\View->render('/admin/inventory', [], true)
 5 APPPATH\Controllers\AdminController.php(42): view('/admin/inventory', [...])
 6 SYSTEMPATH\CodeIgniter.php(919): App\Controllers\AdminController->getinventory()
 7 SYSTEMPATH\CodeIgniter.php(494): CodeIgniter\CodeIgniter->runController(Object(App\Controllers\AdminController))
 8 SYSTEMPATH\CodeIgniter.php(353): CodeIgniter\CodeIgniter->handleRequest(null, Object(Config\Cache), false)
 9 FCPATH\index.php(79): CodeIgniter\CodeIgniter->run()
10 SYSTEMPATH\Commands\Server\rewrite.php(47): require_once('C:\\laragon\\www\\CoffeeLedger\\public\\index.php')
CRITICAL - 2024-01-10 06:25:38 --> Undefined variable $uprod
in APPPATH\Views\admin\inventory.php on line 119.
 1 APPPATH\Views\admin\inventory.php(119): CodeIgniter\Debug\Exceptions->errorHandler(2, 'Undefined variable $uprod', 'C:\\laragon\\www\\CoffeeLedger\\app\\Views\\admin\\inventory.php', 119)
 2 SYSTEMPATH\View\View.php(226): include('C:\\laragon\\www\\CoffeeLedger\\app\\Views\\admin\\inventory.php')
 3 SYSTEMPATH\View\View.php(229): CodeIgniter\View\View->CodeIgniter\View\{closure}()
 4 SYSTEMPATH\Common.php(1188): CodeIgniter\View\View->render('/admin/inventory', [], true)
 5 APPPATH\Controllers\AdminController.php(42): view('/admin/inventory', [...])
 6 SYSTEMPATH\CodeIgniter.php(919): App\Controllers\AdminController->getinventory()
 7 SYSTEMPATH\CodeIgniter.php(494): CodeIgniter\CodeIgniter->runController(Object(App\Controllers\AdminController))
 8 SYSTEMPATH\CodeIgniter.php(353): CodeIgniter\CodeIgniter->handleRequest(null, Object(Config\Cache), false)
 9 FCPATH\index.php(79): CodeIgniter\CodeIgniter->run()
10 SYSTEMPATH\Commands\Server\rewrite.php(47): require_once('C:\\laragon\\www\\CoffeeLedger\\public\\index.php')
CRITICAL - 2024-01-10 06:27:10 --> Undefined array key "description "
in APPPATH\Views\admin\inventory.php on line 138.
 1 APPPATH\Views\admin\inventory.php(138): CodeIgniter\Debug\Exceptions->errorHandler(2, 'Undefined array key "description "', 'C:\\laragon\\www\\CoffeeLedger\\app\\Views\\admin\\inventory.php', 138)
 2 SYSTEMPATH\View\View.php(226): include('C:\\laragon\\www\\CoffeeLedger\\app\\Views\\admin\\inventory.php')
 3 SYSTEMPATH\View\View.php(229): CodeIgniter\View\View->CodeIgniter\View\{closure}()
 4 SYSTEMPATH\Common.php(1188): CodeIgniter\View\View->render('/admin/inventory', [], true)
 5 APPPATH\Controllers\AdminController.php(42): view('/admin/inventory', [...])
 6 SYSTEMPATH\CodeIgniter.php(919): App\Controllers\AdminController->getinventory()
 7 SYSTEMPATH\CodeIgniter.php(494): CodeIgniter\CodeIgniter->runController(Object(App\Controllers\AdminController))
 8 SYSTEMPATH\CodeIgniter.php(353): CodeIgniter\CodeIgniter->handleRequest(null, Object(Config\Cache), false)
 9 FCPATH\index.php(79): CodeIgniter\CodeIgniter->run()
10 SYSTEMPATH\Commands\Server\rewrite.php(47): require_once('C:\\laragon\\www\\CoffeeLedger\\public\\index.php')
CRITICAL - 2024-01-10 06:28:55 --> Undefined variable $uprod
in APPPATH\Views\admin\inventory.php on line 119.
 1 APPPATH\Views\admin\inventory.php(119): CodeIgniter\Debug\Exceptions->errorHandler(2, 'Undefined variable $uprod', 'C:\\laragon\\www\\CoffeeLedger\\app\\Views\\admin\\inventory.php', 119)
 2 SYSTEMPATH\View\View.php(226): include('C:\\laragon\\www\\CoffeeLedger\\app\\Views\\admin\\inventory.php')
 3 SYSTEMPATH\View\View.php(229): CodeIgniter\View\View->CodeIgniter\View\{closure}()
 4 SYSTEMPATH\Common.php(1188): CodeIgniter\View\View->render('/admin/inventory', [], true)
 5 APPPATH\Controllers\AdminController.php(42): view('/admin/inventory', [...])
 6 SYSTEMPATH\CodeIgniter.php(919): App\Controllers\AdminController->getinventory()
 7 SYSTEMPATH\CodeIgniter.php(494): CodeIgniter\CodeIgniter->runController(Object(App\Controllers\AdminController))
 8 SYSTEMPATH\CodeIgniter.php(353): CodeIgniter\CodeIgniter->handleRequest(null, Object(Config\Cache), false)
 9 FCPATH\index.php(79): CodeIgniter\CodeIgniter->run()
10 SYSTEMPATH\Commands\Server\rewrite.php(47): require_once('C:\\laragon\\www\\CoffeeLedger\\public\\index.php')
CRITICAL - 2024-01-10 06:29:43 --> Undefined variable $uprod
in APPPATH\Views\admin\inventory.php on line 119.
 1 APPPATH\Views\admin\inventory.php(119): CodeIgniter\Debug\Exceptions->errorHandler(2, 'Undefined variable $uprod', 'C:\\laragon\\www\\CoffeeLedger\\app\\Views\\admin\\inventory.php', 119)
 2 SYSTEMPATH\View\View.php(226): include('C:\\laragon\\www\\CoffeeLedger\\app\\Views\\admin\\inventory.php')
 3 SYSTEMPATH\View\View.php(229): CodeIgniter\View\View->CodeIgniter\View\{closure}()
 4 SYSTEMPATH\Common.php(1188): CodeIgniter\View\View->render('/admin/inventory', [], true)
 5 APPPATH\Controllers\AdminController.php(42): view('/admin/inventory', [...])
 6 SYSTEMPATH\CodeIgniter.php(919): App\Controllers\AdminController->getinventory()
 7 SYSTEMPATH\CodeIgniter.php(494): CodeIgniter\CodeIgniter->runController(Object(App\Controllers\AdminController))
 8 SYSTEMPATH\CodeIgniter.php(353): CodeIgniter\CodeIgniter->handleRequest(null, Object(Config\Cache), false)
 9 FCPATH\index.php(79): CodeIgniter\CodeIgniter->run()
10 SYSTEMPATH\Commands\Server\rewrite.php(47): require_once('C:\\laragon\\www\\CoffeeLedger\\public\\index.php')
CRITICAL - 2024-01-10 06:29:46 --> Undefined variable $uprod
in APPPATH\Views\admin\inventory.php on line 119.
 1 APPPATH\Views\admin\inventory.php(119): CodeIgniter\Debug\Exceptions->errorHandler(2, 'Undefined variable $uprod', 'C:\\laragon\\www\\CoffeeLedger\\app\\Views\\admin\\inventory.php', 119)
 2 SYSTEMPATH\View\View.php(226): include('C:\\laragon\\www\\CoffeeLedger\\app\\Views\\admin\\inventory.php')
 3 SYSTEMPATH\View\View.php(229): CodeIgniter\View\View->CodeIgniter\View\{closure}()
 4 SYSTEMPATH\Common.php(1188): CodeIgniter\View\View->render('/admin/inventory', [], true)
 5 APPPATH\Controllers\AdminController.php(42): view('/admin/inventory', [...])
 6 SYSTEMPATH\CodeIgniter.php(919): App\Controllers\AdminController->getinventory()
 7 SYSTEMPATH\CodeIgniter.php(494): CodeIgniter\CodeIgniter->runController(Object(App\Controllers\AdminController))
 8 SYSTEMPATH\CodeIgniter.php(353): CodeIgniter\CodeIgniter->handleRequest(null, Object(Config\Cache), false)
 9 FCPATH\index.php(79): CodeIgniter\CodeIgniter->run()
10 SYSTEMPATH\Commands\Server\rewrite.php(47): require_once('C:\\laragon\\www\\CoffeeLedger\\public\\index.php')
CRITICAL - 2024-01-10 06:39:04 --> Undefined variable $prod
in APPPATH\Views\admin\edit_inventory.php on line 20.
 1 APPPATH\Views\admin\edit_inventory.php(20): CodeIgniter\Debug\Exceptions->errorHandler(2, 'Undefined variable $prod', 'C:\\laragon\\www\\CoffeeLedger\\app\\Views\\admin\\edit_inventory.php', 20)
 2 SYSTEMPATH\View\View.php(226): include('C:\\laragon\\www\\CoffeeLedger\\app\\Views\\admin\\edit_inventory.php')
 3 SYSTEMPATH\View\View.php(229): CodeIgniter\View\View->CodeIgniter\View\{closure}()
 4 SYSTEMPATH\Common.php(1188): CodeIgniter\View\View->render('/admin/edit_inventory', [], true)
 5 APPPATH\Controllers\AdminController.php(39): view('/admin/edit_inventory')
 6 SYSTEMPATH\CodeIgniter.php(919): App\Controllers\AdminController->editinventory()
 7 SYSTEMPATH\CodeIgniter.php(494): CodeIgniter\CodeIgniter->runController(Object(App\Controllers\AdminController))
 8 SYSTEMPATH\CodeIgniter.php(353): CodeIgniter\CodeIgniter->handleRequest(null, Object(Config\Cache), false)
 9 FCPATH\index.php(79): CodeIgniter\CodeIgniter->run()
10 SYSTEMPATH\Commands\Server\rewrite.php(47): require_once('C:\\laragon\\www\\CoffeeLedger\\public\\index.php')
CRITICAL - 2024-01-10 06:39:37 --> Undefined variable $uprod
in APPPATH\Views\admin\edit_inventory.php on line 20.
 1 APPPATH\Views\admin\edit_inventory.php(20): CodeIgniter\Debug\Exceptions->errorHandler(2, 'Undefined variable $uprod', 'C:\\laragon\\www\\CoffeeLedger\\app\\Views\\admin\\edit_inventory.php', 20)
 2 SYSTEMPATH\View\View.php(226): include('C:\\laragon\\www\\CoffeeLedger\\app\\Views\\admin\\edit_inventory.php')
 3 SYSTEMPATH\View\View.php(229): CodeIgniter\View\View->CodeIgniter\View\{closure}()
 4 SYSTEMPATH\Common.php(1188): CodeIgniter\View\View->render('/admin/edit_inventory', [], true)
 5 APPPATH\Controllers\AdminController.php(39): view('/admin/edit_inventory')
 6 SYSTEMPATH\CodeIgniter.php(919): App\Controllers\AdminController->editinventory()
 7 SYSTEMPATH\CodeIgniter.php(494): CodeIgniter\CodeIgniter->runController(Object(App\Controllers\AdminController))
 8 SYSTEMPATH\CodeIgniter.php(353): CodeIgniter\CodeIgniter->handleRequest(null, Object(Config\Cache), false)
 9 FCPATH\index.php(79): CodeIgniter\CodeIgniter->run()
10 SYSTEMPATH\Commands\Server\rewrite.php(47): require_once('C:\\laragon\\www\\CoffeeLedger\\public\\index.php')
CRITICAL - 2024-01-10 06:44:01 --> Undefined variable $p
in APPPATH\Views\admin\edit_inventory.php on line 24.
 1 APPPATH\Views\admin\edit_inventory.php(24): CodeIgniter\Debug\Exceptions->errorHandler(2, 'Undefined variable $p', 'C:\\laragon\\www\\CoffeeLedger\\app\\Views\\admin\\edit_inventory.php', 24)
 2 SYSTEMPATH\View\View.php(226): include('C:\\laragon\\www\\CoffeeLedger\\app\\Views\\admin\\edit_inventory.php')
 3 SYSTEMPATH\View\View.php(229): CodeIgniter\View\View->CodeIgniter\View\{closure}()
 4 SYSTEMPATH\Common.php(1188): CodeIgniter\View\View->render('/admin/edit_inventory', [], true)
 5 APPPATH\Controllers\AdminController.php(39): view('/admin/edit_inventory')
 6 SYSTEMPATH\CodeIgniter.php(919): App\Controllers\AdminController->editinventory()
 7 SYSTEMPATH\CodeIgniter.php(494): CodeIgniter\CodeIgniter->runController(Object(App\Controllers\AdminController))
 8 SYSTEMPATH\CodeIgniter.php(353): CodeIgniter\CodeIgniter->handleRequest(null, Object(Config\Cache), false)
 9 FCPATH\index.php(79): CodeIgniter\CodeIgniter->run()
10 SYSTEMPATH\Commands\Server\rewrite.php(47): require_once('C:\\laragon\\www\\CoffeeLedger\\public\\index.php')
CRITICAL - 2024-01-10 06:46:28 --> Undefined variable $uprod
in APPPATH\Views\admin\edit_inventory.php on line 24.
 1 APPPATH\Views\admin\edit_inventory.php(24): CodeIgniter\Debug\Exceptions->errorHandler(2, 'Undefined variable $uprod', 'C:\\laragon\\www\\CoffeeLedger\\app\\Views\\admin\\edit_inventory.php', 24)
 2 SYSTEMPATH\View\View.php(226): include('C:\\laragon\\www\\CoffeeLedger\\app\\Views\\admin\\edit_inventory.php')
 3 SYSTEMPATH\View\View.php(229): CodeIgniter\View\View->CodeIgniter\View\{closure}()
 4 SYSTEMPATH\Common.php(1188): CodeIgniter\View\View->render('/admin/edit_inventory', [], true)
 5 APPPATH\Controllers\AdminController.php(39): view('/admin/edit_inventory')
 6 SYSTEMPATH\CodeIgniter.php(919): App\Controllers\AdminController->editinventory()
 7 SYSTEMPATH\CodeIgniter.php(494): CodeIgniter\CodeIgniter->runController(Object(App\Controllers\AdminController))
 8 SYSTEMPATH\CodeIgniter.php(353): CodeIgniter\CodeIgniter->handleRequest(null, Object(Config\Cache), false)
 9 FCPATH\index.php(79): CodeIgniter\CodeIgniter->run()
10 SYSTEMPATH\Commands\Server\rewrite.php(47): require_once('C:\\laragon\\www\\CoffeeLedger\\public\\index.php')
CRITICAL - 2024-01-10 06:52:01 --> syntax error, unexpected end of file
in APPPATH\Views\admin\edit_inventory.php on line 64.
 1 SYSTEMPATH\View\View.php(229): CodeIgniter\View\View->CodeIgniter\View\{closure}()
 2 SYSTEMPATH\Common.php(1188): CodeIgniter\View\View->render('/admin/edit_inventory', [], true)
 3 APPPATH\Controllers\AdminController.php(39): view('/admin/edit_inventory')
 4 SYSTEMPATH\CodeIgniter.php(919): App\Controllers\AdminController->editinventory()
 5 SYSTEMPATH\CodeIgniter.php(494): CodeIgniter\CodeIgniter->runController(Object(App\Controllers\AdminController))
 6 SYSTEMPATH\CodeIgniter.php(353): CodeIgniter\CodeIgniter->handleRequest(null, Object(Config\Cache), false)
 7 FCPATH\index.php(79): CodeIgniter\CodeIgniter->run()
 8 SYSTEMPATH\Commands\Server\rewrite.php(47): require_once('C:\\laragon\\www\\CoffeeLedger\\public\\index.php')
CRITICAL - 2024-01-10 06:52:33 --> Undefined variable $uprod
in APPPATH\Views\admin\edit_inventory.php on line 21.
 1 APPPATH\Views\admin\edit_inventory.php(21): CodeIgniter\Debug\Exceptions->errorHandler(2, 'Undefined variable $uprod', 'C:\\laragon\\www\\CoffeeLedger\\app\\Views\\admin\\edit_inventory.php', 21)
 2 SYSTEMPATH\View\View.php(226): include('C:\\laragon\\www\\CoffeeLedger\\app\\Views\\admin\\edit_inventory.php')
 3 SYSTEMPATH\View\View.php(229): CodeIgniter\View\View->CodeIgniter\View\{closure}()
 4 SYSTEMPATH\Common.php(1188): CodeIgniter\View\View->render('/admin/edit_inventory', [], true)
 5 APPPATH\Controllers\AdminController.php(39): view('/admin/edit_inventory')
 6 SYSTEMPATH\CodeIgniter.php(919): App\Controllers\AdminController->editinventory()
 7 SYSTEMPATH\CodeIgniter.php(494): CodeIgniter\CodeIgniter->runController(Object(App\Controllers\AdminController))
 8 SYSTEMPATH\CodeIgniter.php(353): CodeIgniter\CodeIgniter->handleRequest(null, Object(Config\Cache), false)
 9 FCPATH\index.php(79): CodeIgniter\CodeIgniter->run()
10 SYSTEMPATH\Commands\Server\rewrite.php(47): require_once('C:\\laragon\\www\\CoffeeLedger\\public\\index.php')
CRITICAL - 2024-01-10 06:54:46 --> Undefined variable $uprod
in APPPATH\Views\admin\edit_inventory.php on line 21.
 1 APPPATH\Views\admin\edit_inventory.php(21): CodeIgniter\Debug\Exceptions->errorHandler(2, 'Undefined variable $uprod', 'C:\\laragon\\www\\CoffeeLedger\\app\\Views\\admin\\edit_inventory.php', 21)
 2 SYSTEMPATH\View\View.php(226): include('C:\\laragon\\www\\CoffeeLedger\\app\\Views\\admin\\edit_inventory.php')
 3 SYSTEMPATH\View\View.php(229): CodeIgniter\View\View->CodeIgniter\View\{closure}()
 4 SYSTEMPATH\Common.php(1188): CodeIgniter\View\View->render('/admin/edit_inventory', [], true)
 5 APPPATH\Controllers\AdminController.php(39): view('/admin/edit_inventory')
 6 SYSTEMPATH\CodeIgniter.php(919): App\Controllers\AdminController->editinventory()
 7 SYSTEMPATH\CodeIgniter.php(494): CodeIgniter\CodeIgniter->runController(Object(App\Controllers\AdminController))
 8 SYSTEMPATH\CodeIgniter.php(353): CodeIgniter\CodeIgniter->handleRequest(null, Object(Config\Cache), false)
 9 FCPATH\index.php(79): CodeIgniter\CodeIgniter->run()
10 SYSTEMPATH\Commands\Server\rewrite.php(47): require_once('C:\\laragon\\www\\CoffeeLedger\\public\\index.php')
CRITICAL - 2024-01-10 06:56:53 --> Undefined variable $uprod
in APPPATH\Views\admin\edit_inventory.php on line 21.
 1 APPPATH\Views\admin\edit_inventory.php(21): CodeIgniter\Debug\Exceptions->errorHandler(2, 'Undefined variable $uprod', 'C:\\laragon\\www\\CoffeeLedger\\app\\Views\\admin\\edit_inventory.php', 21)
 2 SYSTEMPATH\View\View.php(226): include('C:\\laragon\\www\\CoffeeLedger\\app\\Views\\admin\\edit_inventory.php')
 3 SYSTEMPATH\View\View.php(229): CodeIgniter\View\View->CodeIgniter\View\{closure}()
 4 SYSTEMPATH\Common.php(1188): CodeIgniter\View\View->render('/admin/edit_inventory', [], true)
 5 APPPATH\Controllers\AdminController.php(39): view('/admin/edit_inventory')
 6 SYSTEMPATH\CodeIgniter.php(919): App\Controllers\AdminController->editinventory()
 7 SYSTEMPATH\CodeIgniter.php(494): CodeIgniter\CodeIgniter->runController(Object(App\Controllers\AdminController))
 8 SYSTEMPATH\CodeIgniter.php(353): CodeIgniter\CodeIgniter->handleRequest(null, Object(Config\Cache), false)
 9 FCPATH\index.php(79): CodeIgniter\CodeIgniter->run()
10 SYSTEMPATH\Commands\Server\rewrite.php(47): require_once('C:\\laragon\\www\\CoffeeLedger\\public\\index.php')
CRITICAL - 2024-01-10 07:01:19 --> Undefined variable $uprod
in APPPATH\Views\admin\edit_inventory.php on line 21.
 1 APPPATH\Views\admin\edit_inventory.php(21): CodeIgniter\Debug\Exceptions->errorHandler(2, 'Undefined variable $uprod', 'C:\\laragon\\www\\CoffeeLedger\\app\\Views\\admin\\edit_inventory.php', 21)
 2 SYSTEMPATH\View\View.php(226): include('C:\\laragon\\www\\CoffeeLedger\\app\\Views\\admin\\edit_inventory.php')
 3 SYSTEMPATH\View\View.php(229): CodeIgniter\View\View->CodeIgniter\View\{closure}()
 4 SYSTEMPATH\Common.php(1188): CodeIgniter\View\View->render('/admin/edit_inventory', [], true)
 5 APPPATH\Controllers\AdminController.php(39): view('/admin/edit_inventory')
 6 SYSTEMPATH\CodeIgniter.php(919): App\Controllers\AdminController->editinventory()
 7 SYSTEMPATH\CodeIgniter.php(494): CodeIgniter\CodeIgniter->runController(Object(App\Controllers\AdminController))
 8 SYSTEMPATH\CodeIgniter.php(353): CodeIgniter\CodeIgniter->handleRequest(null, Object(Config\Cache), false)
 9 FCPATH\index.php(79): CodeIgniter\CodeIgniter->run()
10 SYSTEMPATH\Commands\Server\rewrite.php(47): require_once('C:\\laragon\\www\\CoffeeLedger\\public\\index.php')
CRITICAL - 2024-01-10 07:01:30 --> Undefined variable $uprod
in APPPATH\Views\admin\edit_inventory.php on line 21.
 1 APPPATH\Views\admin\edit_inventory.php(21): CodeIgniter\Debug\Exceptions->errorHandler(2, 'Undefined variable $uprod', 'C:\\laragon\\www\\CoffeeLedger\\app\\Views\\admin\\edit_inventory.php', 21)
 2 SYSTEMPATH\View\View.php(226): include('C:\\laragon\\www\\CoffeeLedger\\app\\Views\\admin\\edit_inventory.php')
 3 SYSTEMPATH\View\View.php(229): CodeIgniter\View\View->CodeIgniter\View\{closure}()
 4 SYSTEMPATH\Common.php(1188): CodeIgniter\View\View->render('/admin/edit_inventory', [], true)
 5 APPPATH\Controllers\AdminController.php(39): view('/admin/edit_inventory')
 6 SYSTEMPATH\CodeIgniter.php(919): App\Controllers\AdminController->editinventory()
 7 SYSTEMPATH\CodeIgniter.php(494): CodeIgniter\CodeIgniter->runController(Object(App\Controllers\AdminController))
 8 SYSTEMPATH\CodeIgniter.php(353): CodeIgniter\CodeIgniter->handleRequest(null, Object(Config\Cache), false)
 9 FCPATH\index.php(79): CodeIgniter\CodeIgniter->run()
10 SYSTEMPATH\Commands\Server\rewrite.php(47): require_once('C:\\laragon\\www\\CoffeeLedger\\public\\index.php')
CRITICAL - 2024-01-10 07:15:00 --> Too few arguments to function App\Controllers\AdminController::editinventory(), 0 passed in C:\laragon\www\CoffeeLedger\system\CodeIgniter.php on line 919 and exactly 1 expected
in APPPATH\Controllers\AdminController.php on line 38.
 1 SYSTEMPATH\CodeIgniter.php(919): App\Controllers\AdminController->editinventory()
 2 SYSTEMPATH\CodeIgniter.php(494): CodeIgniter\CodeIgniter->runController(Object(App\Controllers\AdminController))
 3 SYSTEMPATH\CodeIgniter.php(353): CodeIgniter\CodeIgniter->handleRequest(null, Object(Config\Cache), false)
 4 FCPATH\index.php(79): CodeIgniter\CodeIgniter->run()
 5 SYSTEMPATH\Commands\Server\rewrite.php(47): require_once('C:\\laragon\\www\\CoffeeLedger\\public\\index.php')
CRITICAL - 2024-01-10 07:15:57 --> Too few arguments to function App\Controllers\AdminController::editinventory(), 0 passed in C:\laragon\www\CoffeeLedger\system\CodeIgniter.php on line 919 and exactly 1 expected
in APPPATH\Controllers\AdminController.php on line 38.
 1 SYSTEMPATH\CodeIgniter.php(919): App\Controllers\AdminController->editinventory()
 2 SYSTEMPATH\CodeIgniter.php(494): CodeIgniter\CodeIgniter->runController(Object(App\Controllers\AdminController))
 3 SYSTEMPATH\CodeIgniter.php(353): CodeIgniter\CodeIgniter->handleRequest(null, Object(Config\Cache), false)
 4 FCPATH\index.php(79): CodeIgniter\CodeIgniter->run()
 5 SYSTEMPATH\Commands\Server\rewrite.php(47): require_once('C:\\laragon\\www\\CoffeeLedger\\public\\index.php')
CRITICAL - 2024-01-10 07:18:29 --> Too few arguments to function App\Controllers\AdminController::editinventory(), 0 passed in C:\laragon\www\CoffeeLedger\system\CodeIgniter.php on line 919 and exactly 1 expected
in APPPATH\Controllers\AdminController.php on line 38.
 1 SYSTEMPATH\CodeIgniter.php(919): App\Controllers\AdminController->editinventory()
 2 SYSTEMPATH\CodeIgniter.php(494): CodeIgniter\CodeIgniter->runController(Object(App\Controllers\AdminController))
 3 SYSTEMPATH\CodeIgniter.php(353): CodeIgniter\CodeIgniter->handleRequest(null, Object(Config\Cache), false)
 4 FCPATH\index.php(79): CodeIgniter\CodeIgniter->run()
 5 SYSTEMPATH\Commands\Server\rewrite.php(47): require_once('C:\\laragon\\www\\CoffeeLedger\\public\\index.php')
CRITICAL - 2024-01-10 07:20:28 --> Too few arguments to function App\Controllers\AdminController::editinventory(), 0 passed in C:\laragon\www\CoffeeLedger\system\CodeIgniter.php on line 919 and exactly 1 expected
in APPPATH\Controllers\AdminController.php on line 38.
 1 SYSTEMPATH\CodeIgniter.php(919): App\Controllers\AdminController->editinventory()
 2 SYSTEMPATH\CodeIgniter.php(494): CodeIgniter\CodeIgniter->runController(Object(App\Controllers\AdminController))
 3 SYSTEMPATH\CodeIgniter.php(353): CodeIgniter\CodeIgniter->handleRequest(null, Object(Config\Cache), false)
 4 FCPATH\index.php(79): CodeIgniter\CodeIgniter->run()
 5 SYSTEMPATH\Commands\Server\rewrite.php(47): require_once('C:\\laragon\\www\\CoffeeLedger\\public\\index.php')
CRITICAL - 2024-01-10 07:30:32 --> Too few arguments to function App\Controllers\AdminController::editinventory(), 0 passed in C:\laragon\www\CoffeeLedger\system\CodeIgniter.php on line 919 and exactly 1 expected
in APPPATH\Controllers\AdminController.php on line 38.
 1 SYSTEMPATH\CodeIgniter.php(919): App\Controllers\AdminController->editinventory()
 2 SYSTEMPATH\CodeIgniter.php(494): CodeIgniter\CodeIgniter->runController(Object(App\Controllers\AdminController))
 3 SYSTEMPATH\CodeIgniter.php(353): CodeIgniter\CodeIgniter->handleRequest(null, Object(Config\Cache), false)
 4 FCPATH\index.php(79): CodeIgniter\CodeIgniter->run()
 5 SYSTEMPATH\Commands\Server\rewrite.php(47): require_once('C:\\laragon\\www\\CoffeeLedger\\public\\index.php')
CRITICAL - 2024-01-10 07:30:39 --> Too few arguments to function App\Controllers\AdminController::editinventory(), 0 passed in C:\laragon\www\CoffeeLedger\system\CodeIgniter.php on line 919 and exactly 1 expected
in APPPATH\Controllers\AdminController.php on line 38.
 1 SYSTEMPATH\CodeIgniter.php(919): App\Controllers\AdminController->editinventory()
 2 SYSTEMPATH\CodeIgniter.php(494): CodeIgniter\CodeIgniter->runController(Object(App\Controllers\AdminController))
 3 SYSTEMPATH\CodeIgniter.php(353): CodeIgniter\CodeIgniter->handleRequest(null, Object(Config\Cache), false)
 4 FCPATH\index.php(79): CodeIgniter\CodeIgniter->run()
 5 SYSTEMPATH\Commands\Server\rewrite.php(47): require_once('C:\\laragon\\www\\CoffeeLedger\\public\\index.php')
CRITICAL - 2024-01-10 07:31:57 --> Too few arguments to function App\Controllers\AdminController::editinventory(), 0 passed in C:\laragon\www\CoffeeLedger\system\CodeIgniter.php on line 919 and exactly 1 expected
in APPPATH\Controllers\AdminController.php on line 38.
 1 SYSTEMPATH\CodeIgniter.php(919): App\Controllers\AdminController->editinventory()
 2 SYSTEMPATH\CodeIgniter.php(494): CodeIgniter\CodeIgniter->runController(Object(App\Controllers\AdminController))
 3 SYSTEMPATH\CodeIgniter.php(353): CodeIgniter\CodeIgniter->handleRequest(null, Object(Config\Cache), false)
 4 FCPATH\index.php(79): CodeIgniter\CodeIgniter->run()
 5 SYSTEMPATH\Commands\Server\rewrite.php(47): require_once('C:\\laragon\\www\\CoffeeLedger\\public\\index.php')
CRITICAL - 2024-01-10 07:31:58 --> Too few arguments to function App\Controllers\AdminController::editinventory(), 0 passed in C:\laragon\www\CoffeeLedger\system\CodeIgniter.php on line 919 and exactly 1 expected
in APPPATH\Controllers\AdminController.php on line 38.
 1 SYSTEMPATH\CodeIgniter.php(919): App\Controllers\AdminController->editinventory()
 2 SYSTEMPATH\CodeIgniter.php(494): CodeIgniter\CodeIgniter->runController(Object(App\Controllers\AdminController))
 3 SYSTEMPATH\CodeIgniter.php(353): CodeIgniter\CodeIgniter->handleRequest(null, Object(Config\Cache), false)
 4 FCPATH\index.php(79): CodeIgniter\CodeIgniter->run()
 5 SYSTEMPATH\Commands\Server\rewrite.php(47): require_once('C:\\laragon\\www\\CoffeeLedger\\public\\index.php')
CRITICAL - 2024-01-10 07:32:03 --> Too few arguments to function App\Controllers\AdminController::editinventory(), 0 passed in C:\laragon\www\CoffeeLedger\system\CodeIgniter.php on line 919 and exactly 1 expected
in APPPATH\Controllers\AdminController.php on line 38.
 1 SYSTEMPATH\CodeIgniter.php(919): App\Controllers\AdminController->editinventory()
 2 SYSTEMPATH\CodeIgniter.php(494): CodeIgniter\CodeIgniter->runController(Object(App\Controllers\AdminController))
 3 SYSTEMPATH\CodeIgniter.php(353): CodeIgniter\CodeIgniter->handleRequest(null, Object(Config\Cache), false)
 4 FCPATH\index.php(79): CodeIgniter\CodeIgniter->run()
 5 SYSTEMPATH\Commands\Server\rewrite.php(47): require_once('C:\\laragon\\www\\CoffeeLedger\\public\\index.php')
CRITICAL - 2024-01-10 07:32:57 --> Too few arguments to function App\Controllers\AdminController::editinventory(), 0 passed in C:\laragon\www\CoffeeLedger\system\CodeIgniter.php on line 919 and exactly 1 expected
in APPPATH\Controllers\AdminController.php on line 38.
 1 SYSTEMPATH\CodeIgniter.php(919): App\Controllers\AdminController->editinventory()
 2 SYSTEMPATH\CodeIgniter.php(494): CodeIgniter\CodeIgniter->runController(Object(App\Controllers\AdminController))
 3 SYSTEMPATH\CodeIgniter.php(353): CodeIgniter\CodeIgniter->handleRequest(null, Object(Config\Cache), false)
 4 FCPATH\index.php(79): CodeIgniter\CodeIgniter->run()
 5 SYSTEMPATH\Commands\Server\rewrite.php(47): require_once('C:\\laragon\\www\\CoffeeLedger\\public\\index.php')
CRITICAL - 2024-01-10 07:36:00 --> Too few arguments to function App\Controllers\AdminController::editinventory(), 0 passed in C:\laragon\www\CoffeeLedger\system\CodeIgniter.php on line 919 and exactly 1 expected
in APPPATH\Controllers\AdminController.php on line 38.
 1 SYSTEMPATH\CodeIgniter.php(919): App\Controllers\AdminController->editinventory()
 2 SYSTEMPATH\CodeIgniter.php(494): CodeIgniter\CodeIgniter->runController(Object(App\Controllers\AdminController))
 3 SYSTEMPATH\CodeIgniter.php(353): CodeIgniter\CodeIgniter->handleRequest(null, Object(Config\Cache), false)
 4 FCPATH\index.php(79): CodeIgniter\CodeIgniter->run()
 5 SYSTEMPATH\Commands\Server\rewrite.php(47): require_once('C:\\laragon\\www\\CoffeeLedger\\public\\index.php')
CRITICAL - 2024-01-10 07:36:07 --> Too few arguments to function App\Controllers\AdminController::editinventory(), 0 passed in C:\laragon\www\CoffeeLedger\system\CodeIgniter.php on line 919 and exactly 1 expected
in APPPATH\Controllers\AdminController.php on line 38.
 1 SYSTEMPATH\CodeIgniter.php(919): App\Controllers\AdminController->editinventory()
 2 SYSTEMPATH\CodeIgniter.php(494): CodeIgniter\CodeIgniter->runController(Object(App\Controllers\AdminController))
 3 SYSTEMPATH\CodeIgniter.php(353): CodeIgniter\CodeIgniter->handleRequest(null, Object(Config\Cache), false)
 4 FCPATH\index.php(79): CodeIgniter\CodeIgniter->run()
 5 SYSTEMPATH\Commands\Server\rewrite.php(47): require_once('C:\\laragon\\www\\CoffeeLedger\\public\\index.php')
CRITICAL - 2024-01-10 07:37:08 --> Too few arguments to function App\Controllers\AdminController::editinventory(), 0 passed in C:\laragon\www\CoffeeLedger\system\CodeIgniter.php on line 919 and exactly 1 expected
in APPPATH\Controllers\AdminController.php on line 38.
 1 SYSTEMPATH\CodeIgniter.php(919): App\Controllers\AdminController->editinventory()
 2 SYSTEMPATH\CodeIgniter.php(494): CodeIgniter\CodeIgniter->runController(Object(App\Controllers\AdminController))
 3 SYSTEMPATH\CodeIgniter.php(353): CodeIgniter\CodeIgniter->handleRequest(null, Object(Config\Cache), false)
 4 FCPATH\index.php(79): CodeIgniter\CodeIgniter->run()
 5 SYSTEMPATH\Commands\Server\rewrite.php(47): require_once('C:\\laragon\\www\\CoffeeLedger\\public\\index.php')
CRITICAL - 2024-01-10 08:24:43 --> Too few arguments to function App\Controllers\AdminController::editinventory(), 0 passed in C:\laragon\www\CoffeeLedger\system\CodeIgniter.php on line 919 and exactly 1 expected
in APPPATH\Controllers\AdminController.php on line 38.
 1 SYSTEMPATH\CodeIgniter.php(919): App\Controllers\AdminController->editinventory()
 2 SYSTEMPATH\CodeIgniter.php(494): CodeIgniter\CodeIgniter->runController(Object(App\Controllers\AdminController))
 3 SYSTEMPATH\CodeIgniter.php(353): CodeIgniter\CodeIgniter->handleRequest(null, Object(Config\Cache), false)
 4 FCPATH\index.php(79): CodeIgniter\CodeIgniter->run()
 5 SYSTEMPATH\Commands\Server\rewrite.php(47): require_once('C:\\laragon\\www\\CoffeeLedger\\public\\index.php')
CRITICAL - 2024-01-10 08:24:57 --> Too few arguments to function App\Controllers\AdminController::editinventory(), 0 passed in C:\laragon\www\CoffeeLedger\system\CodeIgniter.php on line 919 and exactly 1 expected
in APPPATH\Controllers\AdminController.php on line 38.
 1 SYSTEMPATH\CodeIgniter.php(919): App\Controllers\AdminController->editinventory()
 2 SYSTEMPATH\CodeIgniter.php(494): CodeIgniter\CodeIgniter->runController(Object(App\Controllers\AdminController))
 3 SYSTEMPATH\CodeIgniter.php(353): CodeIgniter\CodeIgniter->handleRequest(null, Object(Config\Cache), false)
 4 FCPATH\index.php(79): CodeIgniter\CodeIgniter->run()
 5 SYSTEMPATH\Commands\Server\rewrite.php(47): require_once('C:\\laragon\\www\\CoffeeLedger\\public\\index.php')
ERROR - 2024-01-10 08:53:46 --> mysqli_sql_exception: Column 'product_name' cannot be null in C:\laragon\www\CoffeeLedger\system\Database\MySQLi\Connection.php:306
Stack trace:
#0 C:\laragon\www\CoffeeLedger\system\Database\MySQLi\Connection.php(306): mysqli->query('INSERT INTO `pr...', 0)
#1 C:\laragon\www\CoffeeLedger\system\Database\BaseConnection.php(692): CodeIgniter\Database\MySQLi\Connection->execute('INSERT INTO `pr...')
#2 C:\laragon\www\CoffeeLedger\system\Database\BaseConnection.php(606): CodeIgniter\Database\BaseConnection->simpleQuery('INSERT INTO `pr...')
#3 C:\laragon\www\CoffeeLedger\system\Database\BaseBuilder.php(2308): CodeIgniter\Database\BaseConnection->query('INSERT INTO `pr...', Array, false)
#4 C:\laragon\www\CoffeeLedger\system\Model.php(319): CodeIgniter\Database\BaseBuilder->insert()
#5 C:\laragon\www\CoffeeLedger\system\BaseModel.php(788): CodeIgniter\Model->doInsert(Array)
#6 C:\laragon\www\CoffeeLedger\system\Model.php(715): CodeIgniter\BaseModel->insert(Array, false)
#7 C:\laragon\www\CoffeeLedger\system\BaseModel.php(698): CodeIgniter\Model->insert(Array, false)
#8 C:\laragon\www\CoffeeLedger\app\Controllers\AdminController.php(74): CodeIgniter\BaseModel->save(Array)
#9 C:\laragon\www\CoffeeLedger\system\CodeIgniter.php(919): App\Controllers\AdminController->addproduct()
#10 C:\laragon\www\CoffeeLedger\system\CodeIgniter.php(494): CodeIgniter\CodeIgniter->runController(Object(App\Controllers\AdminController))
#11 C:\laragon\www\CoffeeLedger\system\CodeIgniter.php(353): CodeIgniter\CodeIgniter->handleRequest(NULL, Object(Config\Cache), false)
#12 C:\laragon\www\CoffeeLedger\public\index.php(79): CodeIgniter\CodeIgniter->run()
#13 C:\laragon\www\CoffeeLedger\system\Commands\Server\rewrite.php(47): require_once('C:\\laragon\\www\\...')
#14 {main}
CRITICAL - 2024-01-10 08:53:46 --> Column 'product_name' cannot be null
in SYSTEMPATH\Database\BaseConnection.php on line 646.
 1 SYSTEMPATH\Database\BaseBuilder.php(2308): CodeIgniter\Database\BaseConnection->query('INSERT INTO `products` (`product_name`, `description`, `price`, `quantity`) VALUES (:product_name:, :description:, :price:, :quantity:)', [...], false)
 2 SYSTEMPATH\Model.php(319): CodeIgniter\Database\BaseBuilder->insert()
 3 SYSTEMPATH\BaseModel.php(788): CodeIgniter\Model->doInsert([...])
 4 SYSTEMPATH\Model.php(715): CodeIgniter\BaseModel->insert([...], false)
 5 SYSTEMPATH\BaseModel.php(698): CodeIgniter\Model->insert([...], false)
 6 APPPATH\Controllers\AdminController.php(74): CodeIgniter\BaseModel->save([...])
 7 SYSTEMPATH\CodeIgniter.php(919): App\Controllers\AdminController->addproduct()
 8 SYSTEMPATH\CodeIgniter.php(494): CodeIgniter\CodeIgniter->runController(Object(App\Controllers\AdminController))
 9 SYSTEMPATH\CodeIgniter.php(353): CodeIgniter\CodeIgniter->handleRequest(null, Object(Config\Cache), false)
10 FCPATH\index.php(79): CodeIgniter\CodeIgniter->run()
11 SYSTEMPATH\Commands\Server\rewrite.php(47): require_once('C:\\laragon\\www\\CoffeeLedger\\public\\index.php')
ERROR - 2024-01-10 08:59:54 --> mysqli_sql_exception: Column 'product_name' cannot be null in C:\laragon\www\CoffeeLedger\system\Database\MySQLi\Connection.php:306
Stack trace:
#0 C:\laragon\www\CoffeeLedger\system\Database\MySQLi\Connection.php(306): mysqli->query('INSERT INTO `pr...', 0)
#1 C:\laragon\www\CoffeeLedger\system\Database\BaseConnection.php(692): CodeIgniter\Database\MySQLi\Connection->execute('INSERT INTO `pr...')
#2 C:\laragon\www\CoffeeLedger\system\Database\BaseConnection.php(606): CodeIgniter\Database\BaseConnection->simpleQuery('INSERT INTO `pr...')
#3 C:\laragon\www\CoffeeLedger\system\Database\BaseBuilder.php(2308): CodeIgniter\Database\BaseConnection->query('INSERT INTO `pr...', Array, false)
#4 C:\laragon\www\CoffeeLedger\system\Model.php(319): CodeIgniter\Database\BaseBuilder->insert()
#5 C:\laragon\www\CoffeeLedger\system\BaseModel.php(788): CodeIgniter\Model->doInsert(Array)
#6 C:\laragon\www\CoffeeLedger\system\Model.php(715): CodeIgniter\BaseModel->insert(Array, false)
#7 C:\laragon\www\CoffeeLedger\system\BaseModel.php(698): CodeIgniter\Model->insert(Array, false)
#8 C:\laragon\www\CoffeeLedger\app\Controllers\AdminController.php(74): CodeIgniter\BaseModel->save(Array)
#9 C:\laragon\www\CoffeeLedger\system\CodeIgniter.php(919): App\Controllers\AdminController->addproduct()
#10 C:\laragon\www\CoffeeLedger\system\CodeIgniter.php(494): CodeIgniter\CodeIgniter->runController(Object(App\Controllers\AdminController))
#11 C:\laragon\www\CoffeeLedger\system\CodeIgniter.php(353): CodeIgniter\CodeIgniter->handleRequest(NULL, Object(Config\Cache), false)
#12 C:\laragon\www\CoffeeLedger\public\index.php(79): CodeIgniter\CodeIgniter->run()
#13 C:\laragon\www\CoffeeLedger\system\Commands\Server\rewrite.php(47): require_once('C:\\laragon\\www\\...')
#14 {main}
CRITICAL - 2024-01-10 08:59:54 --> Column 'product_name' cannot be null
in SYSTEMPATH\Database\BaseConnection.php on line 646.
 1 SYSTEMPATH\Database\BaseBuilder.php(2308): CodeIgniter\Database\BaseConnection->query('INSERT INTO `products` (`product_name`, `description`, `price`, `quantity`) VALUES (:product_name:, :description:, :price:, :quantity:)', [...], false)
 2 SYSTEMPATH\Model.php(319): CodeIgniter\Database\BaseBuilder->insert()
 3 SYSTEMPATH\BaseModel.php(788): CodeIgniter\Model->doInsert([...])
 4 SYSTEMPATH\Model.php(715): CodeIgniter\BaseModel->insert([...], false)
 5 SYSTEMPATH\BaseModel.php(698): CodeIgniter\Model->insert([...], false)
 6 APPPATH\Controllers\AdminController.php(74): CodeIgniter\BaseModel->save([...])
 7 SYSTEMPATH\CodeIgniter.php(919): App\Controllers\AdminController->addproduct()
 8 SYSTEMPATH\CodeIgniter.php(494): CodeIgniter\CodeIgniter->runController(Object(App\Controllers\AdminController))
 9 SYSTEMPATH\CodeIgniter.php(353): CodeIgniter\CodeIgniter->handleRequest(null, Object(Config\Cache), false)
10 FCPATH\index.php(79): CodeIgniter\CodeIgniter->run()
11 SYSTEMPATH\Commands\Server\rewrite.php(47): require_once('C:\\laragon\\www\\CoffeeLedger\\public\\index.php')
