CRITICAL - 2024-01-08 05:35:18 --> Undefined variable $router
in APPPATH\Config\Routes.php on line 13.
 1 APPPATH\Config\Routes.php(13): CodeIgniter\Debug\Exceptions->errorHandler(2, 'Undefined variable $router', 'C:\\laragon\\www\\CoffeeLedger\\app\\Config\\Routes.php', 13)
 2 SYSTEMPATH\Router\RouteCollection.php(339): require('C:\\laragon\\www\\CoffeeLedger\\app\\Config\\Routes.php')
 3 SYSTEMPATH\CodeIgniter.php(787): CodeIgniter\Router\RouteCollection->loadRoutes()
 4 SYSTEMPATH\CodeIgniter.php(442): CodeIgniter\CodeIgniter->tryToRouteIt(null)
 5 SYSTEMPATH\CodeIgniter.php(353): CodeIgniter\CodeIgniter->handleRequest(null, Object(Config\Cache), false)
 6 FCPATH\index.php(79): CodeIgniter\CodeIgniter->run()
 7 SYSTEMPATH\Commands\Server\rewrite.php(47): require_once('C:\\laragon\\www\\CoffeeLedger\\public\\index.php')
CRITICAL - 2024-01-08 05:35:29 --> Undefined variable $router
in APPPATH\Config\Routes.php on line 13.
 1 APPPATH\Config\Routes.php(13): CodeIgniter\Debug\Exceptions->errorHandler(2, 'Undefined variable $router', 'C:\\laragon\\www\\CoffeeLedger\\app\\Config\\Routes.php', 13)
 2 SYSTEMPATH\Router\RouteCollection.php(339): require('C:\\laragon\\www\\CoffeeLedger\\app\\Config\\Routes.php')
 3 SYSTEMPATH\CodeIgniter.php(787): CodeIgniter\Router\RouteCollection->loadRoutes()
 4 SYSTEMPATH\CodeIgniter.php(442): CodeIgniter\CodeIgniter->tryToRouteIt(null)
 5 SYSTEMPATH\CodeIgniter.php(353): CodeIgniter\CodeIgniter->handleRequest(null, Object(Config\Cache), false)
 6 FCPATH\index.php(79): CodeIgniter\CodeIgniter->run()
 7 SYSTEMPATH\Commands\Server\rewrite.php(47): require_once('C:\\laragon\\www\\CoffeeLedger\\public\\index.php')
CRITICAL - 2024-01-08 05:35:42 --> Undefined variable $router
in APPPATH\Config\Routes.php on line 13.
 1 APPPATH\Config\Routes.php(13): CodeIgniter\Debug\Exceptions->errorHandler(2, 'Undefined variable $router', 'C:\\laragon\\www\\CoffeeLedger\\app\\Config\\Routes.php', 13)
 2 SYSTEMPATH\Router\RouteCollection.php(339): require('C:\\laragon\\www\\CoffeeLedger\\app\\Config\\Routes.php')
 3 SYSTEMPATH\CodeIgniter.php(787): CodeIgniter\Router\RouteCollection->loadRoutes()
 4 SYSTEMPATH\CodeIgniter.php(442): CodeIgniter\CodeIgniter->tryToRouteIt(null)
 5 SYSTEMPATH\CodeIgniter.php(353): CodeIgniter\CodeIgniter->handleRequest(null, Object(Config\Cache), false)
 6 FCPATH\index.php(79): CodeIgniter\CodeIgniter->run()
 7 SYSTEMPATH\Commands\Server\rewrite.php(47): require_once('C:\\laragon\\www\\CoffeeLedger\\public\\index.php')
CRITICAL - 2024-01-08 05:37:55 --> Undefined variable $router
in APPPATH\Config\Routes.php on line 13.
 1 APPPATH\Config\Routes.php(13): CodeIgniter\Debug\Exceptions->errorHandler(2, 'Undefined variable $router', 'C:\\laragon\\www\\CoffeeLedger\\app\\Config\\Routes.php', 13)
 2 SYSTEMPATH\Router\RouteCollection.php(339): require('C:\\laragon\\www\\CoffeeLedger\\app\\Config\\Routes.php')
 3 SYSTEMPATH\CodeIgniter.php(787): CodeIgniter\Router\RouteCollection->loadRoutes()
 4 SYSTEMPATH\CodeIgniter.php(442): CodeIgniter\CodeIgniter->tryToRouteIt(null)
 5 SYSTEMPATH\CodeIgniter.php(353): CodeIgniter\CodeIgniter->handleRequest(null, Object(Config\Cache), false)
 6 FCPATH\index.php(79): CodeIgniter\CodeIgniter->run()
 7 SYSTEMPATH\Commands\Server\rewrite.php(47): require_once('C:\\laragon\\www\\CoffeeLedger\\public\\index.php')
CRITICAL - 2024-01-08 07:20:18 --> Undefined variable $products
in APPPATH\Views\admin\inventory.php on line 87.
 1 APPPATH\Views\admin\inventory.php(87): CodeIgniter\Debug\Exceptions->errorHandler(2, 'Undefined variable $products', 'C:\\laragon\\www\\CoffeeLedger\\app\\Views\\admin\\inventory.php', 87)
 2 SYSTEMPATH\View\View.php(226): include('C:\\laragon\\www\\CoffeeLedger\\app\\Views\\admin\\inventory.php')
 3 SYSTEMPATH\View\View.php(229): CodeIgniter\View\View->CodeIgniter\View\{closure}()
 4 SYSTEMPATH\Common.php(1188): CodeIgniter\View\View->render('/admin/inventory', [], true)
 5 APPPATH\Controllers\AdminController.php(22): view('/admin/inventory')
 6 SYSTEMPATH\CodeIgniter.php(919): App\Controllers\AdminController->inventory()
 7 SYSTEMPATH\CodeIgniter.php(494): CodeIgniter\CodeIgniter->runController(Object(App\Controllers\AdminController))
 8 SYSTEMPATH\CodeIgniter.php(353): CodeIgniter\CodeIgniter->handleRequest(null, Object(Config\Cache), false)
 9 FCPATH\index.php(79): CodeIgniter\CodeIgniter->run()
10 SYSTEMPATH\Commands\Server\rewrite.php(47): require_once('C:\\laragon\\www\\CoffeeLedger\\public\\index.php')
CRITICAL - 2024-01-08 07:34:24 --> Undefined variable $product
in APPPATH\Views\admin\inventory.php on line 117.
 1 APPPATH\Views\admin\inventory.php(117): CodeIgniter\Debug\Exceptions->errorHandler(2, 'Undefined variable $product', 'C:\\laragon\\www\\CoffeeLedger\\app\\Views\\admin\\inventory.php', 117)
 2 SYSTEMPATH\View\View.php(226): include('C:\\laragon\\www\\CoffeeLedger\\app\\Views\\admin\\inventory.php')
 3 SYSTEMPATH\View\View.php(229): CodeIgniter\View\View->CodeIgniter\View\{closure}()
 4 SYSTEMPATH\Common.php(1188): CodeIgniter\View\View->render('/admin/inventory', [], true)
 5 APPPATH\Controllers\AdminController.php(29): view('/admin/inventory')
 6 SYSTEMPATH\CodeIgniter.php(919): App\Controllers\AdminController->inventory()
 7 SYSTEMPATH\CodeIgniter.php(494): CodeIgniter\CodeIgniter->runController(Object(App\Controllers\AdminController))
 8 SYSTEMPATH\CodeIgniter.php(353): CodeIgniter\CodeIgniter->handleRequest(null, Object(Config\Cache), false)
 9 FCPATH\index.php(79): CodeIgniter\CodeIgniter->run()
10 SYSTEMPATH\Commands\Server\rewrite.php(47): require_once('C:\\laragon\\www\\CoffeeLedger\\public\\index.php')
CRITICAL - 2024-01-08 07:35:47 --> Invalid file: "/admin/order.php"
in SYSTEMPATH\Exceptions\FrameworkException.php on line 39.
 1 SYSTEMPATH\View\View.php(214): CodeIgniter\Exceptions\FrameworkException::forInvalidFile('/admin/order.php')
 2 SYSTEMPATH\Common.php(1188): CodeIgniter\View\View->render('/admin/order', [], true)
 3 APPPATH\Controllers\AdminController.php(33): view('/admin/order')
 4 SYSTEMPATH\CodeIgniter.php(919): App\Controllers\AdminController->order()
 5 SYSTEMPATH\CodeIgniter.php(494): CodeIgniter\CodeIgniter->runController(Object(App\Controllers\AdminController))
 6 SYSTEMPATH\CodeIgniter.php(353): CodeIgniter\CodeIgniter->handleRequest(null, Object(Config\Cache), false)
 7 FCPATH\index.php(79): CodeIgniter\CodeIgniter->run()
 8 SYSTEMPATH\Commands\Server\rewrite.php(47): require_once('C:\\laragon\\www\\CoffeeLedger\\public\\index.php')
CRITICAL - 2024-01-08 07:42:50 --> Undefined variable $pdo
in APPPATH\Views\admin\order.php on line 77.
 1 APPPATH\Views\admin\order.php(77): CodeIgniter\Debug\Exceptions->errorHandler(2, 'Undefined variable $pdo', 'C:\\laragon\\www\\CoffeeLedger\\app\\Views\\admin\\order.php', 77)
 2 SYSTEMPATH\View\View.php(226): include('C:\\laragon\\www\\CoffeeLedger\\app\\Views\\admin\\order.php')
 3 SYSTEMPATH\View\View.php(229): CodeIgniter\View\View->CodeIgniter\View\{closure}()
 4 SYSTEMPATH\Common.php(1188): CodeIgniter\View\View->render('/admin/order', [], true)
 5 APPPATH\Controllers\AdminController.php(33): view('/admin/order')
 6 SYSTEMPATH\CodeIgniter.php(919): App\Controllers\AdminController->order()
 7 SYSTEMPATH\CodeIgniter.php(494): CodeIgniter\CodeIgniter->runController(Object(App\Controllers\AdminController))
 8 SYSTEMPATH\CodeIgniter.php(353): CodeIgniter\CodeIgniter->handleRequest(null, Object(Config\Cache), false)
 9 FCPATH\index.php(79): CodeIgniter\CodeIgniter->run()
10 SYSTEMPATH\Commands\Server\rewrite.php(47): require_once('C:\\laragon\\www\\CoffeeLedger\\public\\index.php')
CRITICAL - 2024-01-08 08:22:12 --> Undefined variable $order
in APPPATH\Views\admin\history.php on line 73.
 1 APPPATH\Views\admin\history.php(73): CodeIgniter\Debug\Exceptions->errorHandler(2, 'Undefined variable $order', 'C:\\laragon\\www\\CoffeeLedger\\app\\Views\\admin\\history.php', 73)
 2 SYSTEMPATH\View\View.php(226): include('C:\\laragon\\www\\CoffeeLedger\\app\\Views\\admin\\history.php')
 3 SYSTEMPATH\View\View.php(229): CodeIgniter\View\View->CodeIgniter\View\{closure}()
 4 SYSTEMPATH\Common.php(1188): CodeIgniter\View\View->render('/admin/history', [], true)
 5 APPPATH\Controllers\AdminController.php(37): view('/admin/history')
 6 SYSTEMPATH\CodeIgniter.php(919): App\Controllers\AdminController->history()
 7 SYSTEMPATH\CodeIgniter.php(494): CodeIgniter\CodeIgniter->runController(Object(App\Controllers\AdminController))
 8 SYSTEMPATH\CodeIgniter.php(353): CodeIgniter\CodeIgniter->handleRequest(null, Object(Config\Cache), false)
 9 FCPATH\index.php(79): CodeIgniter\CodeIgniter->run()
10 SYSTEMPATH\Commands\Server\rewrite.php(47): require_once('C:\\laragon\\www\\CoffeeLedger\\public\\index.php')
CRITICAL - 2024-01-08 08:37:10 --> Undefined variable $badgeClass
in APPPATH\Views\admin\manage_user.php on line 93.
 1 APPPATH\Views\admin\manage_user.php(93): CodeIgniter\Debug\Exceptions->errorHandler(2, 'Undefined variable $badgeClass', 'C:\\laragon\\www\\CoffeeLedger\\app\\Views\\admin\\manage_user.php', 93)
 2 SYSTEMPATH\View\View.php(226): include('C:\\laragon\\www\\CoffeeLedger\\app\\Views\\admin\\manage_user.php')
 3 SYSTEMPATH\View\View.php(229): CodeIgniter\View\View->CodeIgniter\View\{closure}()
 4 SYSTEMPATH\Common.php(1188): CodeIgniter\View\View->render('/admin/manage_user', [], true)
 5 APPPATH\Controllers\AdminController.php(41): view('/admin/manage_user')
 6 SYSTEMPATH\CodeIgniter.php(919): App\Controllers\AdminController->user()
 7 SYSTEMPATH\CodeIgniter.php(494): CodeIgniter\CodeIgniter->runController(Object(App\Controllers\AdminController))
 8 SYSTEMPATH\CodeIgniter.php(353): CodeIgniter\CodeIgniter->handleRequest(null, Object(Config\Cache), false)
 9 FCPATH\index.php(79): CodeIgniter\CodeIgniter->run()
10 SYSTEMPATH\Commands\Server\rewrite.php(47): require_once('C:\\laragon\\www\\CoffeeLedger\\public\\index.php')
CRITICAL - 2024-01-08 08:37:36 --> Undefined variable $user
in APPPATH\Views\admin\manage_user.php on line 99.
 1 APPPATH\Views\admin\manage_user.php(99): CodeIgniter\Debug\Exceptions->errorHandler(2, 'Undefined variable $user', 'C:\\laragon\\www\\CoffeeLedger\\app\\Views\\admin\\manage_user.php', 99)
 2 SYSTEMPATH\View\View.php(226): include('C:\\laragon\\www\\CoffeeLedger\\app\\Views\\admin\\manage_user.php')
 3 SYSTEMPATH\View\View.php(229): CodeIgniter\View\View->CodeIgniter\View\{closure}()
 4 SYSTEMPATH\Common.php(1188): CodeIgniter\View\View->render('/admin/manage_user', [], true)
 5 APPPATH\Controllers\AdminController.php(41): view('/admin/manage_user')
 6 SYSTEMPATH\CodeIgniter.php(919): App\Controllers\AdminController->user()
 7 SYSTEMPATH\CodeIgniter.php(494): CodeIgniter\CodeIgniter->runController(Object(App\Controllers\AdminController))
 8 SYSTEMPATH\CodeIgniter.php(353): CodeIgniter\CodeIgniter->handleRequest(null, Object(Config\Cache), false)
 9 FCPATH\index.php(79): CodeIgniter\CodeIgniter->run()
10 SYSTEMPATH\Commands\Server\rewrite.php(47): require_once('C:\\laragon\\www\\CoffeeLedger\\public\\index.php')
