ERROR - 2024-01-11 02:19:36 --> mysqli_sql_exception: Column 'product_name' cannot be null in C:\laragon\www\CoffeeLedger\system\Database\MySQLi\Connection.php:306
Stack trace:
#0 C:\laragon\www\CoffeeLedger\system\Database\MySQLi\Connection.php(306): mysqli->query('INSERT INTO `pr...', 0)
#1 C:\laragon\www\CoffeeLedger\system\Database\BaseConnection.php(692): CodeIgniter\Database\MySQLi\Connection->execute('INSERT INTO `pr...')
#2 C:\laragon\www\CoffeeLedger\system\Database\BaseConnection.php(606): CodeIgniter\Database\BaseConnection->simpleQuery('INSERT INTO `pr...')
#3 C:\laragon\www\CoffeeLedger\system\Database\BaseBuilder.php(2308): CodeIgniter\Database\BaseConnection->query('INSERT INTO `pr...', Array, false)
#4 C:\laragon\www\CoffeeLedger\system\Model.php(319): CodeIgniter\Database\BaseBuilder->insert()
#5 C:\laragon\www\CoffeeLedger\system\BaseModel.php(788): CodeIgniter\Model->doInsert(Array)
#6 C:\laragon\www\CoffeeLedger\system\Model.php(715): CodeIgniter\BaseModel->insert(Array, false)
#7 C:\laragon\www\CoffeeLedger\system\BaseModel.php(698): CodeIgniter\Model->insert(Array, false)
#8 C:\laragon\www\CoffeeLedger\app\Controllers\AdminController.php(78): CodeIgniter\BaseModel->save(Array)
#9 C:\laragon\www\CoffeeLedger\system\CodeIgniter.php(919): App\Controllers\AdminController->addproduct()
#10 C:\laragon\www\CoffeeLedger\system\CodeIgniter.php(494): CodeIgniter\CodeIgniter->runController(Object(App\Controllers\AdminController))
#11 C:\laragon\www\CoffeeLedger\system\CodeIgniter.php(353): CodeIgniter\CodeIgniter->handleRequest(NULL, Object(Config\Cache), false)
#12 C:\laragon\www\CoffeeLedger\public\index.php(79): CodeIgniter\CodeIgniter->run()
#13 C:\laragon\www\CoffeeLedger\system\Commands\Server\rewrite.php(47): require_once('C:\\laragon\\www\\...')
#14 {main}
CRITICAL - 2024-01-11 02:19:36 --> Column 'product_name' cannot be null
in SYSTEMPATH\Database\BaseConnection.php on line 646.
 1 SYSTEMPATH\Database\BaseBuilder.php(2308): CodeIgniter\Database\BaseConnection->query('INSERT INTO `products` (`product_name`, `description`, `price`, `quantity`) VALUES (:product_name:, :description:, :price:, :quantity:)', [...], false)
 2 SYSTEMPATH\Model.php(319): CodeIgniter\Database\BaseBuilder->insert()
 3 SYSTEMPATH\BaseModel.php(788): CodeIgniter\Model->doInsert([...])
 4 SYSTEMPATH\Model.php(715): CodeIgniter\BaseModel->insert([...], false)
 5 SYSTEMPATH\BaseModel.php(698): CodeIgniter\Model->insert([...], false)
 6 APPPATH\Controllers\AdminController.php(78): CodeIgniter\BaseModel->save([...])
 7 SYSTEMPATH\CodeIgniter.php(919): App\Controllers\AdminController->addproduct()
 8 SYSTEMPATH\CodeIgniter.php(494): CodeIgniter\CodeIgniter->runController(Object(App\Controllers\AdminController))
 9 SYSTEMPATH\CodeIgniter.php(353): CodeIgniter\CodeIgniter->handleRequest(null, Object(Config\Cache), false)
10 FCPATH\index.php(79): CodeIgniter\CodeIgniter->run()
11 SYSTEMPATH\Commands\Server\rewrite.php(47): require_once('C:\\laragon\\www\\CoffeeLedger\\public\\index.php')
CRITICAL - 2024-01-11 07:40:45 --> Invalid file: "/admin/inventory/hotcofee.php"
in SYSTEMPATH\Exceptions\FrameworkException.php on line 39.
 1 SYSTEMPATH\View\View.php(214): CodeIgniter\Exceptions\FrameworkException::forInvalidFile('/admin/inventory/hotcofee.php')
 2 SYSTEMPATH\Common.php(1188): CodeIgniter\View\View->render('/admin/inventory/hotcofee', [], true)
 3 APPPATH\Controllers\InventoryController.php(14): view('/admin/inventory/hotcofee')
 4 SYSTEMPATH\CodeIgniter.php(919): App\Controllers\InventoryController->hotcoffee()
 5 SYSTEMPATH\CodeIgniter.php(494): CodeIgniter\CodeIgniter->runController(Object(App\Controllers\InventoryController))
 6 SYSTEMPATH\CodeIgniter.php(353): CodeIgniter\CodeIgniter->handleRequest(null, Object(Config\Cache), false)
 7 FCPATH\index.php(79): CodeIgniter\CodeIgniter->run()
 8 SYSTEMPATH\Commands\Server\rewrite.php(47): require_once('C:\\laragon\\www\\CoffeeLedger\\public\\index.php')
CRITICAL - 2024-01-11 07:41:07 --> Invalid file: "/inventory/hotcofee.php"
in SYSTEMPATH\Exceptions\FrameworkException.php on line 39.
 1 SYSTEMPATH\View\View.php(214): CodeIgniter\Exceptions\FrameworkException::forInvalidFile('/inventory/hotcofee.php')
 2 SYSTEMPATH\Common.php(1188): CodeIgniter\View\View->render('/inventory/hotcofee', [], true)
 3 APPPATH\Controllers\InventoryController.php(14): view('/inventory/hotcofee')
 4 SYSTEMPATH\CodeIgniter.php(919): App\Controllers\InventoryController->hotcoffee()
 5 SYSTEMPATH\CodeIgniter.php(494): CodeIgniter\CodeIgniter->runController(Object(App\Controllers\InventoryController))
 6 SYSTEMPATH\CodeIgniter.php(353): CodeIgniter\CodeIgniter->handleRequest(null, Object(Config\Cache), false)
 7 FCPATH\index.php(79): CodeIgniter\CodeIgniter->run()
 8 SYSTEMPATH\Commands\Server\rewrite.php(47): require_once('C:\\laragon\\www\\CoffeeLedger\\public\\index.php')
CRITICAL - 2024-01-11 07:43:03 --> Invalid file: "/admin/inventory/hotcofee.php"
in SYSTEMPATH\Exceptions\FrameworkException.php on line 39.
 1 SYSTEMPATH\View\View.php(214): CodeIgniter\Exceptions\FrameworkException::forInvalidFile('/admin/inventory/hotcofee.php')
 2 SYSTEMPATH\Common.php(1188): CodeIgniter\View\View->render('/admin/inventory/hotcofee', [], true)
 3 APPPATH\Controllers\InventoryController.php(14): view('/admin/inventory/hotcofee')
 4 SYSTEMPATH\CodeIgniter.php(919): App\Controllers\InventoryController->hotcoffee()
 5 SYSTEMPATH\CodeIgniter.php(494): CodeIgniter\CodeIgniter->runController(Object(App\Controllers\InventoryController))
 6 SYSTEMPATH\CodeIgniter.php(353): CodeIgniter\CodeIgniter->handleRequest(null, Object(Config\Cache), false)
 7 FCPATH\index.php(79): CodeIgniter\CodeIgniter->run()
 8 SYSTEMPATH\Commands\Server\rewrite.php(47): require_once('C:\\laragon\\www\\CoffeeLedger\\public\\index.php')
CRITICAL - 2024-01-11 07:43:35 --> Invalid file: "/hotcofee.php"
in SYSTEMPATH\Exceptions\FrameworkException.php on line 39.
 1 SYSTEMPATH\View\View.php(214): CodeIgniter\Exceptions\FrameworkException::forInvalidFile('/hotcofee.php')
 2 SYSTEMPATH\Common.php(1188): CodeIgniter\View\View->render('/hotcofee', [], true)
 3 APPPATH\Controllers\InventoryController.php(14): view('/hotcofee')
 4 SYSTEMPATH\CodeIgniter.php(919): App\Controllers\InventoryController->hotcoffee()
 5 SYSTEMPATH\CodeIgniter.php(494): CodeIgniter\CodeIgniter->runController(Object(App\Controllers\InventoryController))
 6 SYSTEMPATH\CodeIgniter.php(353): CodeIgniter\CodeIgniter->handleRequest(null, Object(Config\Cache), false)
 7 FCPATH\index.php(79): CodeIgniter\CodeIgniter->run()
 8 SYSTEMPATH\Commands\Server\rewrite.php(47): require_once('C:\\laragon\\www\\CoffeeLedger\\public\\index.php')
CRITICAL - 2024-01-11 07:43:42 --> Invalid file: "/admin/inventory/hotcofee.php"
in SYSTEMPATH\Exceptions\FrameworkException.php on line 39.
 1 SYSTEMPATH\View\View.php(214): CodeIgniter\Exceptions\FrameworkException::forInvalidFile('/admin/inventory/hotcofee.php')
 2 SYSTEMPATH\Common.php(1188): CodeIgniter\View\View->render('/admin/inventory/hotcofee', [], true)
 3 APPPATH\Controllers\InventoryController.php(14): view('/admin/inventory/hotcofee')
 4 SYSTEMPATH\CodeIgniter.php(919): App\Controllers\InventoryController->hotcoffee()
 5 SYSTEMPATH\CodeIgniter.php(494): CodeIgniter\CodeIgniter->runController(Object(App\Controllers\InventoryController))
 6 SYSTEMPATH\CodeIgniter.php(353): CodeIgniter\CodeIgniter->handleRequest(null, Object(Config\Cache), false)
 7 FCPATH\index.php(79): CodeIgniter\CodeIgniter->run()
 8 SYSTEMPATH\Commands\Server\rewrite.php(47): require_once('C:\\laragon\\www\\CoffeeLedger\\public\\index.php')
CRITICAL - 2024-01-11 07:46:40 --> Invalid file: "/inventory/hotcofee.php"
in SYSTEMPATH\Exceptions\FrameworkException.php on line 39.
 1 SYSTEMPATH\View\View.php(214): CodeIgniter\Exceptions\FrameworkException::forInvalidFile('/inventory/hotcofee.php')
 2 SYSTEMPATH\Common.php(1188): CodeIgniter\View\View->render('/inventory/hotcofee', [], true)
 3 APPPATH\Controllers\InventoryController.php(12): view('/inventory/hotcofee')
 4 SYSTEMPATH\CodeIgniter.php(919): App\Controllers\InventoryController->hotcoffee()
 5 SYSTEMPATH\CodeIgniter.php(494): CodeIgniter\CodeIgniter->runController(Object(App\Controllers\InventoryController))
 6 SYSTEMPATH\CodeIgniter.php(353): CodeIgniter\CodeIgniter->handleRequest(null, Object(Config\Cache), false)
 7 FCPATH\index.php(79): CodeIgniter\CodeIgniter->run()
 8 SYSTEMPATH\Commands\Server\rewrite.php(47): require_once('C:\\laragon\\www\\CoffeeLedger\\public\\index.php')
CRITICAL - 2024-01-11 07:47:35 --> Invalid file: "/admin/inventory/hotcofee.php"
in SYSTEMPATH\Exceptions\FrameworkException.php on line 39.
 1 SYSTEMPATH\View\View.php(214): CodeIgniter\Exceptions\FrameworkException::forInvalidFile('/admin/inventory/hotcofee.php')
 2 SYSTEMPATH\Common.php(1188): CodeIgniter\View\View->render('/admin/inventory/hotcofee', [], true)
 3 APPPATH\Controllers\InventoryController.php(12): view('/admin/inventory/hotcofee')
 4 SYSTEMPATH\CodeIgniter.php(919): App\Controllers\InventoryController->hotcoffee()
 5 SYSTEMPATH\CodeIgniter.php(494): CodeIgniter\CodeIgniter->runController(Object(App\Controllers\InventoryController))
 6 SYSTEMPATH\CodeIgniter.php(353): CodeIgniter\CodeIgniter->handleRequest(null, Object(Config\Cache), false)
 7 FCPATH\index.php(79): CodeIgniter\CodeIgniter->run()
 8 SYSTEMPATH\Commands\Server\rewrite.php(47): require_once('C:\\laragon\\www\\CoffeeLedger\\public\\index.php')
CRITICAL - 2024-01-11 07:47:39 --> Invalid file: "/admin/inventory/hotcofee.php"
in SYSTEMPATH\Exceptions\FrameworkException.php on line 39.
 1 SYSTEMPATH\View\View.php(214): CodeIgniter\Exceptions\FrameworkException::forInvalidFile('/admin/inventory/hotcofee.php')
 2 SYSTEMPATH\Common.php(1188): CodeIgniter\View\View->render('/admin/inventory/hotcofee', [], true)
 3 APPPATH\Controllers\InventoryController.php(12): view('/admin/inventory/hotcofee')
 4 SYSTEMPATH\CodeIgniter.php(919): App\Controllers\InventoryController->hotcoffee()
 5 SYSTEMPATH\CodeIgniter.php(494): CodeIgniter\CodeIgniter->runController(Object(App\Controllers\InventoryController))
 6 SYSTEMPATH\CodeIgniter.php(353): CodeIgniter\CodeIgniter->handleRequest(null, Object(Config\Cache), false)
 7 FCPATH\index.php(79): CodeIgniter\CodeIgniter->run()
 8 SYSTEMPATH\Commands\Server\rewrite.php(47): require_once('C:\\laragon\\www\\CoffeeLedger\\public\\index.php')
CRITICAL - 2024-01-11 07:48:46 --> Invalid file: "/admin/inventory/hotcofee.php"
in SYSTEMPATH\Exceptions\FrameworkException.php on line 39.
 1 SYSTEMPATH\View\View.php(214): CodeIgniter\Exceptions\FrameworkException::forInvalidFile('/admin/inventory/hotcofee.php')
 2 SYSTEMPATH\Common.php(1188): CodeIgniter\View\View->render('/admin/inventory/hotcofee', [], true)
 3 APPPATH\Controllers\InventoryController.php(12): view('/admin/inventory/hotcofee')
 4 SYSTEMPATH\CodeIgniter.php(919): App\Controllers\InventoryController->hotcoffee()
 5 SYSTEMPATH\CodeIgniter.php(494): CodeIgniter\CodeIgniter->runController(Object(App\Controllers\InventoryController))
 6 SYSTEMPATH\CodeIgniter.php(353): CodeIgniter\CodeIgniter->handleRequest(null, Object(Config\Cache), false)
 7 FCPATH\index.php(79): CodeIgniter\CodeIgniter->run()
 8 SYSTEMPATH\Commands\Server\rewrite.php(47): require_once('C:\\laragon\\www\\CoffeeLedger\\public\\index.php')
CRITICAL - 2024-01-11 07:48:47 --> Invalid file: "/admin/inventory/hotcofee.php"
in SYSTEMPATH\Exceptions\FrameworkException.php on line 39.
 1 SYSTEMPATH\View\View.php(214): CodeIgniter\Exceptions\FrameworkException::forInvalidFile('/admin/inventory/hotcofee.php')
 2 SYSTEMPATH\Common.php(1188): CodeIgniter\View\View->render('/admin/inventory/hotcofee', [], true)
 3 APPPATH\Controllers\InventoryController.php(12): view('/admin/inventory/hotcofee')
 4 SYSTEMPATH\CodeIgniter.php(919): App\Controllers\InventoryController->hotcoffee()
 5 SYSTEMPATH\CodeIgniter.php(494): CodeIgniter\CodeIgniter->runController(Object(App\Controllers\InventoryController))
 6 SYSTEMPATH\CodeIgniter.php(353): CodeIgniter\CodeIgniter->handleRequest(null, Object(Config\Cache), false)
 7 FCPATH\index.php(79): CodeIgniter\CodeIgniter->run()
 8 SYSTEMPATH\Commands\Server\rewrite.php(47): require_once('C:\\laragon\\www\\CoffeeLedger\\public\\index.php')
CRITICAL - 2024-01-11 07:49:04 --> Invalid file: "/admin/inventory/hotcofee.php"
in SYSTEMPATH\Exceptions\FrameworkException.php on line 39.
 1 SYSTEMPATH\View\View.php(214): CodeIgniter\Exceptions\FrameworkException::forInvalidFile('/admin/inventory/hotcofee.php')
 2 SYSTEMPATH\Common.php(1188): CodeIgniter\View\View->render('/admin/inventory/hotcofee', [], true)
 3 APPPATH\Controllers\InventoryController.php(12): view('/admin/inventory/hotcofee')
 4 SYSTEMPATH\CodeIgniter.php(919): App\Controllers\InventoryController->hotcoffee()
 5 SYSTEMPATH\CodeIgniter.php(494): CodeIgniter\CodeIgniter->runController(Object(App\Controllers\InventoryController))
 6 SYSTEMPATH\CodeIgniter.php(353): CodeIgniter\CodeIgniter->handleRequest(null, Object(Config\Cache), false)
 7 FCPATH\index.php(79): CodeIgniter\CodeIgniter->run()
 8 SYSTEMPATH\Commands\Server\rewrite.php(47): require_once('C:\\laragon\\www\\CoffeeLedger\\public\\index.php')
CRITICAL - 2024-01-11 07:49:08 --> Invalid file: "/admin/inventory/hotcofee.php"
in SYSTEMPATH\Exceptions\FrameworkException.php on line 39.
 1 SYSTEMPATH\View\View.php(214): CodeIgniter\Exceptions\FrameworkException::forInvalidFile('/admin/inventory/hotcofee.php')
 2 SYSTEMPATH\Common.php(1188): CodeIgniter\View\View->render('/admin/inventory/hotcofee', [], true)
 3 APPPATH\Controllers\InventoryController.php(12): view('/admin/inventory/hotcofee')
 4 SYSTEMPATH\CodeIgniter.php(919): App\Controllers\InventoryController->hotcoffee()
 5 SYSTEMPATH\CodeIgniter.php(494): CodeIgniter\CodeIgniter->runController(Object(App\Controllers\InventoryController))
 6 SYSTEMPATH\CodeIgniter.php(353): CodeIgniter\CodeIgniter->handleRequest(null, Object(Config\Cache), false)
 7 FCPATH\index.php(79): CodeIgniter\CodeIgniter->run()
 8 SYSTEMPATH\Commands\Server\rewrite.php(47): require_once('C:\\laragon\\www\\CoffeeLedger\\public\\index.php')
CRITICAL - 2024-01-11 07:50:10 --> Invalid file: "/inventory/hotcofee.php"
in SYSTEMPATH\Exceptions\FrameworkException.php on line 39.
 1 SYSTEMPATH\View\View.php(214): CodeIgniter\Exceptions\FrameworkException::forInvalidFile('/inventory/hotcofee.php')
 2 SYSTEMPATH\Common.php(1188): CodeIgniter\View\View->render('/inventory/hotcofee', [], true)
 3 APPPATH\Controllers\InventoryController.php(12): view('/inventory/hotcofee')
 4 SYSTEMPATH\CodeIgniter.php(919): App\Controllers\InventoryController->hotcoffee()
 5 SYSTEMPATH\CodeIgniter.php(494): CodeIgniter\CodeIgniter->runController(Object(App\Controllers\InventoryController))
 6 SYSTEMPATH\CodeIgniter.php(353): CodeIgniter\CodeIgniter->handleRequest(null, Object(Config\Cache), false)
 7 FCPATH\index.php(79): CodeIgniter\CodeIgniter->run()
 8 SYSTEMPATH\Commands\Server\rewrite.php(47): require_once('C:\\laragon\\www\\CoffeeLedger\\public\\index.php')
CRITICAL - 2024-01-11 07:51:02 --> Undefined variable $prod
in APPPATH\Views\inventory\hotcoffee.php on line 25.
 1 APPPATH\Views\inventory\hotcoffee.php(25): CodeIgniter\Debug\Exceptions->errorHandler(2, 'Undefined variable $prod', 'C:\\laragon\\www\\CoffeeLedger\\app\\Views\\inventory\\hotcoffee.php', 25)
 2 SYSTEMPATH\View\View.php(226): include('C:\\laragon\\www\\CoffeeLedger\\app\\Views\\inventory\\hotcoffee.php')
 3 SYSTEMPATH\View\View.php(229): CodeIgniter\View\View->CodeIgniter\View\{closure}()
 4 SYSTEMPATH\Common.php(1188): CodeIgniter\View\View->render('/inventory/hotcoffee', [], true)
 5 APPPATH\Controllers\InventoryController.php(12): view('/inventory/hotcoffee')
 6 SYSTEMPATH\CodeIgniter.php(919): App\Controllers\InventoryController->hotcoffee()
 7 SYSTEMPATH\CodeIgniter.php(494): CodeIgniter\CodeIgniter->runController(Object(App\Controllers\InventoryController))
 8 SYSTEMPATH\CodeIgniter.php(353): CodeIgniter\CodeIgniter->handleRequest(null, Object(Config\Cache), false)
 9 FCPATH\index.php(79): CodeIgniter\CodeIgniter->run()
10 SYSTEMPATH\Commands\Server\rewrite.php(47): require_once('C:\\laragon\\www\\CoffeeLedger\\public\\index.php')
CRITICAL - 2024-01-11 07:53:59 --> Undefined variable $prod
in APPPATH\Views\inventory\hotcoffee.php on line 25.
 1 APPPATH\Views\inventory\hotcoffee.php(25): CodeIgniter\Debug\Exceptions->errorHandler(2, 'Undefined variable $prod', 'C:\\laragon\\www\\CoffeeLedger\\app\\Views\\inventory\\hotcoffee.php', 25)
 2 SYSTEMPATH\View\View.php(226): include('C:\\laragon\\www\\CoffeeLedger\\app\\Views\\inventory\\hotcoffee.php')
 3 SYSTEMPATH\View\View.php(229): CodeIgniter\View\View->CodeIgniter\View\{closure}()
 4 SYSTEMPATH\Common.php(1188): CodeIgniter\View\View->render('/inventory/hotcoffee', [], true)
 5 APPPATH\Controllers\InventoryController.php(12): view('/inventory/hotcoffee')
 6 SYSTEMPATH\CodeIgniter.php(919): App\Controllers\InventoryController->hotcoffee()
 7 SYSTEMPATH\CodeIgniter.php(494): CodeIgniter\CodeIgniter->runController(Object(App\Controllers\InventoryController))
 8 SYSTEMPATH\CodeIgniter.php(353): CodeIgniter\CodeIgniter->handleRequest(null, Object(Config\Cache), false)
 9 FCPATH\index.php(79): CodeIgniter\CodeIgniter->run()
10 SYSTEMPATH\Commands\Server\rewrite.php(47): require_once('C:\\laragon\\www\\CoffeeLedger\\public\\index.php')
CRITICAL - 2024-01-11 07:54:00 --> Undefined variable $prod
in APPPATH\Views\inventory\hotcoffee.php on line 25.
 1 APPPATH\Views\inventory\hotcoffee.php(25): CodeIgniter\Debug\Exceptions->errorHandler(2, 'Undefined variable $prod', 'C:\\laragon\\www\\CoffeeLedger\\app\\Views\\inventory\\hotcoffee.php', 25)
 2 SYSTEMPATH\View\View.php(226): include('C:\\laragon\\www\\CoffeeLedger\\app\\Views\\inventory\\hotcoffee.php')
 3 SYSTEMPATH\View\View.php(229): CodeIgniter\View\View->CodeIgniter\View\{closure}()
 4 SYSTEMPATH\Common.php(1188): CodeIgniter\View\View->render('/inventory/hotcoffee', [], true)
 5 APPPATH\Controllers\InventoryController.php(12): view('/inventory/hotcoffee')
 6 SYSTEMPATH\CodeIgniter.php(919): App\Controllers\InventoryController->hotcoffee()
 7 SYSTEMPATH\CodeIgniter.php(494): CodeIgniter\CodeIgniter->runController(Object(App\Controllers\InventoryController))
 8 SYSTEMPATH\CodeIgniter.php(353): CodeIgniter\CodeIgniter->handleRequest(null, Object(Config\Cache), false)
 9 FCPATH\index.php(79): CodeIgniter\CodeIgniter->run()
10 SYSTEMPATH\Commands\Server\rewrite.php(47): require_once('C:\\laragon\\www\\CoffeeLedger\\public\\index.php')
CRITICAL - 2024-01-11 07:54:00 --> Undefined variable $prod
in APPPATH\Views\inventory\hotcoffee.php on line 25.
 1 APPPATH\Views\inventory\hotcoffee.php(25): CodeIgniter\Debug\Exceptions->errorHandler(2, 'Undefined variable $prod', 'C:\\laragon\\www\\CoffeeLedger\\app\\Views\\inventory\\hotcoffee.php', 25)
 2 SYSTEMPATH\View\View.php(226): include('C:\\laragon\\www\\CoffeeLedger\\app\\Views\\inventory\\hotcoffee.php')
 3 SYSTEMPATH\View\View.php(229): CodeIgniter\View\View->CodeIgniter\View\{closure}()
 4 SYSTEMPATH\Common.php(1188): CodeIgniter\View\View->render('/inventory/hotcoffee', [], true)
 5 APPPATH\Controllers\InventoryController.php(12): view('/inventory/hotcoffee')
 6 SYSTEMPATH\CodeIgniter.php(919): App\Controllers\InventoryController->hotcoffee()
 7 SYSTEMPATH\CodeIgniter.php(494): CodeIgniter\CodeIgniter->runController(Object(App\Controllers\InventoryController))
 8 SYSTEMPATH\CodeIgniter.php(353): CodeIgniter\CodeIgniter->handleRequest(null, Object(Config\Cache), false)
 9 FCPATH\index.php(79): CodeIgniter\CodeIgniter->run()
10 SYSTEMPATH\Commands\Server\rewrite.php(47): require_once('C:\\laragon\\www\\CoffeeLedger\\public\\index.php')
CRITICAL - 2024-01-11 07:54:00 --> Undefined variable $prod
in APPPATH\Views\inventory\hotcoffee.php on line 25.
 1 APPPATH\Views\inventory\hotcoffee.php(25): CodeIgniter\Debug\Exceptions->errorHandler(2, 'Undefined variable $prod', 'C:\\laragon\\www\\CoffeeLedger\\app\\Views\\inventory\\hotcoffee.php', 25)
 2 SYSTEMPATH\View\View.php(226): include('C:\\laragon\\www\\CoffeeLedger\\app\\Views\\inventory\\hotcoffee.php')
 3 SYSTEMPATH\View\View.php(229): CodeIgniter\View\View->CodeIgniter\View\{closure}()
 4 SYSTEMPATH\Common.php(1188): CodeIgniter\View\View->render('/inventory/hotcoffee', [], true)
 5 APPPATH\Controllers\InventoryController.php(12): view('/inventory/hotcoffee')
 6 SYSTEMPATH\CodeIgniter.php(919): App\Controllers\InventoryController->hotcoffee()
 7 SYSTEMPATH\CodeIgniter.php(494): CodeIgniter\CodeIgniter->runController(Object(App\Controllers\InventoryController))
 8 SYSTEMPATH\CodeIgniter.php(353): CodeIgniter\CodeIgniter->handleRequest(null, Object(Config\Cache), false)
 9 FCPATH\index.php(79): CodeIgniter\CodeIgniter->run()
10 SYSTEMPATH\Commands\Server\rewrite.php(47): require_once('C:\\laragon\\www\\CoffeeLedger\\public\\index.php')
CRITICAL - 2024-01-11 07:55:39 --> Undefined variable $prod
in APPPATH\Views\inventory\hotcoffee.php on line 25.
 1 APPPATH\Views\inventory\hotcoffee.php(25): CodeIgniter\Debug\Exceptions->errorHandler(2, 'Undefined variable $prod', 'C:\\laragon\\www\\CoffeeLedger\\app\\Views\\inventory\\hotcoffee.php', 25)
 2 SYSTEMPATH\View\View.php(226): include('C:\\laragon\\www\\CoffeeLedger\\app\\Views\\inventory\\hotcoffee.php')
 3 SYSTEMPATH\View\View.php(229): CodeIgniter\View\View->CodeIgniter\View\{closure}()
 4 SYSTEMPATH\Common.php(1188): CodeIgniter\View\View->render('/inventory/hotcoffee', [], true)
 5 APPPATH\Controllers\InventoryController.php(12): view('/inventory/hotcoffee')
 6 SYSTEMPATH\CodeIgniter.php(919): App\Controllers\InventoryController->hotcoffee()
 7 SYSTEMPATH\CodeIgniter.php(494): CodeIgniter\CodeIgniter->runController(Object(App\Controllers\InventoryController))
 8 SYSTEMPATH\CodeIgniter.php(353): CodeIgniter\CodeIgniter->handleRequest(null, Object(Config\Cache), false)
 9 FCPATH\index.php(79): CodeIgniter\CodeIgniter->run()
10 SYSTEMPATH\Commands\Server\rewrite.php(47): require_once('C:\\laragon\\www\\CoffeeLedger\\public\\index.php')
CRITICAL - 2024-01-11 07:55:40 --> Undefined variable $prod
in APPPATH\Views\inventory\hotcoffee.php on line 25.
 1 APPPATH\Views\inventory\hotcoffee.php(25): CodeIgniter\Debug\Exceptions->errorHandler(2, 'Undefined variable $prod', 'C:\\laragon\\www\\CoffeeLedger\\app\\Views\\inventory\\hotcoffee.php', 25)
 2 SYSTEMPATH\View\View.php(226): include('C:\\laragon\\www\\CoffeeLedger\\app\\Views\\inventory\\hotcoffee.php')
 3 SYSTEMPATH\View\View.php(229): CodeIgniter\View\View->CodeIgniter\View\{closure}()
 4 SYSTEMPATH\Common.php(1188): CodeIgniter\View\View->render('/inventory/hotcoffee', [], true)
 5 APPPATH\Controllers\InventoryController.php(12): view('/inventory/hotcoffee')
 6 SYSTEMPATH\CodeIgniter.php(919): App\Controllers\InventoryController->hotcoffee()
 7 SYSTEMPATH\CodeIgniter.php(494): CodeIgniter\CodeIgniter->runController(Object(App\Controllers\InventoryController))
 8 SYSTEMPATH\CodeIgniter.php(353): CodeIgniter\CodeIgniter->handleRequest(null, Object(Config\Cache), false)
 9 FCPATH\index.php(79): CodeIgniter\CodeIgniter->run()
10 SYSTEMPATH\Commands\Server\rewrite.php(47): require_once('C:\\laragon\\www\\CoffeeLedger\\public\\index.php')
CRITICAL - 2024-01-11 07:55:40 --> Undefined variable $prod
in APPPATH\Views\inventory\hotcoffee.php on line 25.
 1 APPPATH\Views\inventory\hotcoffee.php(25): CodeIgniter\Debug\Exceptions->errorHandler(2, 'Undefined variable $prod', 'C:\\laragon\\www\\CoffeeLedger\\app\\Views\\inventory\\hotcoffee.php', 25)
 2 SYSTEMPATH\View\View.php(226): include('C:\\laragon\\www\\CoffeeLedger\\app\\Views\\inventory\\hotcoffee.php')
 3 SYSTEMPATH\View\View.php(229): CodeIgniter\View\View->CodeIgniter\View\{closure}()
 4 SYSTEMPATH\Common.php(1188): CodeIgniter\View\View->render('/inventory/hotcoffee', [], true)
 5 APPPATH\Controllers\InventoryController.php(12): view('/inventory/hotcoffee')
 6 SYSTEMPATH\CodeIgniter.php(919): App\Controllers\InventoryController->hotcoffee()
 7 SYSTEMPATH\CodeIgniter.php(494): CodeIgniter\CodeIgniter->runController(Object(App\Controllers\InventoryController))
 8 SYSTEMPATH\CodeIgniter.php(353): CodeIgniter\CodeIgniter->handleRequest(null, Object(Config\Cache), false)
 9 FCPATH\index.php(79): CodeIgniter\CodeIgniter->run()
10 SYSTEMPATH\Commands\Server\rewrite.php(47): require_once('C:\\laragon\\www\\CoffeeLedger\\public\\index.php')
CRITICAL - 2024-01-11 07:55:40 --> Undefined variable $prod
in APPPATH\Views\inventory\hotcoffee.php on line 25.
 1 APPPATH\Views\inventory\hotcoffee.php(25): CodeIgniter\Debug\Exceptions->errorHandler(2, 'Undefined variable $prod', 'C:\\laragon\\www\\CoffeeLedger\\app\\Views\\inventory\\hotcoffee.php', 25)
 2 SYSTEMPATH\View\View.php(226): include('C:\\laragon\\www\\CoffeeLedger\\app\\Views\\inventory\\hotcoffee.php')
 3 SYSTEMPATH\View\View.php(229): CodeIgniter\View\View->CodeIgniter\View\{closure}()
 4 SYSTEMPATH\Common.php(1188): CodeIgniter\View\View->render('/inventory/hotcoffee', [], true)
 5 APPPATH\Controllers\InventoryController.php(12): view('/inventory/hotcoffee')
 6 SYSTEMPATH\CodeIgniter.php(919): App\Controllers\InventoryController->hotcoffee()
 7 SYSTEMPATH\CodeIgniter.php(494): CodeIgniter\CodeIgniter->runController(Object(App\Controllers\InventoryController))
 8 SYSTEMPATH\CodeIgniter.php(353): CodeIgniter\CodeIgniter->handleRequest(null, Object(Config\Cache), false)
 9 FCPATH\index.php(79): CodeIgniter\CodeIgniter->run()
10 SYSTEMPATH\Commands\Server\rewrite.php(47): require_once('C:\\laragon\\www\\CoffeeLedger\\public\\index.php')
CRITICAL - 2024-01-11 07:55:41 --> Undefined variable $prod
in APPPATH\Views\inventory\hotcoffee.php on line 25.
 1 APPPATH\Views\inventory\hotcoffee.php(25): CodeIgniter\Debug\Exceptions->errorHandler(2, 'Undefined variable $prod', 'C:\\laragon\\www\\CoffeeLedger\\app\\Views\\inventory\\hotcoffee.php', 25)
 2 SYSTEMPATH\View\View.php(226): include('C:\\laragon\\www\\CoffeeLedger\\app\\Views\\inventory\\hotcoffee.php')
 3 SYSTEMPATH\View\View.php(229): CodeIgniter\View\View->CodeIgniter\View\{closure}()
 4 SYSTEMPATH\Common.php(1188): CodeIgniter\View\View->render('/inventory/hotcoffee', [], true)
 5 APPPATH\Controllers\InventoryController.php(12): view('/inventory/hotcoffee')
 6 SYSTEMPATH\CodeIgniter.php(919): App\Controllers\InventoryController->hotcoffee()
 7 SYSTEMPATH\CodeIgniter.php(494): CodeIgniter\CodeIgniter->runController(Object(App\Controllers\InventoryController))
 8 SYSTEMPATH\CodeIgniter.php(353): CodeIgniter\CodeIgniter->handleRequest(null, Object(Config\Cache), false)
 9 FCPATH\index.php(79): CodeIgniter\CodeIgniter->run()
10 SYSTEMPATH\Commands\Server\rewrite.php(47): require_once('C:\\laragon\\www\\CoffeeLedger\\public\\index.php')
CRITICAL - 2024-01-11 07:56:09 --> Undefined variable $prod
in APPPATH\Views\inventory\hotcoffee.php on line 25.
 1 APPPATH\Views\inventory\hotcoffee.php(25): CodeIgniter\Debug\Exceptions->errorHandler(2, 'Undefined variable $prod', 'C:\\laragon\\www\\CoffeeLedger\\app\\Views\\inventory\\hotcoffee.php', 25)
 2 SYSTEMPATH\View\View.php(226): include('C:\\laragon\\www\\CoffeeLedger\\app\\Views\\inventory\\hotcoffee.php')
 3 SYSTEMPATH\View\View.php(229): CodeIgniter\View\View->CodeIgniter\View\{closure}()
 4 SYSTEMPATH\Common.php(1188): CodeIgniter\View\View->render('/inventory/hotcoffee', [], true)
 5 APPPATH\Controllers\InventoryController.php(12): view('/inventory/hotcoffee')
 6 SYSTEMPATH\CodeIgniter.php(919): App\Controllers\InventoryController->hotcoffee()
 7 SYSTEMPATH\CodeIgniter.php(494): CodeIgniter\CodeIgniter->runController(Object(App\Controllers\InventoryController))
 8 SYSTEMPATH\CodeIgniter.php(353): CodeIgniter\CodeIgniter->handleRequest(null, Object(Config\Cache), false)
 9 FCPATH\index.php(79): CodeIgniter\CodeIgniter->run()
10 SYSTEMPATH\Commands\Server\rewrite.php(47): require_once('C:\\laragon\\www\\CoffeeLedger\\public\\index.php')
CRITICAL - 2024-01-11 07:58:17 --> Undefined variable $prod
in APPPATH\Views\inventory\hotcoffee.php on line 25.
 1 APPPATH\Views\inventory\hotcoffee.php(25): CodeIgniter\Debug\Exceptions->errorHandler(2, 'Undefined variable $prod', 'C:\\laragon\\www\\CoffeeLedger\\app\\Views\\inventory\\hotcoffee.php', 25)
 2 SYSTEMPATH\View\View.php(226): include('C:\\laragon\\www\\CoffeeLedger\\app\\Views\\inventory\\hotcoffee.php')
 3 SYSTEMPATH\View\View.php(229): CodeIgniter\View\View->CodeIgniter\View\{closure}()
 4 SYSTEMPATH\Common.php(1188): CodeIgniter\View\View->render('/inventory/hotcoffee', [], true)
 5 APPPATH\Controllers\InventoryController.php(12): view('/inventory/hotcoffee')
 6 SYSTEMPATH\CodeIgniter.php(919): App\Controllers\InventoryController->hotcoffee()
 7 SYSTEMPATH\CodeIgniter.php(494): CodeIgniter\CodeIgniter->runController(Object(App\Controllers\InventoryController))
 8 SYSTEMPATH\CodeIgniter.php(353): CodeIgniter\CodeIgniter->handleRequest(null, Object(Config\Cache), false)
 9 FCPATH\index.php(79): CodeIgniter\CodeIgniter->run()
10 SYSTEMPATH\Commands\Server\rewrite.php(47): require_once('C:\\laragon\\www\\CoffeeLedger\\public\\index.php')
CRITICAL - 2024-01-11 07:58:18 --> Undefined variable $prod
in APPPATH\Views\inventory\hotcoffee.php on line 25.
 1 APPPATH\Views\inventory\hotcoffee.php(25): CodeIgniter\Debug\Exceptions->errorHandler(2, 'Undefined variable $prod', 'C:\\laragon\\www\\CoffeeLedger\\app\\Views\\inventory\\hotcoffee.php', 25)
 2 SYSTEMPATH\View\View.php(226): include('C:\\laragon\\www\\CoffeeLedger\\app\\Views\\inventory\\hotcoffee.php')
 3 SYSTEMPATH\View\View.php(229): CodeIgniter\View\View->CodeIgniter\View\{closure}()
 4 SYSTEMPATH\Common.php(1188): CodeIgniter\View\View->render('/inventory/hotcoffee', [], true)
 5 APPPATH\Controllers\InventoryController.php(12): view('/inventory/hotcoffee')
 6 SYSTEMPATH\CodeIgniter.php(919): App\Controllers\InventoryController->hotcoffee()
 7 SYSTEMPATH\CodeIgniter.php(494): CodeIgniter\CodeIgniter->runController(Object(App\Controllers\InventoryController))
 8 SYSTEMPATH\CodeIgniter.php(353): CodeIgniter\CodeIgniter->handleRequest(null, Object(Config\Cache), false)
 9 FCPATH\index.php(79): CodeIgniter\CodeIgniter->run()
10 SYSTEMPATH\Commands\Server\rewrite.php(47): require_once('C:\\laragon\\www\\CoffeeLedger\\public\\index.php')
CRITICAL - 2024-01-11 08:00:27 --> Undefined variable $prod
in APPPATH\Views\inventory\hotcoffee.php on line 25.
 1 APPPATH\Views\inventory\hotcoffee.php(25): CodeIgniter\Debug\Exceptions->errorHandler(2, 'Undefined variable $prod', 'C:\\laragon\\www\\CoffeeLedger\\app\\Views\\inventory\\hotcoffee.php', 25)
 2 SYSTEMPATH\View\View.php(226): include('C:\\laragon\\www\\CoffeeLedger\\app\\Views\\inventory\\hotcoffee.php')
 3 SYSTEMPATH\View\View.php(229): CodeIgniter\View\View->CodeIgniter\View\{closure}()
 4 SYSTEMPATH\Common.php(1188): CodeIgniter\View\View->render('/inventory/hotcoffee', [], true)
 5 APPPATH\Controllers\InventoryController.php(12): view('/inventory/hotcoffee')
 6 SYSTEMPATH\CodeIgniter.php(919): App\Controllers\InventoryController->hotcoffee()
 7 SYSTEMPATH\CodeIgniter.php(494): CodeIgniter\CodeIgniter->runController(Object(App\Controllers\InventoryController))
 8 SYSTEMPATH\CodeIgniter.php(353): CodeIgniter\CodeIgniter->handleRequest(null, Object(Config\Cache), false)
 9 FCPATH\index.php(79): CodeIgniter\CodeIgniter->run()
10 SYSTEMPATH\Commands\Server\rewrite.php(47): require_once('C:\\laragon\\www\\CoffeeLedger\\public\\index.php')
CRITICAL - 2024-01-11 08:01:19 --> Undefined variable $prod
in APPPATH\Views\inventory\hotcoffee.php on line 25.
 1 APPPATH\Views\inventory\hotcoffee.php(25): CodeIgniter\Debug\Exceptions->errorHandler(2, 'Undefined variable $prod', 'C:\\laragon\\www\\CoffeeLedger\\app\\Views\\inventory\\hotcoffee.php', 25)
 2 SYSTEMPATH\View\View.php(226): include('C:\\laragon\\www\\CoffeeLedger\\app\\Views\\inventory\\hotcoffee.php')
 3 SYSTEMPATH\View\View.php(229): CodeIgniter\View\View->CodeIgniter\View\{closure}()
 4 SYSTEMPATH\Common.php(1188): CodeIgniter\View\View->render('/inventory/hotcoffee', [], true)
 5 APPPATH\Controllers\InventoryController.php(12): view('/inventory/hotcoffee')
 6 SYSTEMPATH\CodeIgniter.php(919): App\Controllers\InventoryController->hotcoffee()
 7 SYSTEMPATH\CodeIgniter.php(494): CodeIgniter\CodeIgniter->runController(Object(App\Controllers\InventoryController))
 8 SYSTEMPATH\CodeIgniter.php(353): CodeIgniter\CodeIgniter->handleRequest(null, Object(Config\Cache), false)
 9 FCPATH\index.php(79): CodeIgniter\CodeIgniter->run()
10 SYSTEMPATH\Commands\Server\rewrite.php(47): require_once('C:\\laragon\\www\\CoffeeLedger\\public\\index.php')
CRITICAL - 2024-01-11 08:20:11 --> Invalid file: "/inventory/addhotcoffee.php"
in SYSTEMPATH\Exceptions\FrameworkException.php on line 39.
 1 SYSTEMPATH\View\View.php(214): CodeIgniter\Exceptions\FrameworkException::forInvalidFile('/inventory/addhotcoffee.php')
 2 SYSTEMPATH\Common.php(1188): CodeIgniter\View\View->render('/inventory/addhotcoffee', [], true)
 3 APPPATH\Controllers\InventoryController.php(18): view('/inventory/addhotcoffee')
 4 SYSTEMPATH\CodeIgniter.php(919): App\Controllers\InventoryController->product()
 5 SYSTEMPATH\CodeIgniter.php(494): CodeIgniter\CodeIgniter->runController(Object(App\Controllers\InventoryController))
 6 SYSTEMPATH\CodeIgniter.php(353): CodeIgniter\CodeIgniter->handleRequest(null, Object(Config\Cache), false)
 7 FCPATH\index.php(79): CodeIgniter\CodeIgniter->run()
 8 SYSTEMPATH\Commands\Server\rewrite.php(47): require_once('C:\\laragon\\www\\CoffeeLedger\\public\\index.php')
CRITICAL - 2024-01-11 08:20:16 --> Invalid file: "/inventory/addhotcoffee.php"
in SYSTEMPATH\Exceptions\FrameworkException.php on line 39.
 1 SYSTEMPATH\View\View.php(214): CodeIgniter\Exceptions\FrameworkException::forInvalidFile('/inventory/addhotcoffee.php')
 2 SYSTEMPATH\Common.php(1188): CodeIgniter\View\View->render('/inventory/addhotcoffee', [], true)
 3 APPPATH\Controllers\InventoryController.php(18): view('/inventory/addhotcoffee')
 4 SYSTEMPATH\CodeIgniter.php(919): App\Controllers\InventoryController->product()
 5 SYSTEMPATH\CodeIgniter.php(494): CodeIgniter\CodeIgniter->runController(Object(App\Controllers\InventoryController))
 6 SYSTEMPATH\CodeIgniter.php(353): CodeIgniter\CodeIgniter->handleRequest(null, Object(Config\Cache), false)
 7 FCPATH\index.php(79): CodeIgniter\CodeIgniter->run()
 8 SYSTEMPATH\Commands\Server\rewrite.php(47): require_once('C:\\laragon\\www\\CoffeeLedger\\public\\index.php')
CRITICAL - 2024-01-11 08:47:10 --> Class "App\Models\HotCoffeeModel" not found
in APPPATH\Controllers\InventoryController.php on line 12.
 1 SYSTEMPATH\CodeIgniter.php(919): App\Controllers\InventoryController->gethotcoffee()
 2 SYSTEMPATH\CodeIgniter.php(494): CodeIgniter\CodeIgniter->runController(Object(App\Controllers\InventoryController))
 3 SYSTEMPATH\CodeIgniter.php(353): CodeIgniter\CodeIgniter->handleRequest(null, Object(Config\Cache), false)
 4 FCPATH\index.php(79): CodeIgniter\CodeIgniter->run()
 5 SYSTEMPATH\Commands\Server\rewrite.php(47): require_once('C:\\laragon\\www\\CoffeeLedger\\public\\index.php')
CRITICAL - 2024-01-11 08:47:45 --> Undefined array key "product_id"
in APPPATH\Views\inventory\hotcoffee.php on line 109.
 1 APPPATH\Views\inventory\hotcoffee.php(109): CodeIgniter\Debug\Exceptions->errorHandler(2, 'Undefined array key "product_id"', 'C:\\laragon\\www\\CoffeeLedger\\app\\Views\\inventory\\hotcoffee.php', 109)
 2 SYSTEMPATH\View\View.php(226): include('C:\\laragon\\www\\CoffeeLedger\\app\\Views\\inventory\\hotcoffee.php')
 3 SYSTEMPATH\View\View.php(229): CodeIgniter\View\View->CodeIgniter\View\{closure}()
 4 SYSTEMPATH\Common.php(1188): CodeIgniter\View\View->render('/inventory/hotcoffee', [], true)
 5 APPPATH\Controllers\InventoryController.php(14): view('/inventory/hotcoffee', [...])
 6 SYSTEMPATH\CodeIgniter.php(919): App\Controllers\InventoryController->gethotcoffee()
 7 SYSTEMPATH\CodeIgniter.php(494): CodeIgniter\CodeIgniter->runController(Object(App\Controllers\InventoryController))
 8 SYSTEMPATH\CodeIgniter.php(353): CodeIgniter\CodeIgniter->handleRequest(null, Object(Config\Cache), false)
 9 FCPATH\index.php(79): CodeIgniter\CodeIgniter->run()
10 SYSTEMPATH\Commands\Server\rewrite.php(47): require_once('C:\\laragon\\www\\CoffeeLedger\\public\\index.php')
CRITICAL - 2024-01-11 09:31:29 --> Undefined array key "product_id"
in APPPATH\Views\admin\edit_inventory.php on line 26.
 1 APPPATH\Views\admin\edit_inventory.php(26): CodeIgniter\Debug\Exceptions->errorHandler(2, 'Undefined array key "product_id"', 'C:\\laragon\\www\\CoffeeLedger\\app\\Views\\admin\\edit_inventory.php', 26)
 2 SYSTEMPATH\View\View.php(226): include('C:\\laragon\\www\\CoffeeLedger\\app\\Views\\admin\\edit_inventory.php')
 3 SYSTEMPATH\View\View.php(229): CodeIgniter\View\View->CodeIgniter\View\{closure}()
 4 SYSTEMPATH\Common.php(1188): CodeIgniter\View\View->render('/admin/edit_inventory', [], true)
 5 APPPATH\Controllers\InventoryController.php(49): view('/admin/edit_inventory', [...])
 6 SYSTEMPATH\CodeIgniter.php(919): App\Controllers\InventoryController->editinventory('12')
 7 SYSTEMPATH\CodeIgniter.php(494): CodeIgniter\CodeIgniter->runController(Object(App\Controllers\InventoryController))
 8 SYSTEMPATH\CodeIgniter.php(353): CodeIgniter\CodeIgniter->handleRequest(null, Object(Config\Cache), false)
 9 FCPATH\index.php(79): CodeIgniter\CodeIgniter->run()
10 SYSTEMPATH\Commands\Server\rewrite.php(47): require_once('C:\\laragon\\www\\CoffeeLedger\\public\\index.php')
CRITICAL - 2024-01-11 09:32:13 --> Undefined array key "price"
in APPPATH\Views\admin\edit_inventory.php on line 36.
 1 APPPATH\Views\admin\edit_inventory.php(36): CodeIgniter\Debug\Exceptions->errorHandler(2, 'Undefined array key "price"', 'C:\\laragon\\www\\CoffeeLedger\\app\\Views\\admin\\edit_inventory.php', 36)
 2 SYSTEMPATH\View\View.php(226): include('C:\\laragon\\www\\CoffeeLedger\\app\\Views\\admin\\edit_inventory.php')
 3 SYSTEMPATH\View\View.php(229): CodeIgniter\View\View->CodeIgniter\View\{closure}()
 4 SYSTEMPATH\Common.php(1188): CodeIgniter\View\View->render('/admin/edit_inventory', [], true)
 5 APPPATH\Controllers\InventoryController.php(49): view('/admin/edit_inventory', [...])
 6 SYSTEMPATH\CodeIgniter.php(919): App\Controllers\InventoryController->editinventory('12')
 7 SYSTEMPATH\CodeIgniter.php(494): CodeIgniter\CodeIgniter->runController(Object(App\Controllers\InventoryController))
 8 SYSTEMPATH\CodeIgniter.php(353): CodeIgniter\CodeIgniter->handleRequest(null, Object(Config\Cache), false)
 9 FCPATH\index.php(79): CodeIgniter\CodeIgniter->run()
10 SYSTEMPATH\Commands\Server\rewrite.php(47): require_once('C:\\laragon\\www\\CoffeeLedger\\public\\index.php')
CRITICAL - 2024-01-11 13:57:53 --> Undefined variable $prod
in APPPATH\Views\inventory\flavorcoffee.php on line 94.
 1 APPPATH\Views\inventory\flavorcoffee.php(94): CodeIgniter\Debug\Exceptions->errorHandler(2, 'Undefined variable $prod', 'C:\\laragon\\www\\CoffeeLedger\\app\\Views\\inventory\\flavorcoffee.php', 94)
 2 SYSTEMPATH\View\View.php(226): include('C:\\laragon\\www\\CoffeeLedger\\app\\Views\\inventory\\flavorcoffee.php')
 3 SYSTEMPATH\View\View.php(229): CodeIgniter\View\View->CodeIgniter\View\{closure}()
 4 SYSTEMPATH\Common.php(1188): CodeIgniter\View\View->render('/inventory/flavorcoffee', [], true)
 5 APPPATH\Controllers\InventoryController.php(116): view('/inventory/flavorcoffee', [...])
 6 SYSTEMPATH\CodeIgniter.php(919): App\Controllers\InventoryController->getflavoredcoffee()
 7 SYSTEMPATH\CodeIgniter.php(494): CodeIgniter\CodeIgniter->runController(Object(App\Controllers\InventoryController))
 8 SYSTEMPATH\CodeIgniter.php(353): CodeIgniter\CodeIgniter->handleRequest(null, Object(Config\Cache), false)
 9 FCPATH\index.php(79): CodeIgniter\CodeIgniter->run()
10 SYSTEMPATH\Commands\Server\rewrite.php(47): require_once('C:\\laragon\\www\\CoffeeLedger\\public\\index.php')
