CRITICAL - 2024-01-12 02:09:08 --> Invalid file: "/inventory/addcoffeefrappe.php"
in SYSTEMPATH\Exceptions\FrameworkException.php on line 39.
 1 SYSTEMPATH\View\View.php(214): CodeIgniter\Exceptions\FrameworkException::forInvalidFile('/inventory/addcoffeefrappe.php')
 2 SYSTEMPATH\Common.php(1188): CodeIgniter\View\View->render('/inventory/addcoffeefrappe', [], true)
 3 APPPATH\Controllers\InventoryController.php(219): view('/inventory/addcoffeefrappe')
 4 SYSTEMPATH\CodeIgniter.php(919): App\Controllers\InventoryController->coffeefrappe()
 5 SYSTEMPATH\CodeIgniter.php(494): CodeIgniter\CodeIgniter->runController(Object(App\Controllers\InventoryController))
 6 SYSTEMPATH\CodeIgniter.php(353): CodeIgniter\CodeIgniter->handleRequest(null, Object(Config\Cache), false)
 7 FCPATH\index.php(79): CodeIgniter\CodeIgniter->run()
 8 SYSTEMPATH\Commands\Server\rewrite.php(47): require_once('C:\\laragon\\www\\CoffeeLedger\\public\\index.php')
CRITICAL - 2024-01-12 02:37:06 --> Undefined array key "coffee_id"
in APPPATH\Views\inventory\meal.php on line 109.
 1 APPPATH\Views\inventory\meal.php(109): CodeIgniter\Debug\Exceptions->errorHandler(2, 'Undefined array key "coffee_id"', 'C:\\laragon\\www\\CoffeeLedger\\app\\Views\\inventory\\meal.php', 109)
 2 SYSTEMPATH\View\View.php(226): include('C:\\laragon\\www\\CoffeeLedger\\app\\Views\\inventory\\meal.php')
 3 SYSTEMPATH\View\View.php(229): CodeIgniter\View\View->CodeIgniter\View\{closure}()
 4 SYSTEMPATH\Common.php(1188): CodeIgniter\View\View->render('/inventory/meal', [], true)
 5 APPPATH\Controllers\InventoryController.php(269): view('/inventory/meal', [...])
 6 SYSTEMPATH\CodeIgniter.php(919): App\Controllers\InventoryController->getmeal()
 7 SYSTEMPATH\CodeIgniter.php(494): CodeIgniter\CodeIgniter->runController(Object(App\Controllers\InventoryController))
 8 SYSTEMPATH\CodeIgniter.php(353): CodeIgniter\CodeIgniter->handleRequest(null, Object(Config\Cache), false)
 9 FCPATH\index.php(79): CodeIgniter\CodeIgniter->run()
10 SYSTEMPATH\Commands\Server\rewrite.php(47): require_once('C:\\laragon\\www\\CoffeeLedger\\public\\index.php')
CRITICAL - 2024-01-12 02:49:23 --> Undefined array key "coffee_id"
in APPPATH\Views\inventory\editmeal.php on line 26.
 1 APPPATH\Views\inventory\editmeal.php(26): CodeIgniter\Debug\Exceptions->errorHandler(2, 'Undefined array key "coffee_id"', 'C:\\laragon\\www\\CoffeeLedger\\app\\Views\\inventory\\editmeal.php', 26)
 2 SYSTEMPATH\View\View.php(226): include('C:\\laragon\\www\\CoffeeLedger\\app\\Views\\inventory\\editmeal.php')
 3 SYSTEMPATH\View\View.php(229): CodeIgniter\View\View->CodeIgniter\View\{closure}()
 4 SYSTEMPATH\Common.php(1188): CodeIgniter\View\View->render('/inventory/editmeal', [], true)
 5 APPPATH\Controllers\InventoryController.php(291): view('/inventory/editmeal', [...])
 6 SYSTEMPATH\CodeIgniter.php(919): App\Controllers\InventoryController->editmeal('1')
 7 SYSTEMPATH\CodeIgniter.php(494): CodeIgniter\CodeIgniter->runController(Object(App\Controllers\InventoryController))
 8 SYSTEMPATH\CodeIgniter.php(353): CodeIgniter\CodeIgniter->handleRequest(null, Object(Config\Cache), false)
 9 FCPATH\index.php(79): CodeIgniter\CodeIgniter->run()
10 SYSTEMPATH\Commands\Server\rewrite.php(47): require_once('C:\\laragon\\www\\CoffeeLedger\\public\\index.php')
CRITICAL - 2024-01-12 03:30:04 --> Invalid file: "/inventory/addsalad.php"
in SYSTEMPATH\Exceptions\FrameworkException.php on line 39.
 1 SYSTEMPATH\View\View.php(214): CodeIgniter\Exceptions\FrameworkException::forInvalidFile('/inventory/addsalad.php')
 2 SYSTEMPATH\Common.php(1188): CodeIgniter\View\View->render('/inventory/addsalad', [], true)
 3 APPPATH\Controllers\InventoryController.php(414): view('/inventory/addsalad')
 4 SYSTEMPATH\CodeIgniter.php(919): App\Controllers\InventoryController->salad()
 5 SYSTEMPATH\CodeIgniter.php(494): CodeIgniter\CodeIgniter->runController(Object(App\Controllers\InventoryController))
 6 SYSTEMPATH\CodeIgniter.php(353): CodeIgniter\CodeIgniter->handleRequest(null, Object(Config\Cache), false)
 7 FCPATH\index.php(79): CodeIgniter\CodeIgniter->run()
 8 SYSTEMPATH\Commands\Server\rewrite.php(47): require_once('C:\\laragon\\www\\CoffeeLedger\\public\\index.php')
CRITICAL - 2024-01-12 03:30:09 --> Invalid file: "/inventory/editsalad.php"
in SYSTEMPATH\Exceptions\FrameworkException.php on line 39.
 1 SYSTEMPATH\View\View.php(214): CodeIgniter\Exceptions\FrameworkException::forInvalidFile('/inventory/editsalad.php')
 2 SYSTEMPATH\Common.php(1188): CodeIgniter\View\View->render('/inventory/editsalad', [], true)
 3 APPPATH\Controllers\InventoryController.php(432): view('/inventory/editsalad', [...])
 4 SYSTEMPATH\CodeIgniter.php(919): App\Controllers\InventoryController->editsalad('1')
 5 SYSTEMPATH\CodeIgniter.php(494): CodeIgniter\CodeIgniter->runController(Object(App\Controllers\InventoryController))
 6 SYSTEMPATH\CodeIgniter.php(353): CodeIgniter\CodeIgniter->handleRequest(null, Object(Config\Cache), false)
 7 FCPATH\index.php(79): CodeIgniter\CodeIgniter->run()
 8 SYSTEMPATH\Commands\Server\rewrite.php(47): require_once('C:\\laragon\\www\\CoffeeLedger\\public\\index.php')
CRITICAL - 2024-01-12 04:08:52 --> Invalid file: "/inventory/addother.php"
in SYSTEMPATH\Exceptions\FrameworkException.php on line 39.
 1 SYSTEMPATH\View\View.php(214): CodeIgniter\Exceptions\FrameworkException::forInvalidFile('/inventory/addother.php')
 2 SYSTEMPATH\Common.php(1188): CodeIgniter\View\View->render('/inventory/addother', [], true)
 3 APPPATH\Controllers\InventoryController.php(509): view('/inventory/addother')
 4 SYSTEMPATH\CodeIgniter.php(919): App\Controllers\InventoryController->other()
 5 SYSTEMPATH\CodeIgniter.php(494): CodeIgniter\CodeIgniter->runController(Object(App\Controllers\InventoryController))
 6 SYSTEMPATH\CodeIgniter.php(353): CodeIgniter\CodeIgniter->handleRequest(null, Object(Config\Cache), false)
 7 FCPATH\index.php(79): CodeIgniter\CodeIgniter->run()
 8 SYSTEMPATH\Commands\Server\rewrite.php(47): require_once('C:\\laragon\\www\\CoffeeLedger\\public\\index.php')
CRITICAL - 2024-01-12 06:01:56 --> Undefined variable $f
in APPPATH\Views\admin\manage_user.php on line 96.
 1 APPPATH\Views\admin\manage_user.php(96): CodeIgniter\Debug\Exceptions->errorHandler(2, 'Undefined variable $f', 'C:\\laragon\\www\\CoffeeLedger\\app\\Views\\admin\\manage_user.php', 96)
 2 SYSTEMPATH\View\View.php(226): include('C:\\laragon\\www\\CoffeeLedger\\app\\Views\\admin\\manage_user.php')
 3 SYSTEMPATH\View\View.php(229): CodeIgniter\View\View->CodeIgniter\View\{closure}()
 4 SYSTEMPATH\Common.php(1188): CodeIgniter\View\View->render('/admin/manage_user', [], true)
 5 APPPATH\Controllers\AdminController.php(55): view('/admin/manage_user', [...])
 6 SYSTEMPATH\CodeIgniter.php(919): App\Controllers\AdminController->getmanageuser()
 7 SYSTEMPATH\CodeIgniter.php(494): CodeIgniter\CodeIgniter->runController(Object(App\Controllers\AdminController))
 8 SYSTEMPATH\CodeIgniter.php(353): CodeIgniter\CodeIgniter->handleRequest(null, Object(Config\Cache), false)
 9 FCPATH\index.php(79): CodeIgniter\CodeIgniter->run()
10 SYSTEMPATH\Commands\Server\rewrite.php(47): require_once('C:\\laragon\\www\\CoffeeLedger\\public\\index.php')
CRITICAL - 2024-01-12 06:09:22 --> Undefined array key "id"
in APPPATH\Views\admin\edituser.php on line 26.
 1 APPPATH\Views\admin\edituser.php(26): CodeIgniter\Debug\Exceptions->errorHandler(2, 'Undefined array key "id"', 'C:\\laragon\\www\\CoffeeLedger\\app\\Views\\admin\\edituser.php', 26)
 2 SYSTEMPATH\View\View.php(226): include('C:\\laragon\\www\\CoffeeLedger\\app\\Views\\admin\\edituser.php')
 3 SYSTEMPATH\View\View.php(229): CodeIgniter\View\View->CodeIgniter\View\{closure}()
 4 SYSTEMPATH\Common.php(1188): CodeIgniter\View\View->render('/admin/edituser', [], true)
 5 APPPATH\Controllers\AdminController.php(79): view('/admin/edituser', [...])
 6 SYSTEMPATH\CodeIgniter.php(919): App\Controllers\AdminController->edituser('3')
 7 SYSTEMPATH\CodeIgniter.php(494): CodeIgniter\CodeIgniter->runController(Object(App\Controllers\AdminController))
 8 SYSTEMPATH\CodeIgniter.php(353): CodeIgniter\CodeIgniter->handleRequest(null, Object(Config\Cache), false)
 9 FCPATH\index.php(79): CodeIgniter\CodeIgniter->run()
10 SYSTEMPATH\Commands\Server\rewrite.php(47): require_once('C:\\laragon\\www\\CoffeeLedger\\public\\index.php')
